2024-02-01 21:47:28,797 - INFO - V================(NEW ENTRY)================V
2024-02-01 21:47:29,117 - INFO - Loaded 14 files from Data/ScaledData...
2024-02-01 21:47:29,117 - INFO - Processed 14 files.
2024-02-01 21:47:29,117 - INFO - 100% of files processed successfully.
2024-02-01 21:47:29,122 - INFO - Shape of the combined dataframe: (96893, 46)
2024-02-01 21:47:29,155 - INFO - Starting model training
2024-02-01 21:47:29,155 - ERROR - Error in train_random_forest: The 'max_features' parameter of RandomForestRegressor must be an int in the range [1, inf), a float in the range (0.0, 1.0], a str among {'sqrt', 'log2'} or None. Got 'auto' instead.
2024-02-01 21:47:29,155 - ERROR - Model training failed
2024-02-01 21:48:18,333 - INFO - V================(NEW ENTRY)================V
2024-02-01 21:48:18,659 - INFO - Loaded 14 files from Data/ScaledData...
2024-02-01 21:48:18,659 - INFO - Processed 14 files.
2024-02-01 21:48:18,659 - INFO - 100% of files processed successfully.
2024-02-01 21:48:18,664 - INFO - Shape of the combined dataframe: (96893, 46)
2024-02-01 21:48:18,697 - INFO - Starting model training
2024-02-01 21:48:40,816 - INFO - Model training completed in 22.12 seconds
2024-02-01 21:48:40,817 - INFO - Model trained successfully
2024-02-01 21:48:40,840 - INFO - Enhancing dataset with predictions
2024-02-01 21:48:40,894 - INFO - Dataset enhancement completed
2024-02-01 21:48:42,140 - INFO - Enhanced dataset saved to Data/ModelData/EnhancedDataset.csv
2024-02-01 23:29:33,845 - INFO - V================(NEW ENTRY)================V
2024-02-01 23:29:34,164 - INFO - Loaded 14 files from Data/ScaledData...
2024-02-01 23:29:34,164 - INFO - Processed 14 files.
2024-02-01 23:29:34,164 - INFO - 100% of files processed successfully.
2024-02-01 23:29:34,170 - INFO - Shape of the combined dataframe: (96893, 46)
2024-02-01 23:29:34,202 - INFO - Starting model training
2024-02-01 23:29:55,714 - INFO - Model training completed in 21.51 seconds
2024-02-01 23:29:55,715 - INFO - Model trained successfully
2024-02-01 23:29:55,738 - INFO - Enhancing dataset with predictions
2024-02-01 23:29:55,793 - INFO - Dataset enhancement completed
2024-02-01 23:29:57,038 - INFO - Enhanced dataset saved to Data/ModelData/EnhancedDataset.csv
2024-02-01 23:29:57,200 - INFO - Predictions added and saved for file: AAPL_modified.csv
2024-02-01 23:29:57,331 - INFO - Predictions added and saved for file: ABBNY_modified.csv
2024-02-01 23:29:57,395 - INFO - Predictions added and saved for file: ABBV_modified.csv
2024-02-01 23:29:57,430 - INFO - Predictions added and saved for file: ABNB_modified.csv
2024-02-01 23:29:57,591 - INFO - Predictions added and saved for file: ABT_modified.csv
2024-02-01 23:29:57,722 - INFO - Predictions added and saved for file: ACN_modified.csv
2024-02-01 23:29:57,872 - INFO - Predictions added and saved for file: ADBE_modified.csv
2024-02-01 23:29:58,030 - INFO - Predictions added and saved for file: ADI_modified.csv
2024-02-01 23:29:58,185 - INFO - Predictions added and saved for file: ADP_modified.csv
2024-02-01 23:29:58,362 - INFO - Predictions added and saved for file: AMAT_modified.csv
2024-02-01 23:29:58,515 - INFO - Predictions added and saved for file: AMD_modified.csv
2024-02-01 23:29:58,665 - INFO - Predictions added and saved for file: AMGN_modified.csv
2024-02-01 23:29:58,797 - INFO - Predictions added and saved for file: AMT_modified.csv
2024-02-01 23:29:58,935 - INFO - Predictions added and saved for file: AMZN_modified.csv
