2024-02-06 19:29:34,564 - INFO - Processing file: Data/LSTMpredictedData/AMZN_modified.csv
2024-02-06 19:29:34,767 - INFO - File processed and saved: Data/LSTMpredictedData/AMZN_modified.csv
2024-02-06 19:29:34,767 - INFO - Processing file: Data/LSTMpredictedData/ABBNY_modified.csv
2024-02-06 19:29:34,928 - INFO - File processed and saved: Data/LSTMpredictedData/ABBNY_modified.csv
2024-02-06 19:29:34,928 - INFO - Processing file: Data/LSTMpredictedData/AMT_modified.csv
2024-02-06 19:29:35,165 - INFO - File processed and saved: Data/LSTMpredictedData/AMT_modified.csv
2024-02-06 19:29:35,165 - INFO - Processing file: Data/LSTMpredictedData/ADI_modified.csv
2024-02-06 19:29:35,468 - INFO - File processed and saved: Data/LSTMpredictedData/ADI_modified.csv
2024-02-06 19:29:35,469 - INFO - Processing file: Data/LSTMpredictedData/ABT_modified.csv
2024-02-06 19:29:35,711 - INFO - File processed and saved: Data/LSTMpredictedData/ABT_modified.csv
2024-02-06 19:29:35,711 - INFO - Processing file: Data/LSTMpredictedData/ABBV_modified.csv
2024-02-06 19:29:35,822 - INFO - File processed and saved: Data/LSTMpredictedData/ABBV_modified.csv
2024-02-06 19:29:35,822 - INFO - Processing file: Data/LSTMpredictedData/ABNB_modified.csv
2024-02-06 19:29:35,847 - INFO - File processed and saved: Data/LSTMpredictedData/ABNB_modified.csv
2024-02-06 19:29:35,847 - INFO - Processing file: Data/LSTMpredictedData/AAPL_modified.csv
2024-02-06 19:29:36,089 - INFO - File processed and saved: Data/LSTMpredictedData/AAPL_modified.csv
2024-02-06 19:29:36,089 - INFO - Processing file: Data/LSTMpredictedData/AMAT_modified.csv
2024-02-06 19:29:36,363 - INFO - File processed and saved: Data/LSTMpredictedData/AMAT_modified.csv
2024-02-06 19:29:36,363 - INFO - Processing file: Data/LSTMpredictedData/ACN_modified.csv
2024-02-06 19:29:36,525 - INFO - File processed and saved: Data/LSTMpredictedData/ACN_modified.csv
2024-02-06 19:29:36,525 - INFO - Processing file: Data/LSTMpredictedData/AMGN_modified.csv
2024-02-06 19:29:36,805 - INFO - File processed and saved: Data/LSTMpredictedData/AMGN_modified.csv
2024-02-06 19:29:36,805 - INFO - Processing file: Data/LSTMpredictedData/ADP_modified.csv
2024-02-06 19:29:37,108 - INFO - File processed and saved: Data/LSTMpredictedData/ADP_modified.csv
2024-02-06 19:29:37,108 - INFO - Processing file: Data/LSTMpredictedData/ADBE_modified.csv
2024-02-06 19:29:37,484 - INFO - File processed and saved: Data/LSTMpredictedData/ADBE_modified.csv
2024-02-06 19:29:37,484 - WARNING - Skipped non-CSV file: Data/LSTMpredictedData/LSTMTrainingErrors.log
2024-02-06 19:29:37,484 - INFO - Processing file: Data/LSTMpredictedData/AMD_modified.csv
2024-02-06 19:29:37,745 - INFO - File processed and saved: Data/LSTMpredictedData/AMD_modified.csv
2024-02-06 19:36:09,248 - INFO - Processing file: Data/LSTMpredictedData/AMZN_modified.csv
2024-02-06 19:36:09,248 - ERROR - Error processing file Data/LSTMpredictedData/AMZN_modified.csv: local variable 'File_processed' referenced before assignment
2024-02-06 19:36:37,814 - INFO - Processing file: Data/LSTMpredictedData/AMZN_modified.csv
2024-02-06 19:36:38,061 - INFO - File processed and saved: Data/LSTMpredictedData/AMZN_modified.csv
2024-02-06 19:36:38,062 - INFO - Processing file: Data/LSTMpredictedData/ABBNY_modified.csv
2024-02-06 19:36:38,316 - INFO - File processed and saved: Data/LSTMpredictedData/ABBNY_modified.csv
2024-02-06 19:36:38,316 - INFO - Processing file: Data/LSTMpredictedData/AMT_modified.csv
2024-02-06 19:36:38,495 - INFO - File processed and saved: Data/LSTMpredictedData/AMT_modified.csv
2024-02-06 19:36:38,496 - INFO - Processing file: Data/LSTMpredictedData/ADI_modified.csv
2024-02-06 19:36:38,758 - INFO - File processed and saved: Data/LSTMpredictedData/ADI_modified.csv
2024-02-06 19:36:38,758 - INFO - Processing file: Data/LSTMpredictedData/ABT_modified.csv
2024-02-06 19:36:39,000 - INFO - File processed and saved: Data/LSTMpredictedData/ABT_modified.csv
2024-02-06 19:36:39,000 - INFO - Processing file: Data/LSTMpredictedData/ABBV_modified.csv
2024-02-06 19:36:39,081 - INFO - File processed and saved: Data/LSTMpredictedData/ABBV_modified.csv
2024-02-06 19:36:39,082 - INFO - Processing file: Data/LSTMpredictedData/ABNB_modified.csv
2024-02-06 19:36:39,106 - INFO - File processed and saved: Data/LSTMpredictedData/ABNB_modified.csv
2024-02-06 19:36:39,106 - INFO - Processing file: Data/LSTMpredictedData/AAPL_modified.csv
2024-02-06 19:36:39,343 - INFO - File processed and saved: Data/LSTMpredictedData/AAPL_modified.csv
2024-02-06 19:36:39,343 - INFO - Processing file: Data/LSTMpredictedData/AMAT_modified.csv
2024-02-06 19:36:39,603 - INFO - File processed and saved: Data/LSTMpredictedData/AMAT_modified.csv
2024-02-06 19:36:39,603 - INFO - Processing file: Data/LSTMpredictedData/ACN_modified.csv
2024-02-06 19:36:39,861 - INFO - File processed and saved: Data/LSTMpredictedData/ACN_modified.csv
2024-02-06 19:36:39,862 - INFO - Processing file: Data/LSTMpredictedData/AMGN_modified.csv
2024-02-06 19:36:40,192 - INFO - File processed and saved: Data/LSTMpredictedData/AMGN_modified.csv
2024-02-06 19:36:40,192 - INFO - Processing file: Data/LSTMpredictedData/ADP_modified.csv
2024-02-06 19:36:40,434 - INFO - File processed and saved: Data/LSTMpredictedData/ADP_modified.csv
2024-02-06 19:36:40,434 - INFO - Processing file: Data/LSTMpredictedData/ADBE_modified.csv
2024-02-06 19:36:40,679 - INFO - File processed and saved: Data/LSTMpredictedData/ADBE_modified.csv
2024-02-06 19:36:40,679 - WARNING - Skipped non-CSV file: Data/LSTMpredictedData/LSTMTrainingErrors.log
2024-02-06 19:36:40,679 - INFO - Processing file: Data/LSTMpredictedData/AMD_modified.csv
2024-02-06 19:36:40,918 - INFO - File processed and saved: Data/LSTMpredictedData/AMD_modified.csv
2024-02-06 19:40:44,465 - INFO - Processing file: Data/LSTMpredictedData/AMZN_modified.csv
2024-02-06 19:40:44,777 - INFO - File processed and saved: Data/LSTMpredictedData/AMZN_modified.csv
2024-02-06 19:40:44,777 - INFO - Processing file: Data/LSTMpredictedData/ABBNY_modified.csv
2024-02-06 19:40:44,949 - INFO - File processed and saved: Data/LSTMpredictedData/ABBNY_modified.csv
2024-02-06 19:40:44,949 - INFO - Processing file: Data/LSTMpredictedData/AMT_modified.csv
2024-02-06 19:40:45,134 - INFO - File processed and saved: Data/LSTMpredictedData/AMT_modified.csv
2024-02-06 19:40:45,134 - INFO - Processing file: Data/LSTMpredictedData/ADI_modified.csv
2024-02-06 19:40:45,375 - INFO - File processed and saved: Data/LSTMpredictedData/ADI_modified.csv
2024-02-06 19:40:45,376 - INFO - Processing file: Data/LSTMpredictedData/ABT_modified.csv
2024-02-06 19:40:45,614 - INFO - File processed and saved: Data/LSTMpredictedData/ABT_modified.csv
2024-02-06 19:40:45,614 - INFO - Processing file: Data/LSTMpredictedData/ABBV_modified.csv
2024-02-06 19:40:45,696 - INFO - File processed and saved: Data/LSTMpredictedData/ABBV_modified.csv
2024-02-06 19:40:45,696 - INFO - Processing file: Data/LSTMpredictedData/ABNB_modified.csv
2024-02-06 19:40:45,721 - INFO - File processed and saved: Data/LSTMpredictedData/ABNB_modified.csv
2024-02-06 19:40:45,721 - INFO - Processing file: Data/LSTMpredictedData/AAPL_modified.csv
2024-02-06 19:40:46,072 - INFO - File processed and saved: Data/LSTMpredictedData/AAPL_modified.csv
2024-02-06 19:40:46,073 - INFO - Processing file: Data/LSTMpredictedData/AMAT_modified.csv
2024-02-06 19:40:46,313 - INFO - File processed and saved: Data/LSTMpredictedData/AMAT_modified.csv
2024-02-06 19:40:46,313 - INFO - Processing file: Data/LSTMpredictedData/ACN_modified.csv
2024-02-06 19:40:46,469 - INFO - File processed and saved: Data/LSTMpredictedData/ACN_modified.csv
2024-02-06 19:40:46,469 - INFO - Processing file: Data/LSTMpredictedData/AMGN_modified.csv
2024-02-06 19:40:46,704 - INFO - File processed and saved: Data/LSTMpredictedData/AMGN_modified.csv
2024-02-06 19:40:46,704 - INFO - Processing file: Data/LSTMpredictedData/ADP_modified.csv
2024-02-06 19:40:47,008 - INFO - File processed and saved: Data/LSTMpredictedData/ADP_modified.csv
2024-02-06 19:40:47,008 - INFO - Processing file: Data/LSTMpredictedData/ADBE_modified.csv
2024-02-06 19:40:47,270 - INFO - File processed and saved: Data/LSTMpredictedData/ADBE_modified.csv
2024-02-06 19:40:47,270 - WARNING - Skipped non-CSV file: Data/LSTMpredictedData/LSTMTrainingErrors.log
2024-02-06 19:40:47,271 - INFO - Processing file: Data/LSTMpredictedData/AMD_modified.csv
2024-02-06 19:40:47,516 - INFO - File processed and saved: Data/LSTMpredictedData/AMD_modified.csv
2024-02-06 19:41:12,300 - INFO - Processing file: Data/LSTMpredictedData/AMZN_modified.csv
2024-02-06 19:41:12,559 - INFO - File processed and saved: Data/LSTMpredictedData/AMZN_modified.csv
2024-02-06 19:41:12,559 - INFO - Percentage of files processed: 6.67%
2024-02-06 19:41:12,559 - INFO - Processing file: Data/LSTMpredictedData/ABBNY_modified.csv
2024-02-06 19:41:12,725 - INFO - File processed and saved: Data/LSTMpredictedData/ABBNY_modified.csv
2024-02-06 19:41:12,725 - INFO - Percentage of files processed: 13.33%
2024-02-06 19:41:12,725 - INFO - Processing file: Data/LSTMpredictedData/AMT_modified.csv
2024-02-06 19:41:13,006 - INFO - File processed and saved: Data/LSTMpredictedData/AMT_modified.csv
2024-02-06 19:41:13,007 - INFO - Percentage of files processed: 20.0%
2024-02-06 19:41:13,007 - INFO - Processing file: Data/LSTMpredictedData/ADI_modified.csv
2024-02-06 19:41:13,317 - INFO - File processed and saved: Data/LSTMpredictedData/ADI_modified.csv
2024-02-06 19:41:13,317 - INFO - Percentage of files processed: 26.67%
2024-02-06 19:41:13,317 - INFO - Processing file: Data/LSTMpredictedData/ABT_modified.csv
2024-02-06 19:41:13,624 - INFO - File processed and saved: Data/LSTMpredictedData/ABT_modified.csv
2024-02-06 19:41:13,624 - INFO - Percentage of files processed: 33.33%
2024-02-06 19:41:13,625 - INFO - Processing file: Data/LSTMpredictedData/ABBV_modified.csv
2024-02-06 19:41:13,706 - INFO - File processed and saved: Data/LSTMpredictedData/ABBV_modified.csv
2024-02-06 19:41:13,707 - INFO - Percentage of files processed: 40.0%
2024-02-06 19:41:13,707 - INFO - Processing file: Data/LSTMpredictedData/ABNB_modified.csv
2024-02-06 19:41:13,732 - INFO - File processed and saved: Data/LSTMpredictedData/ABNB_modified.csv
2024-02-06 19:41:13,732 - INFO - Percentage of files processed: 46.67%
2024-02-06 19:41:13,732 - INFO - Processing file: Data/LSTMpredictedData/AAPL_modified.csv
2024-02-06 19:41:13,970 - INFO - File processed and saved: Data/LSTMpredictedData/AAPL_modified.csv
2024-02-06 19:41:13,971 - INFO - Percentage of files processed: 53.33%
2024-02-06 19:41:13,971 - INFO - Processing file: Data/LSTMpredictedData/AMAT_modified.csv
2024-02-06 19:41:14,238 - INFO - File processed and saved: Data/LSTMpredictedData/AMAT_modified.csv
2024-02-06 19:41:14,238 - INFO - Percentage of files processed: 60.0%
2024-02-06 19:41:14,238 - INFO - Processing file: Data/LSTMpredictedData/ACN_modified.csv
2024-02-06 19:41:14,401 - INFO - File processed and saved: Data/LSTMpredictedData/ACN_modified.csv
2024-02-06 19:41:14,401 - INFO - Percentage of files processed: 66.67%
2024-02-06 19:41:14,402 - INFO - Processing file: Data/LSTMpredictedData/AMGN_modified.csv
2024-02-06 19:41:14,653 - INFO - File processed and saved: Data/LSTMpredictedData/AMGN_modified.csv
2024-02-06 19:41:14,653 - INFO - Percentage of files processed: 73.33%
2024-02-06 19:41:14,653 - INFO - Processing file: Data/LSTMpredictedData/ADP_modified.csv
2024-02-06 19:41:14,888 - INFO - File processed and saved: Data/LSTMpredictedData/ADP_modified.csv
2024-02-06 19:41:14,888 - INFO - Percentage of files processed: 80.0%
2024-02-06 19:41:14,888 - INFO - Processing file: Data/LSTMpredictedData/ADBE_modified.csv
2024-02-06 19:41:15,124 - INFO - File processed and saved: Data/LSTMpredictedData/ADBE_modified.csv
2024-02-06 19:41:15,125 - INFO - Percentage of files processed: 86.67%
2024-02-06 19:41:15,125 - WARNING - Skipped non-CSV file: Data/LSTMpredictedData/LSTMTrainingErrors.log
2024-02-06 19:41:15,125 - INFO - Percentage of files processed: 86.67%
2024-02-06 19:41:15,125 - INFO - Processing file: Data/LSTMpredictedData/AMD_modified.csv
2024-02-06 19:41:15,370 - INFO - File processed and saved: Data/LSTMpredictedData/AMD_modified.csv
2024-02-06 19:41:15,370 - INFO - Percentage of files processed: 93.33%
