2024-05-12 20:32:04 - ====================== New Entry ===================
2024-05-12 20:32:04 - Max Drawdown: 5.53%
2024-05-12 20:32:04 - Total Trades: 124
2024-05-12 20:32:04 - Profitable Trades: 48
2024-05-12 20:32:04 - Sharpe Ratio: 4.69
2024-05-12 20:32:04 - SQN: 2.33
2024-05-12 20:32:04 - Profit Factor: -3.70
2024-05-12 20:32:04 - Average Trade: 34.10
2024-05-12 20:32:04 - Average Winning Trade: 120.72
2024-05-12 20:32:04 - Average Losing Trade: -20.60
2024-05-12 20:32:04 - Largest Winning Trade: 1473.78
2024-05-12 20:32:04 - Largest Losing Trade: -104.67
2024-05-12 20:32:04 - Time taken: 7.12 seconds
2024-05-12 20:32:04 - Inital Portfolio funding: $5000.00
2024-05-12 20:32:04 - Final Portfolio Value: $9342.88
2024-05-12 20:32:04 - Percentage Gain: 86.86%
2024-05-12 20:32:04 - Cash: $5303.67
2024-05-12 20:37:01 - ====================== New Entry ===================
2024-05-12 20:37:01 - Max Drawdown: 10.39%
2024-05-12 20:37:01 - Total Trades: 155
2024-05-12 20:37:01 - Profitable Trades: 46
2024-05-12 20:37:01 - Sharpe Ratio: 0.19
2024-05-12 20:37:01 - SQN: 1.14
2024-05-12 20:37:01 - Profit Factor: -1.33
2024-05-12 20:37:01 - Average Trade: 4.15
2024-05-12 20:37:01 - Average Winning Trade: 56.17
2024-05-12 20:37:01 - Average Losing Trade: -17.80
2024-05-12 20:37:01 - Largest Winning Trade: 223.03
2024-05-12 20:37:01 - Largest Losing Trade: -86.70
2024-05-12 20:37:01 - Time taken: 6.78 seconds
2024-05-12 20:37:01 - Inital Portfolio funding: $5000.00
2024-05-12 20:37:01 - Final Portfolio Value: $5643.83
2024-05-12 20:37:01 - Percentage Gain: 12.88%
2024-05-12 20:37:01 - Cash: $5643.83
2024-05-12 20:43:13 - ====================== New Entry ===================
2024-05-12 20:43:13 - Max Drawdown: 10.90%
2024-05-12 20:43:13 - Total Trades: 164
2024-05-12 20:43:13 - Profitable Trades: 50
2024-05-12 20:43:13 - Sharpe Ratio: 1.09
2024-05-12 20:43:13 - SQN: 1.58
2024-05-12 20:43:13 - Profit Factor: -2.96
2024-05-12 20:43:13 - Average Trade: 33.54
2024-05-12 20:43:13 - Average Winning Trade: 165.99
2024-05-12 20:43:13 - Average Losing Trade: -24.56
2024-05-12 20:43:13 - Largest Winning Trade: 3279.12
2024-05-12 20:43:13 - Largest Losing Trade: -216.23
2024-05-12 20:43:13 - Time taken: 8.40 seconds
2024-05-12 20:43:13 - Inital Portfolio funding: $5000.00
2024-05-12 20:43:13 - Final Portfolio Value: $10504.80
2024-05-12 20:43:13 - Percentage Gain: 110.10%
2024-05-12 20:43:13 - Cash: $9048.80
2024-05-12 20:44:09 - ====================== New Entry ===================
2024-05-12 20:44:09 - Max Drawdown: 8.41%
2024-05-12 20:44:09 - Total Trades: 166
2024-05-12 20:44:09 - Profitable Trades: 56
2024-05-12 20:44:09 - Sharpe Ratio: 1.77
2024-05-12 20:44:09 - SQN: 1.95
2024-05-12 20:44:09 - Profit Factor: -3.38
2024-05-12 20:44:09 - Average Trade: 46.93
2024-05-12 20:44:09 - Average Winning Trade: 197.48
2024-05-12 20:44:09 - Average Losing Trade: -29.71
2024-05-12 20:44:09 - Largest Winning Trade: 3579.98
2024-05-12 20:44:09 - Largest Losing Trade: -236.15
2024-05-12 20:44:09 - Time taken: 6.81 seconds
2024-05-12 20:44:09 - Inital Portfolio funding: $5000.00
2024-05-12 20:44:09 - Final Portfolio Value: $13186.65
2024-05-12 20:44:09 - Percentage Gain: 163.73%
2024-05-12 20:44:09 - Cash: $11007.87
2024-05-12 20:45:37 - ====================== New Entry ===================
2024-05-12 20:45:37 - Max Drawdown: 12.38%
2024-05-12 20:45:37 - Total Trades: 139
2024-05-12 20:45:37 - Profitable Trades: 61
2024-05-12 20:45:37 - Sharpe Ratio: 1.88
2024-05-12 20:45:37 - SQN: 2.52
2024-05-12 20:45:37 - Profit Factor: -3.14
2024-05-12 20:45:37 - Average Trade: 24.33
2024-05-12 20:45:37 - Average Winning Trade: 81.38
2024-05-12 20:45:37 - Average Losing Trade: -20.29
2024-05-12 20:45:37 - Largest Winning Trade: 1089.00
2024-05-12 20:45:37 - Largest Losing Trade: -82.80
2024-05-12 20:45:37 - Time taken: 6.91 seconds
2024-05-12 20:45:37 - Inital Portfolio funding: $5000.00
2024-05-12 20:45:37 - Final Portfolio Value: $8381.69
2024-05-12 20:45:37 - Percentage Gain: 67.63%
2024-05-12 20:45:37 - Cash: $8381.69
2024-05-12 20:46:18 - ====================== New Entry ===================
2024-05-12 20:46:18 - Max Drawdown: 7.42%
2024-05-12 20:46:18 - Total Trades: 129
2024-05-12 20:46:18 - Profitable Trades: 51
2024-05-12 20:46:18 - Sharpe Ratio: 0.70
2024-05-12 20:46:18 - SQN: 2.52
2024-05-12 20:46:18 - Profit Factor: -2.05
2024-05-12 20:46:18 - Average Trade: 14.18
2024-05-12 20:46:18 - Average Winning Trade: 69.99
2024-05-12 20:46:18 - Average Losing Trade: -22.32
2024-05-12 20:46:18 - Largest Winning Trade: 406.85
2024-05-12 20:46:18 - Largest Losing Trade: -90.03
2024-05-12 20:46:18 - Time taken: 6.68 seconds
2024-05-12 20:46:18 - Inital Portfolio funding: $5000.00
2024-05-12 20:46:18 - Final Portfolio Value: $6869.74
2024-05-12 20:46:18 - Percentage Gain: 37.39%
2024-05-12 20:46:18 - Cash: $3675.02
2024-05-12 20:46:56 - ====================== New Entry ===================
2024-05-12 20:46:56 - Max Drawdown: 7.28%
2024-05-12 20:46:56 - Total Trades: 86
2024-05-12 20:46:56 - Profitable Trades: 52
2024-05-12 20:46:56 - Sharpe Ratio: 0.81
2024-05-12 20:46:56 - SQN: 2.51
2024-05-12 20:46:56 - Profit Factor: -2.33
2024-05-12 20:46:56 - Average Trade: 25.34
2024-05-12 20:46:56 - Average Winning Trade: 73.49
2024-05-12 20:46:56 - Average Losing Trade: -48.31
2024-05-12 20:46:56 - Largest Winning Trade: 422.82
2024-05-12 20:46:56 - Largest Losing Trade: -115.54
2024-05-12 20:46:56 - Time taken: 6.36 seconds
2024-05-12 20:46:56 - Inital Portfolio funding: $5000.00
2024-05-12 20:46:56 - Final Portfolio Value: $7179.17
2024-05-12 20:46:56 - Percentage Gain: 43.58%
2024-05-12 20:46:56 - Cash: $7179.17
2024-05-12 20:47:05 - ====================== New Entry ===================
2024-05-12 20:47:05 - Max Drawdown: 12.84%
2024-05-12 20:47:05 - Total Trades: 93
2024-05-12 20:47:05 - Profitable Trades: 48
2024-05-12 20:47:05 - Sharpe Ratio: 4.47
2024-05-12 20:47:05 - SQN: 2.37
2024-05-12 20:47:05 - Profit Factor: -2.23
2024-05-12 20:47:05 - Average Trade: 27.15
2024-05-12 20:47:05 - Average Winning Trade: 95.23
2024-05-12 20:47:05 - Average Losing Trade: -45.48
2024-05-12 20:47:05 - Largest Winning Trade: 699.72
2024-05-12 20:47:05 - Largest Losing Trade: -109.21
2024-05-12 20:47:05 - Time taken: 6.25 seconds
2024-05-12 20:47:05 - Inital Portfolio funding: $5000.00
2024-05-12 20:47:05 - Final Portfolio Value: $7605.96
2024-05-12 20:47:05 - Percentage Gain: 52.12%
2024-05-12 20:47:05 - Cash: $6407.46
2024-05-12 20:47:14 - ====================== New Entry ===================
2024-05-12 20:47:14 - Max Drawdown: 10.12%
2024-05-12 20:47:14 - Total Trades: 90
2024-05-12 20:47:14 - Profitable Trades: 54
2024-05-12 20:47:14 - Sharpe Ratio: 1.96
2024-05-12 20:47:14 - SQN: 2.45
2024-05-12 20:47:14 - Profit Factor: -2.01
2024-05-12 20:47:14 - Average Trade: 21.45
2024-05-12 20:47:14 - Average Winning Trade: 71.10
2024-05-12 20:47:14 - Average Losing Trade: -53.02
2024-05-12 20:47:14 - Largest Winning Trade: 261.80
2024-05-12 20:47:14 - Largest Losing Trade: -234.36
2024-05-12 20:47:14 - Time taken: 6.33 seconds
2024-05-12 20:47:14 - Inital Portfolio funding: $5000.00
2024-05-12 20:47:14 - Final Portfolio Value: $7019.48
2024-05-12 20:47:14 - Percentage Gain: 40.39%
2024-05-12 20:47:14 - Cash: $5914.25
2024-05-12 20:47:24 - ====================== New Entry ===================
2024-05-12 20:47:24 - Max Drawdown: 14.97%
2024-05-12 20:47:24 - Total Trades: 89
2024-05-12 20:47:24 - Profitable Trades: 47
2024-05-12 20:47:24 - Sharpe Ratio: 2.11
2024-05-12 20:47:24 - SQN: 1.83
2024-05-12 20:47:24 - Profit Factor: -1.66
2024-05-12 20:47:24 - Average Trade: 11.80
2024-05-12 20:47:24 - Average Winning Trade: 56.44
2024-05-12 20:47:24 - Average Losing Trade: -38.15
2024-05-12 20:47:24 - Largest Winning Trade: 216.15
2024-05-12 20:47:24 - Largest Losing Trade: -91.80
2024-05-12 20:47:24 - Time taken: 6.43 seconds
2024-05-12 20:47:24 - Inital Portfolio funding: $5000.00
2024-05-12 20:47:24 - Final Portfolio Value: $6050.95
2024-05-12 20:47:24 - Percentage Gain: 21.02%
2024-05-12 20:47:24 - Cash: $5151.31
2024-05-12 20:48:07 - ====================== New Entry ===================
2024-05-12 20:48:07 - Max Drawdown: 6.59%
2024-05-12 20:48:07 - Total Trades: 98
2024-05-12 20:48:07 - Profitable Trades: 57
2024-05-12 20:48:07 - Sharpe Ratio: 1.92
2024-05-12 20:48:07 - SQN: 2.93
2024-05-12 20:48:07 - Profit Factor: -2.28
2024-05-12 20:48:07 - Average Trade: 21.86
2024-05-12 20:48:07 - Average Winning Trade: 66.87
2024-05-12 20:48:07 - Average Losing Trade: -40.71
2024-05-12 20:48:07 - Largest Winning Trade: 260.67
2024-05-12 20:48:07 - Largest Losing Trade: -127.45
2024-05-12 20:48:07 - Time taken: 20.83 seconds
2024-05-12 20:48:07 - Inital Portfolio funding: $5000.00
2024-05-12 20:48:07 - Final Portfolio Value: $7142.54
2024-05-12 20:48:07 - Percentage Gain: 42.85%
2024-05-12 20:48:07 - Cash: $7142.54
2024-05-12 20:57:14 - ====================== New Entry ===================
2024-05-12 20:57:14 - Max Drawdown: 5.77%
2024-05-12 20:57:14 - Total Trades: 151
2024-05-12 20:57:14 - Profitable Trades: 56
2024-05-12 20:57:14 - Sharpe Ratio: 3.44
2024-05-12 20:57:14 - SQN: 2.18
2024-05-12 20:57:14 - Profit Factor: -2.18
2024-05-12 20:57:14 - Average Trade: 14.63
2024-05-12 20:57:14 - Average Winning Trade: 72.81
2024-05-12 20:57:14 - Average Losing Trade: -19.67
2024-05-12 20:57:14 - Largest Winning Trade: 679.71
2024-05-12 20:57:14 - Largest Losing Trade: -88.32
2024-05-12 20:57:14 - Time taken: 20.75 seconds
2024-05-12 20:57:14 - Inital Portfolio funding: $5000.00
2024-05-12 20:57:14 - Final Portfolio Value: $7352.94
2024-05-12 20:57:14 - Percentage Gain: 47.06%
2024-05-12 20:57:14 - Cash: $6128.42
2024-05-12 21:00:34 - ====================== New Entry ===================
2024-05-12 21:00:34 - Max Drawdown: 14.18%
2024-05-12 21:00:34 - Total Trades: 163
2024-05-12 21:00:34 - Profitable Trades: 63
2024-05-12 21:00:34 - Sharpe Ratio: 4.38
2024-05-12 21:00:34 - SQN: 2.95
2024-05-12 21:00:34 - Profit Factor: -2.65
2024-05-12 21:00:34 - Average Trade: 21.74
2024-05-12 21:00:34 - Average Winning Trade: 90.40
2024-05-12 21:00:34 - Average Losing Trade: -21.51
2024-05-12 21:00:34 - Largest Winning Trade: 741.41
2024-05-12 21:00:34 - Largest Losing Trade: -211.31
2024-05-12 21:00:34 - Time taken: 29.65 seconds
2024-05-12 21:00:34 - Inital Portfolio funding: $5000.00
2024-05-12 21:00:34 - Final Portfolio Value: $8791.86
2024-05-12 21:00:34 - Percentage Gain: 75.84%
2024-05-12 21:00:34 - Cash: $4779.29
2024-05-12 21:46:21 - ====================== New Entry ===================
2024-05-12 21:46:21 - Max Drawdown: 6.18%
2024-05-12 21:46:21 - Total Trades: 166
2024-05-12 21:46:21 - Profitable Trades: 70
2024-05-12 21:46:21 - Sharpe Ratio: 1.47
2024-05-12 21:46:21 - SQN: 3.21
2024-05-12 21:46:21 - Profit Factor: -2.40
2024-05-12 21:46:21 - Average Trade: 20.04
2024-05-12 21:46:21 - Average Winning Trade: 81.49
2024-05-12 21:46:21 - Average Losing Trade: -24.76
2024-05-12 21:46:21 - Largest Winning Trade: 424.70
2024-05-12 21:46:21 - Largest Losing Trade: -102.82
2024-05-12 21:46:21 - Time taken: 14.50 seconds
2024-05-12 21:46:21 - Inital Portfolio funding: $5000.00
2024-05-12 21:46:21 - Final Portfolio Value: $8749.86
2024-05-12 21:46:21 - Percentage Gain: 75.00%
2024-05-12 21:46:21 - Cash: $4024.79
2024-05-12 21:50:33 - ====================== New Entry ===================
2024-05-12 21:50:33 - Max Drawdown: 1.47%
2024-05-12 21:50:33 - Total Trades: 18
2024-05-12 21:50:33 - Profitable Trades: 5
2024-05-12 21:50:33 - Sharpe Ratio: -12.24
2024-05-12 21:50:33 - SQN: 0.98
2024-05-12 21:50:33 - Profit Factor: -1.87
2024-05-12 21:50:33 - Average Trade: 6.23
2024-05-12 21:50:33 - Average Winning Trade: 48.38
2024-05-12 21:50:33 - Average Losing Trade: -9.98
2024-05-12 21:50:33 - Largest Winning Trade: 57.72
2024-05-12 21:50:33 - Largest Losing Trade: -20.10
2024-05-12 21:50:33 - Time taken: 0.31 seconds
2024-05-12 21:50:33 - Inital Portfolio funding: $5000.00
2024-05-12 21:50:33 - Final Portfolio Value: $5112.22
2024-05-12 21:50:33 - Percentage Gain: 2.24%
2024-05-12 21:50:33 - Cash: $5112.22
2024-05-12 21:52:01 - ====================== New Entry ===================
2024-05-12 21:52:01 - Max Drawdown: 6.58%
2024-05-12 21:52:01 - Total Trades: 143
2024-05-12 21:52:01 - Profitable Trades: 65
2024-05-12 21:52:01 - Sharpe Ratio: 4.10
2024-05-12 21:52:01 - SQN: 3.85
2024-05-12 21:52:01 - Profit Factor: -3.02
2024-05-12 21:52:01 - Average Trade: 22.00
2024-05-12 21:52:01 - Average Winning Trade: 72.40
2024-05-12 21:52:01 - Average Losing Trade: -19.99
2024-05-12 21:52:01 - Largest Winning Trade: 378.42
2024-05-12 21:52:01 - Largest Losing Trade: -61.77
2024-05-12 21:52:01 - Time taken: 19.32 seconds
2024-05-12 21:52:01 - Inital Portfolio funding: $5000.00
2024-05-12 21:52:01 - Final Portfolio Value: $8290.93
2024-05-12 21:52:01 - Percentage Gain: 65.82%
2024-05-12 21:52:01 - Cash: $3202.03
2024-05-12 21:55:01 - ====================== New Entry ===================
2024-05-12 21:55:01 - Max Drawdown: 6.79%
2024-05-12 21:55:01 - Total Trades: 159
2024-05-12 21:55:01 - Profitable Trades: 58
2024-05-12 21:55:01 - Sharpe Ratio: 1.35
2024-05-12 21:55:01 - SQN: 2.47
2024-05-12 21:55:01 - Profit Factor: -2.09
2024-05-12 21:55:01 - Average Trade: 15.08
2024-05-12 21:55:01 - Average Winning Trade: 79.19
2024-05-12 21:55:01 - Average Losing Trade: -21.73
2024-05-12 21:55:01 - Largest Winning Trade: 532.14
2024-05-12 21:55:01 - Largest Losing Trade: -163.02
2024-05-12 21:55:01 - Time taken: 21.55 seconds
2024-05-12 21:55:01 - Inital Portfolio funding: $5000.00
2024-05-12 21:55:01 - Final Portfolio Value: $7412.82
2024-05-12 21:55:01 - Percentage Gain: 48.26%
2024-05-12 21:55:01 - Cash: $5249.77
2024-05-12 21:56:04 - ====================== New Entry ===================
2024-05-12 21:56:04 - Max Drawdown: 9.87%
2024-05-12 21:56:04 - Total Trades: 169
2024-05-12 21:56:04 - Profitable Trades: 68
2024-05-12 21:56:04 - Sharpe Ratio: 2.17
2024-05-12 21:56:04 - SQN: 2.38
2024-05-12 21:56:04 - Profit Factor: -2.61
2024-05-12 21:56:04 - Average Trade: 21.54
2024-05-12 21:56:04 - Average Winning Trade: 86.77
2024-05-12 21:56:04 - Average Losing Trade: -22.38
2024-05-12 21:56:04 - Largest Winning Trade: 1291.08
2024-05-12 21:56:04 - Largest Losing Trade: -189.00
2024-05-12 21:56:04 - Time taken: 23.32 seconds
2024-05-12 21:56:04 - Inital Portfolio funding: $5000.00
2024-05-12 21:56:04 - Final Portfolio Value: $8635.00
2024-05-12 21:56:04 - Percentage Gain: 72.70%
2024-05-12 21:56:04 - Cash: $4614.83
2024-05-12 21:56:55 - ====================== New Entry ===================
2024-05-12 21:56:55 - Max Drawdown: 10.36%
2024-05-12 21:56:55 - Total Trades: 195
2024-05-12 21:56:55 - Profitable Trades: 79
2024-05-12 21:56:55 - Sharpe Ratio: 1.40
2024-05-12 21:56:55 - SQN: 2.54
2024-05-12 21:56:55 - Profit Factor: -1.85
2024-05-12 21:56:55 - Average Trade: 12.10
2024-05-12 21:56:55 - Average Winning Trade: 64.92
2024-05-12 21:56:55 - Average Losing Trade: -23.88
2024-05-12 21:56:55 - Largest Winning Trade: 438.58
2024-05-12 21:56:55 - Largest Losing Trade: -208.54
2024-05-12 21:56:55 - Time taken: 23.76 seconds
2024-05-12 21:56:55 - Inital Portfolio funding: $5000.00
2024-05-12 21:56:55 - Final Portfolio Value: $7158.37
2024-05-12 21:56:55 - Percentage Gain: 43.17%
2024-05-12 21:56:55 - Cash: $8217.45
2024-05-12 21:57:39 - ====================== New Entry ===================
2024-05-12 21:57:39 - Max Drawdown: 11.47%
2024-05-12 21:57:39 - Total Trades: 194
2024-05-12 21:57:39 - Profitable Trades: 72
2024-05-12 21:57:39 - Sharpe Ratio: 3.56
2024-05-12 21:57:39 - SQN: 2.56
2024-05-12 21:57:39 - Profit Factor: -1.94
2024-05-12 21:57:39 - Average Trade: 11.34
2024-05-12 21:57:39 - Average Winning Trade: 63.16
2024-05-12 21:57:39 - Average Losing Trade: -19.24
2024-05-12 21:57:39 - Largest Winning Trade: 341.32
2024-05-12 21:57:39 - Largest Losing Trade: -174.30
2024-05-12 21:57:39 - Time taken: 24.36 seconds
2024-05-12 21:57:39 - Inital Portfolio funding: $5000.00
2024-05-12 21:57:39 - Final Portfolio Value: $6913.59
2024-05-12 21:57:39 - Percentage Gain: 38.27%
2024-05-12 21:57:39 - Cash: $7825.08
2024-05-12 21:58:12 - ====================== New Entry ===================
2024-05-12 21:58:12 - Max Drawdown: 14.00%
2024-05-12 21:58:12 - Total Trades: 200
2024-05-12 21:58:12 - Profitable Trades: 62
2024-05-12 21:58:12 - Sharpe Ratio: 2.08
2024-05-12 21:58:12 - SQN: 2.71
2024-05-12 21:58:12 - Profit Factor: -2.13
2024-05-12 21:58:12 - Average Trade: 15.43
2024-05-12 21:58:12 - Average Winning Trade: 93.68
2024-05-12 21:58:12 - Average Losing Trade: -19.72
2024-05-12 21:58:12 - Largest Winning Trade: 526.43
2024-05-12 21:58:12 - Largest Losing Trade: -144.69
2024-05-12 21:58:12 - Time taken: 24.24 seconds
2024-05-12 21:58:12 - Inital Portfolio funding: $5000.00
2024-05-12 21:58:12 - Final Portfolio Value: $8490.41
2024-05-12 21:58:12 - Percentage Gain: 69.81%
2024-05-12 21:58:12 - Cash: $4101.65
2024-05-12 22:00:55 - ====================== New Entry ===================
2024-05-12 22:00:55 - Max Drawdown: 6.53%
2024-05-12 22:00:55 - Total Trades: 183
2024-05-12 22:00:55 - Profitable Trades: 78
2024-05-12 22:00:55 - Sharpe Ratio: 5.95
2024-05-12 22:00:55 - SQN: 3.83
2024-05-12 22:00:55 - Profit Factor: -3.35
2024-05-12 22:00:55 - Average Trade: 27.96
2024-05-12 22:00:55 - Average Winning Trade: 93.54
2024-05-12 22:00:55 - Average Losing Trade: -20.76
2024-05-12 22:00:55 - Largest Winning Trade: 595.15
2024-05-12 22:00:55 - Largest Losing Trade: -113.56
2024-05-12 22:00:55 - Time taken: 22.67 seconds
2024-05-12 22:00:55 - Inital Portfolio funding: $5000.00
2024-05-12 22:00:55 - Final Portfolio Value: $10345.47
2024-05-12 22:00:55 - Percentage Gain: 106.91%
2024-05-12 22:00:55 - Cash: $4974.22
2024-05-12 22:02:27 - ====================== New Entry ===================
2024-05-12 22:02:27 - Max Drawdown: 11.12%
2024-05-12 22:02:27 - Total Trades: 137
2024-05-12 22:02:27 - Profitable Trades: 56
2024-05-12 22:02:27 - Sharpe Ratio: 0.68
2024-05-12 22:02:27 - SQN: 1.97
2024-05-12 22:02:27 - Profit Factor: -1.81
2024-05-12 22:02:27 - Average Trade: 14.73
2024-05-12 22:02:27 - Average Winning Trade: 80.61
2024-05-12 22:02:27 - Average Losing Trade: -30.81
2024-05-12 22:02:27 - Largest Winning Trade: 545.19
2024-05-12 22:02:27 - Largest Losing Trade: -275.37
2024-05-12 22:02:27 - Time taken: 20.47 seconds
2024-05-12 22:02:27 - Inital Portfolio funding: $5000.00
2024-05-12 22:02:27 - Final Portfolio Value: $7091.89
2024-05-12 22:02:27 - Percentage Gain: 41.84%
2024-05-12 22:02:27 - Cash: $1671.50
2024-05-12 22:03:14 - ====================== New Entry ===================
2024-05-12 22:03:14 - Max Drawdown: 10.21%
2024-05-12 22:03:14 - Total Trades: 175
2024-05-12 22:03:14 - Profitable Trades: 66
2024-05-12 22:03:14 - Sharpe Ratio: 1.11
2024-05-12 22:03:14 - SQN: 3.20
2024-05-12 22:03:14 - Profit Factor: -2.33
2024-05-12 22:03:14 - Average Trade: 16.86
2024-05-12 22:03:14 - Average Winning Trade: 78.41
2024-05-12 22:03:14 - Average Losing Trade: -20.42
2024-05-12 22:03:14 - Largest Winning Trade: 387.11
2024-05-12 22:03:14 - Largest Losing Trade: -95.45
2024-05-12 22:03:14 - Time taken: 22.32 seconds
2024-05-12 22:03:14 - Inital Portfolio funding: $5000.00
2024-05-12 22:03:14 - Final Portfolio Value: $7650.73
2024-05-12 22:03:14 - Percentage Gain: 53.01%
2024-05-12 22:03:14 - Cash: $9933.57
2024-05-12 22:05:12 - ====================== New Entry ===================
2024-05-12 22:05:12 - Max Drawdown: 11.92%
2024-05-12 22:05:12 - Total Trades: 220
2024-05-12 22:05:12 - Profitable Trades: 78
2024-05-12 22:05:12 - Sharpe Ratio: 4.88
2024-05-12 22:05:12 - SQN: 2.99
2024-05-12 22:05:12 - Profit Factor: -2.36
2024-05-12 22:05:12 - Average Trade: 22.49
2024-05-12 22:05:12 - Average Winning Trade: 110.11
2024-05-12 22:05:12 - Average Losing Trade: -25.64
2024-05-12 22:05:12 - Largest Winning Trade: 782.76
2024-05-12 22:05:12 - Largest Losing Trade: -389.21
2024-05-12 22:05:12 - Time taken: 22.81 seconds
2024-05-12 22:05:12 - Inital Portfolio funding: $5000.00
2024-05-12 22:05:12 - Final Portfolio Value: $10314.29
2024-05-12 22:05:12 - Percentage Gain: 106.29%
2024-05-12 22:05:12 - Cash: $12467.69
2024-05-12 22:05:42 - ====================== New Entry ===================
2024-05-12 22:05:42 - Max Drawdown: 10.72%
2024-05-12 22:05:42 - Total Trades: 166
2024-05-12 22:05:42 - Profitable Trades: 66
2024-05-12 22:05:42 - Sharpe Ratio: 3.76
2024-05-12 22:05:42 - SQN: 3.68
2024-05-12 22:05:42 - Profit Factor: -3.38
2024-05-12 22:05:42 - Average Trade: 24.88
2024-05-12 22:05:42 - Average Winning Trade: 88.90
2024-05-12 22:05:42 - Average Losing Trade: -17.36
2024-05-12 22:05:42 - Largest Winning Trade: 663.12
2024-05-12 22:05:42 - Largest Losing Trade: -53.52
2024-05-12 22:05:42 - Time taken: 21.02 seconds
2024-05-12 22:05:42 - Inital Portfolio funding: $5000.00
2024-05-12 22:05:42 - Final Portfolio Value: $8887.66
2024-05-12 22:05:42 - Percentage Gain: 77.75%
2024-05-12 22:05:42 - Cash: $10048.60
2024-05-12 22:07:07 - ====================== New Entry ===================
2024-05-12 22:07:07 - Max Drawdown: 23.12%
2024-05-12 22:07:07 - Total Trades: 223
2024-05-12 22:07:07 - Profitable Trades: 81
2024-05-12 22:07:07 - Sharpe Ratio: 2.87
2024-05-12 22:07:07 - SQN: 2.61
2024-05-12 22:07:07 - Profit Factor: -1.97
2024-05-12 22:07:07 - Average Trade: 13.54
2024-05-12 22:07:07 - Average Winning Trade: 75.69
2024-05-12 22:07:07 - Average Losing Trade: -21.92
2024-05-12 22:07:07 - Largest Winning Trade: 467.49
2024-05-12 22:07:07 - Largest Losing Trade: -104.55
2024-05-12 22:07:07 - Time taken: 21.77 seconds
2024-05-12 22:07:07 - Inital Portfolio funding: $5000.00
2024-05-12 22:07:07 - Final Portfolio Value: $6735.39
2024-05-12 22:07:07 - Percentage Gain: 34.71%
2024-05-12 22:07:07 - Cash: $6239.34
2024-05-12 22:07:39 - ====================== New Entry ===================
2024-05-12 22:07:39 - Max Drawdown: 13.22%
2024-05-12 22:07:39 - Total Trades: 196
2024-05-12 22:07:39 - Profitable Trades: 82
2024-05-12 22:07:39 - Sharpe Ratio: 12.52
2024-05-12 22:07:39 - SQN: 3.04
2024-05-12 22:07:39 - Profit Factor: -2.44
2024-05-12 22:07:39 - Average Trade: 22.75
2024-05-12 22:07:39 - Average Winning Trade: 92.28
2024-05-12 22:07:39 - Average Losing Trade: -27.25
2024-05-12 22:07:39 - Largest Winning Trade: 571.50
2024-05-12 22:07:39 - Largest Losing Trade: -823.86
2024-05-12 22:07:39 - Time taken: 21.80 seconds
2024-05-12 22:07:39 - Inital Portfolio funding: $5000.00
2024-05-12 22:07:39 - Final Portfolio Value: $9202.58
2024-05-12 22:07:39 - Percentage Gain: 84.05%
2024-05-12 22:07:39 - Cash: $10535.74
2024-05-12 22:15:17 - ====================== New Entry ===================
2024-05-12 22:15:17 - Max Drawdown: 12.11%
2024-05-12 22:15:17 - Total Trades: 185
2024-05-12 22:15:17 - Profitable Trades: 68
2024-05-12 22:15:17 - Sharpe Ratio: 24.69
2024-05-12 22:15:17 - SQN: 2.65
2024-05-12 22:15:17 - Profit Factor: -2.05
2024-05-12 22:15:17 - Average Trade: 14.42
2024-05-12 22:15:17 - Average Winning Trade: 76.58
2024-05-12 22:15:17 - Average Losing Trade: -21.71
2024-05-12 22:15:17 - Largest Winning Trade: 537.93
2024-05-12 22:15:17 - Largest Losing Trade: -191.10
2024-05-12 22:15:17 - Time taken: 21.68 seconds
2024-05-12 22:15:17 - Inital Portfolio funding: $5000.00
2024-05-12 22:15:17 - Final Portfolio Value: $7021.37
2024-05-12 22:15:17 - Percentage Gain: 40.43%
2024-05-12 22:15:17 - Cash: $7514.19
2024-05-12 22:19:13 - ====================== New Entry ===================
2024-05-12 22:19:13 - Max Drawdown: 10.36%
2024-05-12 22:19:13 - Total Trades: 216
2024-05-12 22:19:13 - Profitable Trades: 71
2024-05-12 22:19:13 - Sharpe Ratio: 7.03
2024-05-12 22:19:13 - SQN: 2.19
2024-05-12 22:19:13 - Profit Factor: -2.20
2024-05-12 22:19:13 - Average Trade: 15.36
2024-05-12 22:19:13 - Average Winning Trade: 85.77
2024-05-12 22:19:13 - Average Losing Trade: -19.12
2024-05-12 22:19:13 - Largest Winning Trade: 1221.57
2024-05-12 22:19:13 - Largest Losing Trade: -101.92
2024-05-12 22:19:13 - Time taken: 22.56 seconds
2024-05-12 22:19:13 - Inital Portfolio funding: $5000.00
2024-05-12 22:19:13 - Final Portfolio Value: $8343.52
2024-05-12 22:19:13 - Percentage Gain: 66.87%
2024-05-12 22:19:13 - Cash: $5918.69
2024-05-12 22:21:51 - ====================== New Entry ===================
2024-05-12 22:21:51 - Max Drawdown: 15.69%
2024-05-12 22:21:51 - Total Trades: 202
2024-05-12 22:21:51 - Profitable Trades: 69
2024-05-12 22:21:51 - Sharpe Ratio: 150.79
2024-05-12 22:21:51 - SQN: 2.57
2024-05-12 22:21:51 - Profit Factor: -2.06
2024-05-12 22:21:51 - Average Trade: 16.36
2024-05-12 22:21:51 - Average Winning Trade: 92.90
2024-05-12 22:21:51 - Average Losing Trade: -23.34
2024-05-12 22:21:51 - Largest Winning Trade: 528.70
2024-05-12 22:21:51 - Largest Losing Trade: -146.57
2024-05-12 22:21:51 - Time taken: 22.63 seconds
2024-05-12 22:21:51 - Inital Portfolio funding: $5000.00
2024-05-12 22:21:51 - Final Portfolio Value: $7667.97
2024-05-12 22:21:51 - Percentage Gain: 53.36%
2024-05-12 22:21:51 - Cash: $5209.57
2024-05-12 22:23:24 - ====================== New Entry ===================
2024-05-12 22:23:24 - Max Drawdown: 7.84%
2024-05-12 22:23:24 - Total Trades: 171
2024-05-12 22:23:24 - Profitable Trades: 63
2024-05-12 22:23:24 - Sharpe Ratio: 2.82
2024-05-12 22:23:24 - SQN: 2.73
2024-05-12 22:23:24 - Profit Factor: -2.68
2024-05-12 22:23:24 - Average Trade: 18.57
2024-05-12 22:23:24 - Average Winning Trade: 80.46
2024-05-12 22:23:24 - Average Losing Trade: -17.54
2024-05-12 22:23:24 - Largest Winning Trade: 663.12
2024-05-12 22:23:24 - Largest Losing Trade: -92.58
2024-05-12 22:23:24 - Time taken: 21.87 seconds
2024-05-12 22:23:24 - Inital Portfolio funding: $5000.00
2024-05-12 22:23:24 - Final Portfolio Value: $8338.95
2024-05-12 22:23:24 - Percentage Gain: 66.78%
2024-05-12 22:23:24 - Cash: $5521.55
2024-05-12 22:24:00 - ====================== New Entry ===================
2024-05-12 22:24:00 - Max Drawdown: 8.40%
2024-05-12 22:24:00 - Total Trades: 186
2024-05-12 22:24:00 - Profitable Trades: 67
2024-05-12 22:24:00 - Sharpe Ratio: 0.92
2024-05-12 22:24:00 - SQN: 2.33
2024-05-12 22:24:00 - Profit Factor: -1.91
2024-05-12 22:24:00 - Average Trade: 14.53
2024-05-12 22:24:00 - Average Winning Trade: 84.51
2024-05-12 22:24:00 - Average Losing Trade: -24.87
2024-05-12 22:24:00 - Largest Winning Trade: 432.83
2024-05-12 22:24:00 - Largest Losing Trade: -218.08
2024-05-12 22:24:00 - Time taken: 21.26 seconds
2024-05-12 22:24:00 - Inital Portfolio funding: $5000.00
2024-05-12 22:24:00 - Final Portfolio Value: $7728.45
2024-05-12 22:24:00 - Percentage Gain: 54.57%
2024-05-12 22:24:00 - Cash: $4487.83
2024-05-12 22:24:48 - ====================== New Entry ===================
2024-05-12 22:24:48 - Max Drawdown: 10.34%
2024-05-12 22:24:48 - Total Trades: 160
2024-05-12 22:24:48 - Profitable Trades: 59
2024-05-12 22:24:48 - Sharpe Ratio: 1.57
2024-05-12 22:24:48 - SQN: 2.45
2024-05-12 22:24:48 - Profit Factor: -2.13
2024-05-12 22:24:48 - Average Trade: 18.01
2024-05-12 22:24:48 - Average Winning Trade: 91.87
2024-05-12 22:24:48 - Average Losing Trade: -25.14
2024-05-12 22:24:48 - Largest Winning Trade: 537.21
2024-05-12 22:24:48 - Largest Losing Trade: -239.54
2024-05-12 22:24:48 - Time taken: 20.48 seconds
2024-05-12 22:24:48 - Inital Portfolio funding: $5000.00
2024-05-12 22:24:48 - Final Portfolio Value: $8165.51
2024-05-12 22:24:48 - Percentage Gain: 63.31%
2024-05-12 22:24:48 - Cash: $6647.88
2024-05-12 22:28:46 - ====================== New Entry ===================
2024-05-12 22:28:46 - Max Drawdown: 17.65%
2024-05-12 22:28:46 - Total Trades: 175
2024-05-12 22:28:46 - Profitable Trades: 58
2024-05-12 22:28:46 - Sharpe Ratio: 8.96
2024-05-12 22:28:46 - SQN: 0.80
2024-05-12 22:28:46 - Profit Factor: -1.41
2024-05-12 22:28:46 - Average Trade: 5.81
2024-05-12 22:28:46 - Average Winning Trade: 60.11
2024-05-12 22:28:46 - Average Losing Trade: -21.11
2024-05-12 22:28:46 - Largest Winning Trade: 1084.02
2024-05-12 22:28:46 - Largest Losing Trade: -324.34
2024-05-12 22:28:46 - Time taken: 21.59 seconds
2024-05-12 22:28:46 - Inital Portfolio funding: $5000.00
2024-05-12 22:28:46 - Final Portfolio Value: $6132.26
2024-05-12 22:28:46 - Percentage Gain: 22.65%
2024-05-12 22:28:46 - Cash: $3296.44
2024-05-12 22:29:23 - ====================== New Entry ===================
2024-05-12 22:29:23 - Max Drawdown: 9.12%
2024-05-12 22:29:23 - Total Trades: 202
2024-05-12 22:29:23 - Profitable Trades: 71
2024-05-12 22:29:23 - Sharpe Ratio: 5.20
2024-05-12 22:29:23 - SQN: 1.94
2024-05-12 22:29:23 - Profit Factor: -2.10
2024-05-12 22:29:23 - Average Trade: 12.98
2024-05-12 22:29:23 - Average Winning Trade: 70.62
2024-05-12 22:29:23 - Average Losing Trade: -18.26
2024-05-12 22:29:23 - Largest Winning Trade: 992.63
2024-05-12 22:29:23 - Largest Losing Trade: -104.17
2024-05-12 22:29:23 - Time taken: 22.23 seconds
2024-05-12 22:29:23 - Inital Portfolio funding: $5000.00
2024-05-12 22:29:23 - Final Portfolio Value: $8315.84
2024-05-12 22:29:23 - Percentage Gain: 66.32%
2024-05-12 22:29:23 - Cash: $3678.78
2024-05-12 22:29:55 - ====================== New Entry ===================
2024-05-12 22:29:55 - Max Drawdown: 11.13%
2024-05-12 22:29:55 - Total Trades: 209
2024-05-12 22:29:55 - Profitable Trades: 78
2024-05-12 22:29:55 - Sharpe Ratio: 1.59
2024-05-12 22:29:55 - SQN: 2.68
2024-05-12 22:29:55 - Profit Factor: -2.08
2024-05-12 22:29:55 - Average Trade: 21.14
2024-05-12 22:29:55 - Average Winning Trade: 109.07
2024-05-12 22:29:55 - Average Losing Trade: -31.22
2024-05-12 22:29:55 - Largest Winning Trade: 710.15
2024-05-12 22:29:55 - Largest Losing Trade: -249.73
2024-05-12 22:29:55 - Time taken: 22.22 seconds
2024-05-12 22:29:55 - Inital Portfolio funding: $5000.00
2024-05-12 22:29:55 - Final Portfolio Value: $8979.90
2024-05-12 22:29:55 - Percentage Gain: 79.60%
2024-05-12 22:29:55 - Cash: $9547.80
2024-05-12 22:38:55 - ====================== New Entry ===================
2024-05-12 22:38:55 - Max Drawdown: 6.82%
2024-05-12 22:38:55 - Total Trades: 183
2024-05-12 22:38:55 - Profitable Trades: 70
2024-05-12 22:38:55 - Sharpe Ratio: 1.41
2024-05-12 22:38:55 - SQN: 2.64
2024-05-12 22:38:55 - Profit Factor: -4.76
2024-05-12 22:38:55 - Average Trade: 66.70
2024-05-12 22:38:55 - Average Winning Trade: 220.69
2024-05-12 22:38:55 - Average Losing Trade: -28.69
2024-05-12 22:38:55 - Largest Winning Trade: 3931.11
2024-05-12 22:38:55 - Largest Losing Trade: -155.52
2024-05-12 22:38:55 - Time taken: 42.09 seconds
2024-05-12 22:38:55 - Inital Portfolio funding: $5000.00
2024-05-12 22:38:55 - Final Portfolio Value: $17509.56
2024-05-12 22:38:55 - Percentage Gain: 250.19%
2024-05-12 22:38:55 - Cash: $9770.31
2024-05-12 22:42:48 - ====================== New Entry ===================
2024-05-12 22:42:48 - Max Drawdown: 7.71%
2024-05-12 22:42:48 - Total Trades: 229
2024-05-12 22:42:48 - Profitable Trades: 66
2024-05-12 22:42:48 - Sharpe Ratio: 5.61
2024-05-12 22:42:48 - SQN: 2.06
2024-05-12 22:42:48 - Profit Factor: -1.89
2024-05-12 22:42:48 - Average Trade: 11.74
2024-05-12 22:42:48 - Average Winning Trade: 86.73
2024-05-12 22:42:48 - Average Losing Trade: -18.62
2024-05-12 22:42:48 - Largest Winning Trade: 951.22
2024-05-12 22:42:48 - Largest Losing Trade: -188.58
2024-05-12 22:42:48 - Time taken: 34.32 seconds
2024-05-12 22:42:48 - Inital Portfolio funding: $5000.00
2024-05-12 22:42:48 - Final Portfolio Value: $7807.09
2024-05-12 22:42:48 - Percentage Gain: 56.14%
2024-05-12 22:42:48 - Cash: $6324.90
2024-05-12 22:43:39 - ====================== New Entry ===================
2024-05-12 22:43:39 - Max Drawdown: 9.17%
2024-05-12 22:43:39 - Total Trades: 177
2024-05-12 22:43:39 - Profitable Trades: 61
2024-05-12 22:43:39 - Sharpe Ratio: 3.21
2024-05-12 22:43:39 - SQN: 2.88
2024-05-12 22:43:39 - Profit Factor: -2.59
2024-05-12 22:43:39 - Average Trade: 22.35
2024-05-12 22:43:39 - Average Winning Trade: 105.61
2024-05-12 22:43:39 - Average Losing Trade: -21.44
2024-05-12 22:43:39 - Largest Winning Trade: 672.29
2024-05-12 22:43:39 - Largest Losing Trade: -144.30
2024-05-12 22:43:39 - Time taken: 34.25 seconds
2024-05-12 22:43:39 - Inital Portfolio funding: $5000.00
2024-05-12 22:43:39 - Final Portfolio Value: $8987.48
2024-05-12 22:43:39 - Percentage Gain: 79.75%
2024-05-12 22:43:39 - Cash: $5032.58
2024-05-12 23:25:09 - ====================== New Entry ===================
2024-05-12 23:25:09 - Max Drawdown: 10.70%
2024-05-12 23:25:09 - Total Trades: 173
2024-05-12 23:25:09 - Profitable Trades: 69
2024-05-12 23:25:09 - Sharpe Ratio: 23.51
2024-05-12 23:25:09 - SQN: 2.52
2024-05-12 23:25:09 - Profit Factor: -3.03
2024-05-12 23:25:09 - Average Trade: 30.14
2024-05-12 23:25:09 - Average Winning Trade: 112.72
2024-05-12 23:25:09 - Average Losing Trade: -24.64
2024-05-12 23:25:09 - Largest Winning Trade: 1763.00
2024-05-12 23:25:09 - Largest Losing Trade: -175.57
2024-05-12 23:25:09 - Time taken: 21.18 seconds
2024-05-12 23:25:09 - Inital Portfolio funding: $5000.00
2024-05-12 23:25:09 - Final Portfolio Value: $10138.43
2024-05-12 23:25:09 - Percentage Gain: 102.77%
2024-05-12 23:25:09 - Cash: $11011.07
2024-05-12 23:26:50 - ====================== New Entry ===================
2024-05-12 23:26:50 - Max Drawdown: 8.69%
2024-05-12 23:26:50 - Total Trades: 190
2024-05-12 23:26:50 - Profitable Trades: 63
2024-05-12 23:26:50 - Sharpe Ratio: 3.35
2024-05-12 23:26:50 - SQN: 2.15
2024-05-12 23:26:50 - Profit Factor: -2.11
2024-05-12 23:26:50 - Average Trade: 14.75
2024-05-12 23:26:50 - Average Winning Trade: 84.65
2024-05-12 23:26:50 - Average Losing Trade: -19.93
2024-05-12 23:26:50 - Largest Winning Trade: 951.22
2024-05-12 23:26:50 - Largest Losing Trade: -316.08
2024-05-12 23:26:50 - Time taken: 41.51 seconds
2024-05-12 23:26:50 - Inital Portfolio funding: $5000.00
2024-05-12 23:26:50 - Final Portfolio Value: $7801.72
2024-05-12 23:26:50 - Percentage Gain: 56.03%
2024-05-12 23:26:50 - Cash: $3930.36
2024-05-12 23:27:10 - ====================== New Entry ===================
2024-05-12 23:27:10 - Max Drawdown: 7.33%
2024-05-12 23:27:10 - Total Trades: 159
2024-05-12 23:27:10 - Profitable Trades: 70
2024-05-12 23:27:10 - Sharpe Ratio: 4.68
2024-05-12 23:27:10 - SQN: 3.54
2024-05-12 23:27:10 - Profit Factor: -3.00
2024-05-12 23:27:10 - Average Trade: 22.80
2024-05-12 23:27:10 - Average Winning Trade: 77.65
2024-05-12 23:27:10 - Average Losing Trade: -20.34
2024-05-12 23:27:10 - Largest Winning Trade: 557.08
2024-05-12 23:27:10 - Largest Losing Trade: -93.14
2024-05-12 23:27:10 - Time taken: 10.38 seconds
2024-05-12 23:27:10 - Inital Portfolio funding: $5000.00
2024-05-12 23:27:10 - Final Portfolio Value: $8704.38
2024-05-12 23:27:10 - Percentage Gain: 74.09%
2024-05-12 23:27:10 - Cash: $6061.89
2024-05-12 23:27:41 - ====================== New Entry ===================
2024-05-12 23:27:41 - Max Drawdown: 4.93%
2024-05-12 23:27:41 - Total Trades: 148
2024-05-12 23:27:41 - Profitable Trades: 59
2024-05-12 23:27:41 - Sharpe Ratio: 3.06
2024-05-12 23:27:41 - SQN: 2.11
2024-05-12 23:27:41 - Profit Factor: -5.61
2024-05-12 23:27:41 - Average Trade: 66.09
2024-05-12 23:27:41 - Average Winning Trade: 201.76
2024-05-12 23:27:41 - Average Losing Trade: -23.85
2024-05-12 23:27:41 - Largest Winning Trade: 4005.82
2024-05-12 23:27:41 - Largest Losing Trade: -160.41
2024-05-12 23:27:41 - Time taken: 10.64 seconds
2024-05-12 23:27:41 - Inital Portfolio funding: $5000.00
2024-05-12 23:27:41 - Final Portfolio Value: $15279.17
2024-05-12 23:27:41 - Percentage Gain: 205.58%
2024-05-12 23:27:41 - Cash: $11408.69
2024-05-13 00:05:09 - ====================== New Entry ===================
2024-05-13 00:05:09 - Max Drawdown: 6.97%
2024-05-13 00:05:09 - Total Trades: 183
2024-05-13 00:05:09 - Profitable Trades: 68
2024-05-13 00:05:09 - Sharpe Ratio: 1.93
2024-05-13 00:05:09 - SQN: 3.30
2024-05-13 00:05:09 - Profit Factor: -2.72
2024-05-13 00:05:09 - Average Trade: 22.75
2024-05-13 00:05:09 - Average Winning Trade: 96.77
2024-05-13 00:05:09 - Average Losing Trade: -21.02
2024-05-13 00:05:09 - Largest Winning Trade: 577.21
2024-05-13 00:05:09 - Largest Losing Trade: -72.40
2024-05-13 00:05:09 - Time taken: 20.18 seconds
2024-05-13 00:05:09 - Inital Portfolio funding: $5000.00
2024-05-13 00:05:09 - Final Portfolio Value: $9269.62
2024-05-13 00:05:09 - Percentage Gain: 85.39%
2024-05-13 00:05:09 - Cash: $10036.53
2024-05-13 00:06:32 - ====================== New Entry ===================
2024-05-13 00:06:32 - Max Drawdown: 10.11%
2024-05-13 00:06:32 - Total Trades: 190
2024-05-13 00:06:32 - Profitable Trades: 71
2024-05-13 00:06:32 - Sharpe Ratio: 11.10
2024-05-13 00:06:32 - SQN: 2.96
2024-05-13 00:06:32 - Profit Factor: -2.28
2024-05-13 00:06:32 - Average Trade: 21.49
2024-05-13 00:06:32 - Average Winning Trade: 102.48
2024-05-13 00:06:32 - Average Losing Trade: -26.83
2024-05-13 00:06:32 - Largest Winning Trade: 477.92
2024-05-13 00:06:32 - Largest Losing Trade: -294.97
2024-05-13 00:06:32 - Time taken: 30.12 seconds
2024-05-13 00:06:32 - Inital Portfolio funding: $5000.00
2024-05-13 00:06:32 - Final Portfolio Value: $8808.23
2024-05-13 00:06:32 - Percentage Gain: 76.16%
2024-05-13 00:06:32 - Cash: $8778.70
2024-05-13 00:11:26 - ====================== New Entry ===================
2024-05-13 00:11:26 - Max Drawdown: 5.46%
2024-05-13 00:11:26 - Total Trades: 172
2024-05-13 00:11:26 - Profitable Trades: 68
2024-05-13 00:11:26 - Sharpe Ratio: 9.79
2024-05-13 00:11:26 - SQN: 3.42
2024-05-13 00:11:26 - Profit Factor: -2.88
2024-05-13 00:11:26 - Average Trade: 22.02
2024-05-13 00:11:26 - Average Winning Trade: 85.29
2024-05-13 00:11:26 - Average Losing Trade: -19.34
2024-05-13 00:11:26 - Largest Winning Trade: 491.49
2024-05-13 00:11:26 - Largest Losing Trade: -125.24
2024-05-13 00:11:26 - Time taken: 10.55 seconds
2024-05-13 00:11:26 - Inital Portfolio funding: $5000.00
2024-05-13 00:11:26 - Final Portfolio Value: $8720.35
2024-05-13 00:11:26 - Percentage Gain: 74.41%
2024-05-13 00:11:26 - Cash: $6639.12
2024-05-13 00:18:10 - ====================== New Entry ===================
2024-05-13 00:18:10 - Max Drawdown: 16.66%
2024-05-13 00:18:10 - Total Trades: 228
2024-05-13 00:18:10 - Profitable Trades: 68
2024-05-13 00:18:10 - Sharpe Ratio: 1.71
2024-05-13 00:18:10 - SQN: 1.87
2024-05-13 00:18:10 - Profit Factor: -1.76
2024-05-13 00:18:10 - Average Trade: 10.95
2024-05-13 00:18:10 - Average Winning Trade: 84.95
2024-05-13 00:18:10 - Average Losing Trade: -20.49
2024-05-13 00:18:10 - Largest Winning Trade: 837.68
2024-05-13 00:18:10 - Largest Losing Trade: -172.66
2024-05-13 00:18:10 - Time taken: 33.50 seconds
2024-05-13 00:18:10 - Inital Portfolio funding: $5000.00
2024-05-13 00:18:10 - Final Portfolio Value: $7528.37
2024-05-13 00:18:10 - Percentage Gain: 50.57%
2024-05-13 00:18:10 - Cash: $6900.01
2024-05-13 00:18:52 - ====================== New Entry ===================
2024-05-13 00:18:52 - Max Drawdown: 9.07%
2024-05-13 00:18:52 - Total Trades: 181
2024-05-13 00:18:52 - Profitable Trades: 66
2024-05-13 00:18:52 - Sharpe Ratio: 2.96
2024-05-13 00:18:52 - SQN: 2.78
2024-05-13 00:18:52 - Profit Factor: -2.08
2024-05-13 00:18:52 - Average Trade: 16.00
2024-05-13 00:18:52 - Average Winning Trade: 84.64
2024-05-13 00:18:52 - Average Losing Trade: -23.38
2024-05-13 00:18:52 - Largest Winning Trade: 385.44
2024-05-13 00:18:52 - Largest Losing Trade: -229.00
2024-05-13 00:18:52 - Time taken: 32.46 seconds
2024-05-13 00:18:52 - Inital Portfolio funding: $5000.00
2024-05-13 00:18:52 - Final Portfolio Value: $7961.13
2024-05-13 00:18:52 - Percentage Gain: 59.22%
2024-05-13 00:18:52 - Cash: $5497.51
