2024-07-24 18:01:57,647 - INFO - ===========================[ Backtest: 2023-07-25 - 2024-07-24 ]===========================
2024-07-24 18:01:57,648 - INFO - ===========================[ Backtest: 2023-07-25 - 2024-07-24 ]===========================
2024-07-24 18:01:57,648 - INFO - ===========================[ Backtest: 2023-07-25 - 2024-07-24 ]===========================
2024-07-24 18:01:59,221 - WARNING - Skipping BITE-UN.parquet due to insufficient data points
2024-07-24 18:02:01,308 - WARNING - Skipping EAI.parquet due to insufficient data points
2024-07-24 18:02:01,659 - WARNING - Skipping EMP.parquet due to insufficient data points
2024-07-24 18:02:05,071 - WARNING - Skipping MER-PK.parquet due to insufficient data points
2024-07-24 18:03:04,507 - INFO - Buy signal for ALTG-PA at 26.290000915527344, size: 28, trail: 5.000000%
2024-07-24 18:03:04,508 - INFO - Buy signal for ATH-PB at 21.450000762939453, size: 34, trail: 5.000000%
2024-07-24 18:03:04,508 - INFO - Buy signal for BHK at 10.680000305175781, size: 70, trail: 5.000000%
2024-07-24 18:03:04,509 - INFO - Buy signal for BR at 203.9600067138672, size: 3, trail: 5.000000%
2024-07-24 18:03:04,589 - INFO - Closing position for ALTG-PA due to insufficient daily profit
2024-07-24 18:03:04,590 - INFO - Closing position for ATH-PB due to insufficient daily profit
2024-07-24 18:03:04,590 - INFO - Buy signal for ATH-PC at 24.940000534057617, size: 30, trail: 5.000000%
2024-07-24 18:03:04,591 - INFO - Closing position for BHK due to insufficient daily profit
2024-07-24 18:03:04,591 - INFO - Buy signal for BIP-PA at 18.719999313354492, size: 40, trail: 5.000000%
2024-07-24 18:03:04,591 - INFO - Closing position for BR due to insufficient daily profit
2024-07-24 18:03:04,593 - INFO - Buy signal for CMRE-PB at 25.75, size: 29, trail: 5.000000%
2024-07-24 18:03:04,593 - INFO - Buy signal for COHR at 59.060001373291016, size: 12, trail: 5.000000%
2024-07-24 18:03:04,676 - INFO - Closing position for ATH-PC due to insufficient daily profit
2024-07-24 18:03:04,677 - INFO - Buy signal for BFAC-UN at 11.149999618530273, size: 67, trail: 5.000000%
2024-07-24 18:03:04,677 - INFO - Closing position for CMRE-PB due to insufficient daily profit
2024-07-24 18:03:04,678 - INFO - Buy signal for CMRE-PE at 26.56999969482422, size: 28, trail: 5.000000%
2024-07-24 18:03:04,760 - INFO - Closing position for BFAC-UN due to insufficient daily profit
2024-07-24 18:03:04,761 - INFO - Buy signal for BGI at 2.9600000381469727, size: 253, trail: 5.000000%
2024-07-24 18:03:04,761 - INFO - Closing position for CMRE-PE due to insufficient daily profit
2024-07-24 18:03:04,761 - INFO - Closing position for COHR due to insufficient daily profit
2024-07-24 18:03:04,762 - INFO - Buy signal for CQP at 49.36000061035156, size: 15, trail: 5.000000%
2024-07-24 18:03:04,762 - INFO - Buy signal for CSTM at 21.809999465942383, size: 34, trail: 5.000000%
2024-07-24 18:03:04,841 - INFO - Closing position for BGI due to insufficient daily profit
2024-07-24 18:03:04,841 - INFO - Closing position for BIP-PA due to insufficient daily profit
2024-07-24 18:03:04,841 - INFO - Closing position for CQP due to insufficient daily profit
2024-07-24 18:03:04,841 - INFO - Closing position for CSTM due to insufficient daily profit
2024-07-24 18:03:04,843 - INFO - Buy signal for DBRG-PJ at 23.600000381469727, size: 31, trail: 5.000000%
2024-07-24 18:03:04,844 - INFO - Buy signal for DKL at 39.31999969482422, size: 19, trail: 5.000000%
2024-07-24 18:03:04,845 - INFO - Buy signal for GJO at 25.06999969482422, size: 29, trail: 5.000000%
2024-07-24 18:03:04,846 - INFO - Buy signal for GPOR at 159.02999877929688, size: 4, trail: 5.000000%
2024-07-24 18:03:04,927 - INFO - Closing position for DBRG-PJ due to insufficient daily profit
2024-07-24 18:03:04,927 - INFO - Closing position for DKL due to insufficient daily profit
2024-07-24 18:03:04,929 - INFO - Buy signal for FLR at 42.25, size: 17, trail: 5.000000%
2024-07-24 18:03:04,929 - INFO - Closing position for GJO due to insufficient daily profit
2024-07-24 18:03:04,929 - INFO - Buy signal for GJT at 22.93000030517578, size: 32, trail: 5.000000%
2024-07-24 18:03:04,930 - INFO - Buy signal for HGTY at 9.300000190734863, size: 80, trail: 5.000000%
2024-07-24 18:03:05,014 - INFO - Closing position for GJT due to insufficient daily profit
2024-07-24 18:03:05,015 - INFO - Buy signal for GTLS at 157.02999877929688, size: 4, trail: 5.000000%
2024-07-24 18:03:05,097 - INFO - Closing position for GPOR due to insufficient daily profit
2024-07-24 18:03:05,097 - INFO - Closing position for GTLS due to insufficient daily profit
2024-07-24 18:03:05,098 - INFO - Buy signal for HDB at 61.22999954223633, size: 12, trail: 5.000000%
2024-07-24 18:03:05,098 - INFO - Buy signal for HYT at 9.739999771118164, size: 77, trail: 5.000000%
2024-07-24 18:03:05,183 - INFO - Closing position for FLR due to insufficient daily profit
2024-07-24 18:03:05,183 - INFO - Buy signal for FXF at 99.93000030517578, size: 7, trail: 5.000000%
2024-07-24 18:03:05,184 - INFO - Closing position for HDB due to insufficient daily profit
2024-07-24 18:03:05,184 - INFO - Buy signal for HTFC at 24.149999618530273, size: 31, trail: 5.000000%
2024-07-24 18:03:05,184 - INFO - Closing position for HYT due to insufficient daily profit
2024-07-24 18:03:05,185 - INFO - Buy signal for IFS at 22.530000686645508, size: 33, trail: 5.000000%
2024-07-24 18:03:05,265 - INFO - Closing position for FXF due to insufficient daily profit
2024-07-24 18:03:05,266 - INFO - Buy signal for GBTG at 6.389999866485596, size: 117, trail: 5.000000%
2024-07-24 18:03:05,266 - INFO - Closing position for HTFC due to insufficient daily profit
2024-07-24 18:03:05,266 - INFO - Buy signal for IFIN-UN at 14.420000076293945, size: 52, trail: 5.000000%
2024-07-24 18:03:05,352 - INFO - Closing position for HGTY due to timeout
2024-07-24 18:03:05,353 - INFO - Closing position for IFIN-UN due to insufficient daily profit
2024-07-24 18:03:05,353 - INFO - Buy signal for IGI at 17.030000686645508, size: 43, trail: 5.000000%
2024-07-24 18:03:05,353 - INFO - Buy signal for IHT at 1.5700000524520874, size: 477, trail: 5.000000%
2024-07-24 18:03:05,443 - INFO - Closing position for IFS due to insufficient daily profit
2024-07-24 18:03:05,443 - INFO - Buy signal for IGA at 8.869999885559082, size: 84, trail: 5.000000%
2024-07-24 18:03:05,443 - INFO - Closing position for IGI due to insufficient daily profit
2024-07-24 18:03:05,443 - INFO - Closing position for IHT due to insufficient daily profit
2024-07-24 18:03:05,444 - INFO - Buy signal for KKRS at 19.1200008392334, size: 39, trail: 5.000000%
2024-07-24 18:03:05,444 - INFO - Buy signal for LNG at 159.58999633789062, size: 4, trail: 5.000000%
2024-07-24 18:03:05,526 - INFO - Closing position for IGA due to insufficient daily profit
2024-07-24 18:03:05,527 - INFO - Buy signal for IGR at 5.110000133514404, size: 147, trail: 5.000000%
2024-07-24 18:03:05,527 - INFO - Closing position for KKRS due to insufficient daily profit
2024-07-24 18:03:05,528 - INFO - Buy signal for LFT-PA at 19.920000076293945, size: 37, trail: 5.000000%
2024-07-24 18:03:05,528 - INFO - Closing position for LNG due to insufficient daily profit
2024-07-24 18:03:05,528 - INFO - Buy signal for MGRB at 18.940000534057617, size: 39, trail: 5.000000%
2024-07-24 18:03:05,609 - INFO - Closing position for GBTG due to insufficient daily profit
2024-07-24 18:03:05,610 - INFO - Buy signal for GNT-PA at 21.899999618530273, size: 34, trail: 5.000000%
2024-07-24 18:03:05,610 - INFO - Closing position for IGR due to insufficient daily profit
2024-07-24 18:03:05,611 - INFO - Buy signal for IGT at 21.40999984741211, size: 35, trail: 5.000000%
2024-07-24 18:03:05,611 - INFO - Closing position for LFT-PA due to insufficient daily profit
2024-07-24 18:03:05,611 - INFO - Buy signal for MDT at 81.94999694824219, size: 9, trail: 5.000000%
2024-07-24 18:03:05,611 - INFO - Closing position for MGRB due to insufficient daily profit
2024-07-24 18:03:05,611 - INFO - Buy signal for MHK at 113.73999786376953, size: 6, trail: 5.000000%
2024-07-24 18:03:05,693 - INFO - Closing position for MDT due to insufficient daily profit
2024-07-24 18:03:05,694 - INFO - Buy signal for MDY at 540.4600219726562, size: 1, trail: 5.000000%
2024-07-24 18:03:05,777 - INFO - Closing position for GNT-PA due to insufficient daily profit
2024-07-24 18:03:05,778 - INFO - Buy signal for HLT at 211.63999938964844, size: 3, trail: 5.000000%
2024-07-24 18:03:05,778 - INFO - Closing position for IGT due to insufficient daily profit
2024-07-24 18:03:05,779 - INFO - Buy signal for JPM-PK at 20.40999984741211, size: 36, trail: 5.000000%
2024-07-24 18:03:05,779 - INFO - Closing position for MDY due to insufficient daily profit
2024-07-24 18:03:05,788 - INFO - Buy signal for MGR at 22.770000457763672, size: 33, trail: 5.000000%
2024-07-24 18:03:05,789 - INFO - Closing position for MHK due to insufficient daily profit
2024-07-24 18:03:05,789 - INFO - Buy signal for MLPB at 23.684999465942383, size: 31, trail: 5.000000%
2024-07-24 18:03:05,868 - INFO - Closing position for HLT due to insufficient daily profit
2024-07-24 18:03:05,869 - INFO - Closing position for JPM-PK due to insufficient daily profit
2024-07-24 18:03:05,870 - INFO - Buy signal for MAA-PI at 55.84000015258789, size: 13, trail: 5.000000%
2024-07-24 18:03:05,870 - INFO - Closing position for MGR due to insufficient daily profit
2024-07-24 18:03:05,870 - INFO - Closing position for MLPB due to insufficient daily profit
2024-07-24 18:03:05,870 - INFO - Buy signal for MMU at 10.319999694824219, size: 73, trail: 5.000000%
2024-07-24 18:03:05,871 - INFO - Buy signal for MPV at 16.290000915527344, size: 46, trail: 5.000000%
2024-07-24 18:03:05,871 - INFO - Buy signal for MYI at 11.079999923706055, size: 68, trail: 5.000000%
2024-07-24 18:03:05,953 - INFO - Closing position for MAA-PI due to insufficient daily profit
2024-07-24 18:03:05,953 - INFO - Buy signal for MLPR at 56.14400100708008, size: 13, trail: 5.000000%
2024-07-24 18:03:05,953 - INFO - Closing position for MMU due to insufficient daily profit
2024-07-24 18:03:05,953 - INFO - Buy signal for MPLX at 41.0099983215332, size: 18, trail: 5.000000%
2024-07-24 18:03:05,953 - INFO - Closing position for MPV due to insufficient daily profit
2024-07-24 18:03:05,954 - INFO - Closing position for MYI due to insufficient daily profit
2024-07-24 18:03:05,955 - INFO - Buy signal for PHT at 7.489999771118164, size: 101, trail: 5.000000%
2024-07-24 18:03:05,955 - INFO - Buy signal for RACE at 416.05999755859375, size: 1, trail: 5.000000%
2024-07-24 18:03:06,037 - INFO - Closing position for MLPR due to insufficient daily profit
2024-07-24 18:03:06,037 - INFO - Closing position for MPLX due to insufficient daily profit
2024-07-24 18:03:06,038 - INFO - Buy signal for NCA at 8.720000267028809, size: 86, trail: 5.000000%
2024-07-24 18:03:06,038 - INFO - Buy signal for NEM at 41.790000915527344, size: 18, trail: 5.000000%
2024-07-24 18:03:06,039 - INFO - Closing position for PHT due to insufficient daily profit
2024-07-24 18:03:06,039 - INFO - Buy signal for PMT-PA at 23.75, size: 31, trail: 5.000000%
2024-07-24 18:03:06,039 - INFO - Closing position for RACE due to insufficient daily profit
2024-07-24 18:03:06,039 - INFO - Buy signal for RDY at 70.83999633789062, size: 10, trail: 5.000000%
2024-07-24 18:03:06,122 - INFO - Closing position for NCA due to insufficient daily profit
2024-07-24 18:03:06,123 - INFO - Closing position for PMT-PA due to insufficient daily profit
2024-07-24 18:03:06,124 - INFO - Closing position for RDY due to insufficient daily profit
2024-07-24 18:03:06,124 - INFO - Buy signal for REPX at 27.510000228881836, size: 27, trail: 5.000000%
2024-07-24 18:03:06,124 - INFO - Buy signal for REXR at 44.29999923706055, size: 17, trail: 5.000000%
2024-07-24 18:03:06,125 - INFO - Buy signal for SF-PD at 18.350000381469727, size: 41, trail: 5.000000%
2024-07-24 18:03:06,213 - INFO - Closing position for REPX due to insufficient daily profit
2024-07-24 18:03:06,213 - INFO - Closing position for REXR due to insufficient daily profit
2024-07-24 18:03:06,214 - INFO - Buy signal for SCE-PL at 19.729999542236328, size: 38, trail: 5.000000%
2024-07-24 18:03:06,214 - INFO - Closing position for SF-PD due to insufficient daily profit
2024-07-24 18:03:06,215 - INFO - Buy signal for STZ at 263.5, size: 2, trail: 5.000000%
2024-07-24 18:03:06,216 - INFO - Buy signal for WLYB at 39.63999938964844, size: 19, trail: 5.000000%
2024-07-24 18:03:06,298 - INFO - Closing position for SCE-PL due to insufficient daily profit
2024-07-24 18:03:06,298 - INFO - Buy signal for SF at 81.18000030517578, size: 9, trail: 5.000000%
2024-07-24 18:03:06,379 - INFO - Closing position for NEM due to insufficient daily profit
2024-07-24 18:03:06,380 - INFO - Buy signal for NI at 28.829999923706055, size: 26, trail: 5.000000%
2024-07-24 18:03:06,380 - INFO - Closing position for SF due to insufficient daily profit
2024-07-24 18:03:06,381 - INFO - Buy signal for SPLP-PA at 24.030000686645508, size: 31, trail: 5.000000%
2024-07-24 18:03:06,381 - INFO - Closing position for STZ due to insufficient daily profit
2024-07-24 18:03:06,381 - INFO - Buy signal for THS at 36.7599983215332, size: 20, trail: 5.000000%
2024-07-24 18:03:06,459 - INFO - Closing position for SPLP-PA due to insufficient daily profit
2024-07-24 18:03:06,460 - INFO - Buy signal for SSL at 7.53000020980835, size: 99, trail: 5.000000%
2024-07-24 18:03:06,460 - INFO - Closing position for THS due to insufficient daily profit
2024-07-24 18:03:06,460 - INFO - Buy signal for TOST at 25.719999313354492, size: 29, trail: 5.000000%
2024-07-24 18:03:06,540 - INFO - Closing position for NI due to insufficient daily profit
2024-07-24 18:03:06,541 - INFO - Buy signal for PDX at 22.06999969482422, size: 34, trail: 5.000000%
2024-07-24 18:03:06,541 - INFO - Closing position for SSL due to insufficient daily profit
2024-07-24 18:03:06,541 - INFO - Closing position for TOST due to insufficient daily profit
2024-07-24 18:03:06,541 - INFO - Buy signal for TR at 30.93000030517578, size: 24, trail: 5.000000%
2024-07-24 18:03:06,543 - INFO - Buy signal for WM at 212.6699981689453, size: 3, trail: 5.000000%
2024-07-24 18:03:06,623 - INFO - Closing position for TR due to insufficient daily profit
2024-07-24 18:03:06,625 - INFO - Buy signal for WDS at 18.809999465942383, size: 39, trail: 5.000000%
2024-07-24 18:03:06,625 - INFO - Closing position for WLYB due to timeout
2024-07-24 18:03:06,625 - INFO - Closing position for WM due to insufficient daily profit
2024-07-24 18:03:06,707 - INFO - Buy signal for AAT at 22.399999618530273, size: 33, trail: 5.000000%
2024-07-24 18:03:06,707 - INFO - Buy signal for ACN at 302.54998779296875, size: 2, trail: 5.000000%
2024-07-24 18:03:06,785 - INFO - Closing position for AAT due to insufficient daily profit
2024-07-24 18:03:06,785 - INFO - Closing position for ACN due to insufficient daily profit
2024-07-24 18:03:06,785 - INFO - Buy signal for AFGB at 23.34000015258789, size: 32, trail: 5.000000%
2024-07-24 18:03:06,786 - INFO - Buy signal for AIT at 191.92999267578125, size: 3, trail: 5.000000%
2024-07-24 18:03:06,866 - INFO - Closing position for AIT due to insufficient daily profit
2024-07-24 18:03:06,867 - INFO - Buy signal for ALEX at 16.770000457763672, size: 45, trail: 5.000000%
2024-07-24 18:03:06,946 - INFO - Closing position for ALEX due to insufficient daily profit
2024-07-24 18:03:06,947 - INFO - Buy signal for ARIS at 15.479999542236328, size: 48, trail: 5.000000%
2024-07-24 18:03:06,948 - INFO - Closing position for PDX due to timeout
2024-07-24 18:03:06,948 - INFO - Buy signal for PSA-PG at 23.090099334716797, size: 32, trail: 5.000000%
2024-07-24 18:03:07,026 - INFO - Closing position for AFGB due to insufficient daily profit
2024-07-24 18:03:07,027 - INFO - Buy signal for ALSN at 75.13999938964844, size: 9, trail: 5.000000%
2024-07-24 18:03:07,028 - INFO - Closing position for PSA-PG due to insufficient daily profit
2024-07-24 18:03:07,028 - INFO - Buy signal for RNR-PF at 23.428499221801758, size: 31, trail: 5.000000%
2024-07-24 18:03:07,028 - INFO - Closing position for WDS due to timeout
2024-07-24 18:03:07,029 - INFO - Buy signal for WFC-PY at 23.920000076293945, size: 31, trail: 5.000000%
2024-07-24 18:03:07,108 - INFO - Closing position for ALSN due to insufficient daily profit
2024-07-24 18:03:07,109 - INFO - Buy signal for AMTB at 22.5, size: 32, trail: 5.000000%
2024-07-24 18:03:07,109 - INFO - Closing position for ARIS due to insufficient daily profit
2024-07-24 18:03:07,109 - INFO - Buy signal for ARL at 14.050000190734863, size: 52, trail: 5.000000%
2024-07-24 18:03:07,111 - INFO - Closing position for WFC-PY due to insufficient daily profit
2024-07-24 18:03:07,196 - INFO - Buy signal for ACR at 13.430000305175781, size: 54, trail: 5.000000%
2024-07-24 18:03:07,441 - INFO - Closing position for RNR-PF due to timeout
2024-07-24 18:03:07,443 - INFO - Buy signal for SAFE at 21.540000915527344, size: 35, trail: 5.000000%
2024-07-24 18:03:07,518 - INFO - Closing position for AMTB due to timeout
2024-07-24 18:03:07,518 - INFO - Buy signal for ANG-PA at 24.6200008392334, size: 31, trail: 5.000000%
2024-07-24 18:03:07,518 - INFO - Closing position for ARL due to timeout
2024-07-24 18:03:07,519 - INFO - Buy signal for ASB at 23.459999084472656, size: 33, trail: 5.000000%
2024-07-24 18:03:07,599 - INFO - Closing position for ACR due to timeout
2024-07-24 18:03:07,600 - INFO - Buy signal for AE at 28.3700008392334, size: 26, trail: 5.000000%
2024-07-24 18:03:07,600 - INFO - Closing position for ANG-PA due to insufficient daily profit
2024-07-24 18:03:07,601 - INFO - Buy signal for AREN at 0.9300000071525574, size: 823, trail: 5.000000%
2024-07-24 18:03:07,601 - INFO - Closing position for ASB due to insufficient daily profit
2024-07-24 18:03:07,601 - INFO - Buy signal for ATI at 59.779998779296875, size: 12, trail: 5.000000%
2024-07-24 18:03:07,695 - INFO - Closing position for AE due to insufficient daily profit
2024-07-24 18:03:07,696 - INFO - Buy signal for AIN at 89.88999938964844, size: 8, trail: 5.000000%
2024-07-24 18:03:07,696 - INFO - Closing position for AREN due to insufficient daily profit
2024-07-24 18:03:07,697 - INFO - Buy signal for ASGN at 103.66000366210938, size: 7, trail: 5.000000%
2024-07-24 18:03:07,697 - INFO - Closing position for ATI due to insufficient daily profit
2024-07-24 18:03:07,697 - INFO - Buy signal for AXS at 73.68000030517578, size: 10, trail: 5.000000%
2024-07-24 18:03:07,779 - INFO - Closing position for AIN due to insufficient daily profit
2024-07-24 18:03:07,780 - INFO - Buy signal for ALL-PJ at 27.100000381469727, size: 27, trail: 5.000000%
2024-07-24 18:03:07,780 - INFO - Closing position for ASGN due to insufficient daily profit
2024-07-24 18:03:07,780 - INFO - Buy signal for ASIX at 26.100000381469727, size: 28, trail: 5.000000%
2024-07-24 18:03:07,780 - INFO - Closing position for AXS due to insufficient daily profit
2024-07-24 18:03:07,781 - INFO - Buy signal for AXTA at 34.7599983215332, size: 21, trail: 5.000000%
2024-07-24 18:03:07,860 - INFO - Closing position for ALL-PJ due to insufficient daily profit
2024-07-24 18:03:07,862 - INFO - Buy signal for AVA at 37.720001220703125, size: 19, trail: 5.000000%
2024-07-24 18:03:07,863 - INFO - Closing position for SAFE due to timeout
2024-07-24 18:03:07,863 - INFO - Buy signal for SBH at 11.390000343322754, size: 64, trail: 5.000000%
2024-07-24 18:03:07,928 - INFO - Closing position for AXTA due to insufficient daily profit
2024-07-24 18:03:07,929 - INFO - Buy signal for AYI at 257.6000061035156, size: 2, trail: 5.000000%
2024-07-24 18:03:07,930 - INFO - Closing position for SBH due to insufficient daily profit
2024-07-24 18:03:07,930 - INFO - Buy signal for SF-PD at 18.260000228881836, size: 39, trail: 5.000000%
2024-07-24 18:03:07,983 - INFO - Saved 10 buy signals to BuySignals.csv
2024-07-24 18:03:08,088 - INFO - Sharpe Ratio: -1.76
2024-07-24 18:03:08,088 - INFO - Max Drawdown: 634.80%
2024-07-24 18:03:08,088 - INFO - Total Return: -2.68%
2024-07-24 18:03:08,088 - INFO - Final Portfolio Value: $4867.78
2024-07-24 18:04:30,335 - INFO - ===========================[ Backtest: 2023-07-25 - 2024-07-24 ]===========================
2024-07-24 18:04:30,335 - INFO - ===========================[ Backtest: 2023-07-25 - 2024-07-24 ]===========================
2024-07-24 18:04:30,335 - INFO - ===========================[ Backtest: 2023-07-25 - 2024-07-24 ]===========================
2024-07-24 18:04:30,372 - WARNING - Skipping AACT-UN.parquet due to insufficient data points
2024-07-24 18:04:30,560 - WARNING - Skipping AESI.parquet due to insufficient data points
2024-07-24 18:04:30,840 - WARNING - Skipping ALL-PJ.parquet due to insufficient data points
2024-07-24 18:04:31,168 - WARNING - Skipping ASBA.parquet due to insufficient data points
2024-07-24 18:04:31,925 - WARNING - Skipping BITE-UN.parquet due to insufficient data points
2024-07-24 18:04:31,995 - WARNING - Skipping BLUA-UN.parquet due to insufficient data points
2024-07-24 18:04:32,335 - WARNING - Skipping BWET.parquet due to insufficient data points
2024-07-24 18:04:32,778 - WARNING - Skipping CLCO.parquet due to insufficient data points
2024-07-24 18:04:33,142 - WARNING - Skipping CR.parquet due to insufficient data points
2024-07-24 18:04:33,859 - WARNING - Skipping DULL.parquet due to insufficient data points
2024-07-24 18:04:33,900 - WARNING - Skipping EAI.parquet due to insufficient data points
2024-07-24 18:04:34,002 - WARNING - Skipping EFC-PC.parquet due to insufficient data points
2024-07-24 18:04:34,175 - WARNING - Skipping EMP.parquet due to insufficient data points
2024-07-24 18:04:35,154 - WARNING - Skipping GDL-PC.parquet due to insufficient data points
2024-07-24 18:04:35,361 - WARNING - Skipping GLU-PB.parquet due to insufficient data points
2024-07-24 18:04:35,972 - WARNING - Skipping HSHP.parquet due to insufficient data points
2024-07-24 18:04:36,022 - WARNING - Skipping HWM-P.parquet due to insufficient data points
2024-07-24 18:04:36,552 - WARNING - Skipping JWSM-UN.parquet due to insufficient data points
2024-07-24 18:04:36,556 - WARNING - Skipping JXN-PA.parquet due to insufficient data points
2024-07-24 18:04:36,843 - WARNING - Skipping KVUE.parquet due to insufficient data points
2024-07-24 18:04:37,283 - WARNING - Skipping MER-PK.parquet due to insufficient data points
2024-07-24 18:04:37,689 - WARNING - Skipping MSGE.parquet due to insufficient data points
2024-07-24 18:04:38,856 - WARNING - Skipping PCG-PG.parquet due to insufficient data points
2024-07-24 18:04:39,074 - WARNING - Skipping PKST.parquet due to insufficient data points
2024-07-24 18:04:39,312 - WARNING - Skipping PRIF-PG.parquet due to insufficient data points
2024-07-24 18:04:39,545 - WARNING - Skipping RC-PC.parquet due to insufficient data points
2024-07-24 18:04:39,968 - WARNING - Skipping RWT-PA.parquet due to insufficient data points
2024-07-24 18:04:40,058 - WARNING - Skipping SAY.parquet due to insufficient data points
2024-07-24 18:04:40,061 - WARNING - Skipping SAZ.parquet due to insufficient data points
2024-07-24 18:04:40,103 - WARNING - Skipping SBXC-UN.parquet due to insufficient data points
2024-07-24 18:04:40,106 - WARNING - Skipping SBXC.parquet due to insufficient data points
2024-07-24 18:04:40,245 - WARNING - Skipping SGE.parquet due to insufficient data points
2024-07-24 18:04:40,274 - WARNING - Skipping SHNY.parquet due to insufficient data points
2024-07-24 18:04:40,631 - WARNING - Skipping SPE-PC.parquet due to insufficient data points
2024-07-24 18:04:40,815 - WARNING - Skipping STRW.parquet due to insufficient data points
2024-07-24 18:04:41,520 - WARNING - Skipping TXO.parquet due to insufficient data points
2024-07-24 18:04:42,113 - WARNING - Skipping VTS.parquet due to insufficient data points
2024-07-24 18:04:42,523 - WARNING - Skipping WTID.parquet due to insufficient data points
2024-07-24 18:04:42,524 - WARNING - Skipping WTIU.parquet due to insufficient data points
2024-07-24 18:04:42,548 - WARNING - Skipping WUCT.parquet due to insufficient data points
2024-07-24 18:05:40,746 - INFO - Buy signal for CYD at 9.4399995803833, size: 79, trail: 5.000000%
2024-07-24 18:05:40,747 - INFO - Buy signal for DTW at 23.700000762939453, size: 31, trail: 5.000000%
2024-07-24 18:05:40,752 - INFO - Buy signal for NCLH at 19.860000610351562, size: 37, trail: 5.000000%
2024-07-24 18:05:40,836 - INFO - Buy signal for ALLG at 1.690000057220459, size: 443, trail: 5.000000%
2024-07-24 18:05:40,836 - INFO - Closing position for DTW due to insufficient daily profit
2024-07-24 18:05:40,839 - INFO - Buy signal for HZO at 35.209999084472656, size: 21, trail: 5.000000%
2024-07-24 18:05:40,839 - INFO - Closing position for NCLH due to insufficient daily profit
2024-07-24 18:05:40,840 - INFO - Buy signal for OGCP at 10.670000076293945, size: 70, trail: 5.000000%
2024-07-24 18:05:40,922 - INFO - Closing position for ALLG due to insufficient daily profit
2024-07-24 18:05:40,925 - INFO - Buy signal for CBL at 25.81999969482422, size: 29, trail: 5.000000%
2024-07-24 18:05:40,925 - INFO - Closing position for HZO due to insufficient daily profit
2024-07-24 18:05:40,926 - INFO - Buy signal for INFY at 21.68000030517578, size: 34, trail: 5.000000%
2024-07-24 18:05:40,926 - INFO - Closing position for OGCP due to insufficient daily profit
2024-07-24 18:05:40,926 - INFO - Buy signal for PGRE at 5.159999847412109, size: 145, trail: 5.000000%
2024-07-24 18:05:41,131 - INFO - Saved 10 buy signals to BuySignals.csv
2024-07-24 18:05:41,241 - INFO - Sharpe Ratio: -7.90
2024-07-24 18:05:41,241 - INFO - Max Drawdown: 28.98%
2024-07-24 18:05:41,242 - INFO - Total Return: -0.29%
2024-07-24 18:05:41,242 - INFO - Final Portfolio Value: $4985.51
2024-07-24 18:41:58,501 - INFO - ===========================[ Backtest: 2023-07-25 - 2024-07-24 ]===========================
2024-07-24 18:41:58,501 - INFO - ===========================[ Backtest: 2023-07-25 - 2024-07-24 ]===========================
2024-07-24 18:41:58,501 - INFO - ===========================[ Backtest: 2023-07-25 - 2024-07-24 ]===========================
2024-07-24 18:41:58,539 - WARNING - Skipping AACT-UN.parquet due to insufficient data points
2024-07-24 18:41:58,718 - WARNING - Skipping AESI.parquet due to insufficient data points
2024-07-24 18:41:58,985 - WARNING - Skipping ALL-PJ.parquet due to insufficient data points
2024-07-24 18:41:59,305 - WARNING - Skipping ASBA.parquet due to insufficient data points
2024-07-24 18:41:59,994 - WARNING - Skipping BITE-UN.parquet due to insufficient data points
2024-07-24 18:42:00,065 - WARNING - Skipping BLUA-UN.parquet due to insufficient data points
2024-07-24 18:42:00,390 - WARNING - Skipping BWET.parquet due to insufficient data points
2024-07-24 18:42:00,832 - WARNING - Skipping CLCO.parquet due to insufficient data points
2024-07-24 18:42:01,196 - WARNING - Skipping CR.parquet due to insufficient data points
2024-07-24 18:42:01,937 - WARNING - Skipping DULL.parquet due to insufficient data points
2024-07-24 18:42:01,982 - WARNING - Skipping EAI.parquet due to insufficient data points
2024-07-24 18:42:02,088 - WARNING - Skipping EFC-PC.parquet due to insufficient data points
2024-07-24 18:42:02,278 - WARNING - Skipping EMP.parquet due to insufficient data points
2024-07-24 18:42:03,383 - WARNING - Skipping GDL-PC.parquet due to insufficient data points
2024-07-24 18:42:03,604 - WARNING - Skipping GLU-PB.parquet due to insufficient data points
2024-07-24 18:42:04,274 - WARNING - Skipping HSHP.parquet due to insufficient data points
2024-07-24 18:42:04,326 - WARNING - Skipping HWM-P.parquet due to insufficient data points
2024-07-24 18:42:04,914 - WARNING - Skipping JWSM-UN.parquet due to insufficient data points
2024-07-24 18:42:04,919 - WARNING - Skipping JXN-PA.parquet due to insufficient data points
2024-07-24 18:42:05,229 - WARNING - Skipping KVUE.parquet due to insufficient data points
2024-07-24 18:42:05,683 - WARNING - Skipping MER-PK.parquet due to insufficient data points
2024-07-24 18:42:06,094 - WARNING - Skipping MSGE.parquet due to insufficient data points
2024-07-24 18:42:07,274 - WARNING - Skipping PCG-PG.parquet due to insufficient data points
2024-07-24 18:42:07,513 - WARNING - Skipping PKST.parquet due to insufficient data points
2024-07-24 18:42:07,764 - WARNING - Skipping PRIF-PG.parquet due to insufficient data points
2024-07-24 18:42:08,015 - WARNING - Skipping RC-PC.parquet due to insufficient data points
2024-07-24 18:42:08,462 - WARNING - Skipping RWT-PA.parquet due to insufficient data points
2024-07-24 18:42:08,560 - WARNING - Skipping SAY.parquet due to insufficient data points
2024-07-24 18:42:08,562 - WARNING - Skipping SAZ.parquet due to insufficient data points
2024-07-24 18:42:08,608 - WARNING - Skipping SBXC-UN.parquet due to insufficient data points
2024-07-24 18:42:08,610 - WARNING - Skipping SBXC.parquet due to insufficient data points
2024-07-24 18:42:08,759 - WARNING - Skipping SGE.parquet due to insufficient data points
2024-07-24 18:42:08,788 - WARNING - Skipping SHNY.parquet due to insufficient data points
2024-07-24 18:42:09,173 - WARNING - Skipping SPE-PC.parquet due to insufficient data points
2024-07-24 18:42:09,380 - WARNING - Skipping STRW.parquet due to insufficient data points
2024-07-24 18:42:10,129 - WARNING - Skipping TXO.parquet due to insufficient data points
2024-07-24 18:42:10,760 - WARNING - Skipping VTS.parquet due to insufficient data points
2024-07-24 18:42:11,182 - WARNING - Skipping WTID.parquet due to insufficient data points
2024-07-24 18:42:11,185 - WARNING - Skipping WTIU.parquet due to insufficient data points
2024-07-24 18:42:11,209 - WARNING - Skipping WUCT.parquet due to insufficient data points
2024-07-24 18:43:08,790 - INFO - Buy signal for CYD at 9.4399995803833, size: 79, trail: 5.000000%
2024-07-24 18:43:08,792 - INFO - Buy signal for DTW at 23.700000762939453, size: 31, trail: 5.000000%
2024-07-24 18:43:08,797 - INFO - Buy signal for NCLH at 19.860000610351562, size: 37, trail: 5.000000%
2024-07-24 18:43:08,883 - INFO - Buy signal for ALLG at 1.690000057220459, size: 443, trail: 5.000000%
2024-07-24 18:43:08,883 - INFO - Closing position for DTW due to insufficient daily profit
2024-07-24 18:43:08,886 - INFO - Buy signal for HZO at 35.209999084472656, size: 21, trail: 5.000000%
2024-07-24 18:43:08,886 - INFO - Closing position for NCLH due to insufficient daily profit
2024-07-24 18:43:08,887 - INFO - Buy signal for OGCP at 10.670000076293945, size: 70, trail: 5.000000%
2024-07-24 18:43:08,970 - INFO - Closing position for ALLG due to insufficient daily profit
2024-07-24 18:43:08,973 - INFO - Buy signal for CBL at 25.81999969482422, size: 29, trail: 5.000000%
2024-07-24 18:43:08,973 - INFO - Closing position for HZO due to insufficient daily profit
2024-07-24 18:43:08,974 - INFO - Buy signal for INFY at 21.68000030517578, size: 34, trail: 5.000000%
2024-07-24 18:43:08,974 - INFO - Closing position for OGCP due to insufficient daily profit
2024-07-24 18:43:08,975 - INFO - Buy signal for PGRE at 5.159999847412109, size: 145, trail: 5.000000%
2024-07-24 18:43:09,183 - INFO - Saved 10 buy signals to BuySignals.csv
2024-07-24 18:43:09,320 - INFO - Sharpe Ratio: -7.90
2024-07-24 18:43:09,320 - INFO - Max Drawdown: 28.98%
2024-07-24 18:43:09,320 - INFO - Total Return: -0.29%
2024-07-24 18:43:09,320 - INFO - Final Portfolio Value: $4985.51
