**********************
Windows PowerShell transcript start
Start time: 20240805203001
Username: DESKTOP-UQ8O8Q7\Masam
RunAs User: DESKTOP-UQ8O8Q7\Masam
Configuration Name: 
Machine: DESKTOP-UQ8O8Q7 (Microsoft Windows NT 10.0.22631.0)
Host Application: powershell.exe -ExecutionPolicy Bypass -File C:\apitesting\Stock-Market-LSTM\run_all_scripts.ps1
Process ID: 24992
PSVersion: 5.1.22621.3880
PSEdition: Desktop
PSCompatibleVersions: 1.0, 2.0, 3.0, 4.0, 5.0, 5.1.22621.3880
BuildVersion: 10.0.22621.3880
CLRVersion: 4.0.30319.42000
WSManStackVersion: 3.0
PSRemotingProtocolVersion: 2.3
SerializationVersion: 1.1.0.1
**********************
Transcript started, output file is C:\apitesting\Stock-Market-LSTM\run_all_scripts.log
Starting the stock market data download and processing sequence...
Running Ticker Downloader...
Ticker Downloader completed successfully.
Running Bulk Price Downloader...
Bulk Price Downloader completed successfully.
Running Indicators script...
Indicators script completed successfully.
Running Predictor script...
Predictor script completed successfully.
Running Nightly broker script...
Nightly broker script completed successfully.
This Week's Buy Signals Saved to BuySignals.json
**********************
Windows PowerShell transcript end
End time: 20240805213746
**********************
**********************
Windows PowerShell transcript start
Start time: 20240806203001
Username: DESKTOP-UQ8O8Q7\Masam
RunAs User: DESKTOP-UQ8O8Q7\Masam
Configuration Name: 
Machine: DESKTOP-UQ8O8Q7 (Microsoft Windows NT 10.0.22631.0)
Host Application: powershell.exe -ExecutionPolicy Bypass -File C:\apitesting\Stock-Market-LSTM\run_all_scripts.ps1
Process ID: 11756
PSVersion: 5.1.22621.3880
PSEdition: Desktop
PSCompatibleVersions: 1.0, 2.0, 3.0, 4.0, 5.0, 5.1.22621.3880
BuildVersion: 10.0.22621.3880
CLRVersion: 4.0.30319.42000
WSManStackVersion: 3.0
PSRemotingProtocolVersion: 2.3
SerializationVersion: 1.1.0.1
**********************
Transcript started, output file is C:\apitesting\Stock-Market-LSTM\run_all_scripts.log
Starting the stock market data download and processing sequence...
Running Ticker Downloader...
Ticker Downloader completed successfully.
Running Bulk Price Downloader...
Bulk Price Downloader completed successfully.
Running Indicators script...
Indicators script completed successfully.
Running Predictor script...
Predictor script completed successfully.
Running Nightly broker script...
Nightly broker script completed successfully.
This Week's Buy Signals Saved to BuySignals.json
**********************
Windows PowerShell transcript end
End time: 20240806213734
**********************
**********************
Windows PowerShell transcript start
Start time: 20240807203001
Username: DESKTOP-UQ8O8Q7\Masam
RunAs User: DESKTOP-UQ8O8Q7\Masam
Configuration Name: 
Machine: DESKTOP-UQ8O8Q7 (Microsoft Windows NT 10.0.22631.0)
Host Application: powershell.exe -ExecutionPolicy Bypass -File C:\apitesting\Stock-Market-LSTM\run_all_scripts.ps1
Process ID: 12364
PSVersion: 5.1.22621.3880
PSEdition: Desktop
PSCompatibleVersions: 1.0, 2.0, 3.0, 4.0, 5.0, 5.1.22621.3880
BuildVersion: 10.0.22621.3880
CLRVersion: 4.0.30319.42000
WSManStackVersion: 3.0
PSRemotingProtocolVersion: 2.3
SerializationVersion: 1.1.0.1
**********************
Transcript started, output file is C:\apitesting\Stock-Market-LSTM\run_all_scripts.log
Starting the stock market data download and processing sequence...
Running Ticker Downloader...
Ticker Downloader completed successfully.
