
2024-04-14 21:22:01,403 - INFO - File downloaded and saved successfully in CSV.
2024-04-14 21:24:00,564 - INFO - File downloaded and saved successfully in CSV.
2024-04-15 20:00:02,053 - INFO - File downloaded and saved successfully in CSV.
2024-04-16 20:00:02,176 - INFO - File downloaded and saved successfully in CSV.
2024-04-17 20:00:01,992 - INFO - File downloaded and saved successfully in CSV.
2024-04-18 20:00:01,870 - INFO - File downloaded and saved successfully in CSV.
2024-04-19 20:00:01,820 - INFO - File downloaded and saved successfully in CSV.
2024-04-20 20:00:05,358 - INFO - File downloaded and saved successfully in CSV.
2024-04-24 20:00:02,484 - INFO - File downloaded and saved successfully in CSV.
2024-04-25 20:00:02,165 - INFO - File downloaded and saved successfully in CSV.
2024-04-26 20:00:04,984 - INFO - File downloaded and saved successfully in CSV.
2024-04-28 20:00:05,117 - INFO - File downloaded and saved successfully in CSV.
2024-04-29 20:00:05,788 - INFO - File downloaded and saved successfully in CSV.
2024-05-01 20:00:02,113 - INFO - File downloaded and saved successfully in CSV.
2024-05-03 18:55:52,298 - INFO - File downloaded and saved successfully in CSV.
2024-05-03 20:00:02,135 - INFO - File downloaded and saved successfully in CSV.
2024-05-04 20:00:01,990 - INFO - File downloaded and saved successfully in CSV.
2024-05-05 20:00:01,903 - INFO - File downloaded and saved successfully in CSV.
2024-05-08 20:00:05,340 - INFO - File downloaded and saved successfully in CSV.
2024-05-09 20:00:02,762 - INFO - File downloaded and saved successfully in CSV.
2024-05-10 20:00:02,815 - INFO - File downloaded and saved successfully in CSV.
2024-05-11 20:00:02,563 - INFO - File downloaded and saved successfully in CSV.
2024-05-12 20:00:02,421 - INFO - File downloaded and saved successfully in CSV.
2024-05-13 20:00:02,445 - INFO - File downloaded and saved successfully in CSV.
2024-05-15 20:00:02,214 - INFO - File downloaded and saved successfully in CSV.
2024-05-16 20:00:02,210 - INFO - File downloaded and saved successfully in CSV.
2024-05-17 20:00:02,394 - INFO - File downloaded and saved successfully in CSV.
2024-05-18 13:21:49,526 - INFO - File downloaded and saved successfully in Feather format.
2024-05-18 13:26:27,303 - INFO - File downloaded and saved successfully in Parquet format.
2024-05-18 20:00:04,756 - INFO - File downloaded and saved successfully in Parquet format.
2024-05-19 20:00:02,019 - INFO - File downloaded and saved successfully in Parquet format.
2024-05-20 20:00:02,070 - INFO - File downloaded and saved successfully in Parquet format.
2024-05-21 20:00:02,122 - INFO - File downloaded and saved successfully in Parquet format.
2024-05-22 20:00:02,022 - INFO - File downloaded and saved successfully in Parquet format.
2024-05-24 20:00:02,440 - INFO - File downloaded and saved successfully in Parquet format.
2024-05-25 20:00:02,285 - INFO - File downloaded and saved successfully in Parquet format.
2024-05-26 20:00:02,535 - INFO - File downloaded and saved successfully in Parquet format.
2024-05-27 20:00:02,331 - INFO - File downloaded and saved successfully in Parquet format.
2024-05-29 20:00:01,936 - INFO - File downloaded and saved successfully in Parquet format.
2024-05-30 13:55:30,318 - INFO - File downloaded and saved successfully in Parquet format.
2024-05-30 14:00:00,031 - ERROR - Error occurred: HTTPSConnectionPool(host='www.sec.gov', port=443): Max retries exceeded with url: /files/company_tickers_exchange.json (Caused by NameResolutionError("<urllib3.connection.HTTPSConnection object at 0x000001AA4B996250>: Failed to resolve 'www.sec.gov' ([Errno 11001] getaddrinfo failed)"))
2024-05-30 14:00:15,903 - INFO - File downloaded and saved successfully in Parquet format.
2024-06-07 21:58:15,319 - INFO - File downloaded and saved successfully in Parquet format.
2024-06-17 21:45:56,682 - INFO - File downloaded and saved successfully in Parquet format.
2024-06-21 18:48:48,752 - ERROR - Error occurred: HTTPSConnectionPool(host='www.sec.gov', port=443): Max retries exceeded with url: /files/company_tickers_exchange.json (Caused by NameResolutionError("<urllib3.connection.HTTPSConnection object at 0x00000227B46B4340>: Failed to resolve 'www.sec.gov' ([Errno 11001] getaddrinfo failed)"))
2024-06-25 21:19:01,968 - ERROR - Error occurred: HTTPSConnectionPool(host='www.sec.gov', port=443): Max retries exceeded with url: /files/company_tickers_exchange.json (Caused by NewConnectionError('<urllib3.connection.HTTPSConnection object at 0x000002D9A1FA1E50>: Failed to establish a new connection: [Errno 11001] getaddrinfo failed'))
2024-06-25 21:31:01,967 - INFO - File downloaded and saved successfully in Parquet format.
2024-06-26 20:30:02,687 - ERROR - Error occurred: HTTPSConnectionPool(host='www.sec.gov', port=443): Max retries exceeded with url: /files/company_tickers_exchange.json (Caused by NameResolutionError("<urllib3.connection.HTTPSConnection object at 0x000001ED45064340>: Failed to resolve 'www.sec.gov' ([Errno 11001] getaddrinfo failed)"))
2024-07-31 21:11:45,382 - ERROR - Error occurred: HTTPSConnectionPool(host='www.sec.gov', port=443): Max retries exceeded with url: /files/company_tickers_exchange.json (Caused by NameResolutionError("<urllib3.connection.HTTPSConnection object at 0x000002181BFFC7C0>: Failed to resolve 'www.sec.gov' ([Errno 11001] getaddrinfo failed)"))
2024-07-31 21:12:35,786 - INFO - File downloaded and saved successfully in Parquet format.
2024-08-01 20:30:02,035 - ERROR - Error occurred: HTTPSConnectionPool(host='www.sec.gov', port=443): Max retries exceeded with url: /files/company_tickers_exchange.json (Caused by NameResolutionError("<urllib3.connection.HTTPSConnection object at 0x000002590520C7C0>: Failed to resolve 'www.sec.gov' ([Errno 11001] getaddrinfo failed)"))
2024-08-02 20:30:01,980 - ERROR - Error occurred: HTTPSConnectionPool(host='www.sec.gov', port=443): Max retries exceeded with url: /files/company_tickers_exchange.json (Caused by NameResolutionError("<urllib3.connection.HTTPSConnection object at 0x000001CE643CC7C0>: Failed to resolve 'www.sec.gov' ([Errno 11001] getaddrinfo failed)"))
2024-08-03 18:18:53,414 - ERROR - Error occurred: HTTPSConnectionPool(host='www.sec.gov', port=443): Max retries exceeded with url: /files/company_tickers_exchange.json (Caused by NameResolutionError("<urllib3.connection.HTTPSConnection object at 0x000001B865B4C7C0>: Failed to resolve 'www.sec.gov' ([Errno 11001] getaddrinfo failed)"))
2024-08-03 20:30:01,984 - ERROR - Error occurred: HTTPSConnectionPool(host='www.sec.gov', port=443): Max retries exceeded with url: /files/company_tickers_exchange.json (Caused by NameResolutionError("<urllib3.connection.HTTPSConnection object at 0x000002536F9ED7C0>: Failed to resolve 'www.sec.gov' ([Errno 11001] getaddrinfo failed)"))
2024-08-04 20:30:02,262 - ERROR - Error occurred: HTTPSConnectionPool(host='www.sec.gov', port=443): Max retries exceeded with url: /files/company_tickers_exchange.json (Caused by NameResolutionError("<urllib3.connection.HTTPSConnection object at 0x000002001CACC7C0>: Failed to resolve 'www.sec.gov' ([Errno 11001] getaddrinfo failed)"))
2024-08-05 20:30:02,083 - ERROR - Error occurred: HTTPSConnectionPool(host='www.sec.gov', port=443): Max retries exceeded with url: /files/company_tickers_exchange.json (Caused by NameResolutionError("<urllib3.connection.HTTPSConnection object at 0x000002A48883C7C0>: Failed to resolve 'www.sec.gov' ([Errno 11001] getaddrinfo failed)"))
2024-08-06 20:30:02,380 - ERROR - Error occurred: HTTPSConnectionPool(host='www.sec.gov', port=443): Max retries exceeded with url: /files/company_tickers_exchange.json (Caused by NameResolutionError("<urllib3.connection.HTTPSConnection object at 0x00000164EE95C7C0>: Failed to resolve 'www.sec.gov' ([Errno 11001] getaddrinfo failed)"))
2024-08-07 20:30:02,156 - ERROR - Error occurred: HTTPSConnectionPool(host='www.sec.gov', port=443): Max retries exceeded with url: /files/company_tickers_exchange.json (Caused by NameResolutionError("<urllib3.connection.HTTPSConnection object at 0x000001DA670FC7C0>: Failed to resolve 'www.sec.gov' ([Errno 11001] getaddrinfo failed)"))
2024-08-08 20:30:02,913 - ERROR - Error occurred: HTTPSConnectionPool(host='www.sec.gov', port=443): Max retries exceeded with url: /files/company_tickers_exchange.json (Caused by NameResolutionError("<urllib3.connection.HTTPSConnection object at 0x00000210FC7CC7C0>: Failed to resolve 'www.sec.gov' ([Errno 11001] getaddrinfo failed)"))
2024-08-09 20:30:03,019 - ERROR - Error occurred: HTTPSConnectionPool(host='www.sec.gov', port=443): Max retries exceeded with url: /files/company_tickers_exchange.json (Caused by NameResolutionError("<urllib3.connection.HTTPSConnection object at 0x000001A414D6C7C0>: Failed to resolve 'www.sec.gov' ([Errno 11001] getaddrinfo failed)"))
2024-08-10 20:30:03,011 - ERROR - Error occurred: HTTPSConnectionPool(host='www.sec.gov', port=443): Max retries exceeded with url: /files/company_tickers_exchange.json (Caused by NameResolutionError("<urllib3.connection.HTTPSConnection object at 0x00000199ADA3C7C0>: Failed to resolve 'www.sec.gov' ([Errno 11001] getaddrinfo failed)"))
2024-08-11 20:30:02,203 - ERROR - Error occurred: HTTPSConnectionPool(host='www.sec.gov', port=443): Max retries exceeded with url: /files/company_tickers_exchange.json (Caused by NameResolutionError("<urllib3.connection.HTTPSConnection object at 0x000001FF5901C7C0>: Failed to resolve 'www.sec.gov' ([Errno 11001] getaddrinfo failed)"))
2024-08-12 20:30:02,575 - ERROR - Error occurred: HTTPSConnectionPool(host='www.sec.gov', port=443): Max retries exceeded with url: /files/company_tickers_exchange.json (Caused by NameResolutionError("<urllib3.connection.HTTPSConnection object at 0x000001D4B479C7C0>: Failed to resolve 'www.sec.gov' ([Errno 11001] getaddrinfo failed)"))
2024-08-14 01:29:19,088 - ERROR - Error occurred: HTTPSConnectionPool(host='www.sec.gov', port=443): Max retries exceeded with url: /files/company_tickers_exchange.json (Caused by NameResolutionError("<urllib3.connection.HTTPSConnection object at 0x00000138F39FC7C0>: Failed to resolve 'www.sec.gov' ([Errno 11001] getaddrinfo failed)"))
2024-08-14 20:30:03,244 - ERROR - Error occurred: HTTPSConnectionPool(host='www.sec.gov', port=443): Max retries exceeded with url: /files/company_tickers_exchange.json (Caused by NameResolutionError("<urllib3.connection.HTTPSConnection object at 0x000001B3F3D0C7C0>: Failed to resolve 'www.sec.gov' ([Errno 11001] getaddrinfo failed)"))
2024-08-15 20:30:02,881 - ERROR - Error occurred: HTTPSConnectionPool(host='www.sec.gov', port=443): Max retries exceeded with url: /files/company_tickers_exchange.json (Caused by NameResolutionError("<urllib3.connection.HTTPSConnection object at 0x000002466DAEC7C0>: Failed to resolve 'www.sec.gov' ([Errno 11001] getaddrinfo failed)"))
2024-08-16 20:30:02,940 - ERROR - Error occurred: HTTPSConnectionPool(host='www.sec.gov', port=443): Max retries exceeded with url: /files/company_tickers_exchange.json (Caused by NameResolutionError("<urllib3.connection.HTTPSConnection object at 0x0000023ECFFFD7C0>: Failed to resolve 'www.sec.gov' ([Errno 11001] getaddrinfo failed)"))
2024-08-17 20:30:02,938 - ERROR - Error occurred: HTTPSConnectionPool(host='www.sec.gov', port=443): Max retries exceeded with url: /files/company_tickers_exchange.json (Caused by NameResolutionError("<urllib3.connection.HTTPSConnection object at 0x0000020B1F0FC7C0>: Failed to resolve 'www.sec.gov' ([Errno 11001] getaddrinfo failed)"))
2024-08-18 20:30:03,204 - INFO - File downloaded and saved successfully in Parquet format.
2024-08-19 20:30:02,965 - INFO - File downloaded and saved successfully in Parquet format.
2024-08-20 20:30:02,903 - INFO - File downloaded and saved successfully in Parquet format.
2024-08-21 20:30:02,468 - ERROR - Error occurred: HTTPSConnectionPool(host='www.sec.gov', port=443): Max retries exceeded with url: /files/company_tickers_exchange.json (Caused by NameResolutionError("<urllib3.connection.HTTPSConnection object at 0x00000284C1D7C7C0>: Failed to resolve 'www.sec.gov' ([Errno 11001] getaddrinfo failed)"))
2024-08-22 20:30:03,086 - ERROR - Error occurred: HTTPSConnectionPool(host='www.sec.gov', port=443): Max retries exceeded with url: /files/company_tickers_exchange.json (Caused by NameResolutionError("<urllib3.connection.HTTPSConnection object at 0x00000212CB26C7C0>: Failed to resolve 'www.sec.gov' ([Errno 11001] getaddrinfo failed)"))
2024-08-25 20:30:02,428 - ERROR - Error occurred: HTTPSConnectionPool(host='www.sec.gov', port=443): Max retries exceeded with url: /files/company_tickers_exchange.json (Caused by NameResolutionError("<urllib3.connection.HTTPSConnection object at 0x0000020BDCE4D7C0>: Failed to resolve 'www.sec.gov' ([Errno 11001] getaddrinfo failed)"))
2024-08-26 20:30:02,541 - ERROR - Error occurred: HTTPSConnectionPool(host='www.sec.gov', port=443): Max retries exceeded with url: /files/company_tickers_exchange.json (Caused by NameResolutionError("<urllib3.connection.HTTPSConnection object at 0x0000026D15DED7C0>: Failed to resolve 'www.sec.gov' ([Errno 11001] getaddrinfo failed)"))
