2024-03-09 20:52:34,194 - INFO - V================(NEW ENTRY)================V
2024-03-09 20:52:34,517 - INFO - Data loaded in 'Batch' mode. Total shape: (104363, 61)
2024-03-09 20:52:34,517 - INFO - Data loaded in 0.3 seconds
2024-03-09 20:52:34,938 - INFO - Number of columns removed: 0
2024-03-09 20:52:34,938 - INFO - Columns removed: []
2024-03-09 20:53:16,614 - INFO - Predictions - Mean: 0.0007, Std: 0.0019, Max: 0.0388, Min: -0.0407
2024-03-09 20:53:16,614 - INFO - Actual - Mean: 0.0007, Std: 0.0195, Max: 0.0907, Min: -0.0886
2024-03-09 20:53:16,615 - INFO - Differences - Mean: -0.93%, Std: -90.36%
2024-03-09 20:53:16,615 - INFO - Number of inf/nan predictions: 0
2024-03-09 20:53:16,615 - INFO - Model Configuration: n_estimators=450, max_depth=13, min_samples_split=8, min_samples_leaf=4
2024-03-09 20:53:16,616 - INFO - Error Metrics: MSE=0.0004, R-squared=-0.0041, MAE=0.0139, MAPE=99.8149%
2024-03-09 20:53:16,616 - INFO - Sign Accuracy: 50.38%
2024-03-09 20:53:16,634 - INFO - Consecutive Correct Sign Predictions: 13, Consecutive Incorrect Sign Predictions: 14
2024-03-09 20:53:16,634 - INFO - Random Sample of Predictions: [ 0.00051605  0.00036529  0.00096631  0.00051752  0.00060249  0.00049909
  0.00058345 -0.00233951  0.00068157  0.00054278  0.00070596  0.0002615
  0.00024296  0.00133585  0.00066649  0.00051161  0.00059216  0.00052447
  0.00026208  0.00091047  0.0002957   0.00057799  0.0003946   0.00088181
  0.0005307   0.00077117  0.00072381  0.0005291   0.00062903  0.00052901
  0.00057367  0.00113009  0.00050292  0.00066909  0.00052294 -0.00153044
  0.00050319  0.00084772 -0.00154032  0.00050674  0.00040909  0.000485
  0.00057956  0.00066054  0.00048922]
2024-03-09 20:53:16,634 - INFO - Random Sample of Actuals: [ 0.0069887  -0.0131133   0.         -0.02541521  0.00426623  0.02114473
  0.03058823  0.01883906  0.0130293  -0.00474163 -0.00125403 -0.00134225
 -0.00144173  0.01111111 -0.00632905 -0.00667599  0.01675983 -0.00429189
  0.0031746   0.01449627  0.02369566  0.00539462  0.          0.
  0.         -0.02802148  0.00925926  0.00116088 -0.00952378  0.01533289
  0.02424237  0.00270298  0.00015614  0.00505051  0.01224103  0.02221312
 -0.00959057  0.0159734   0.         -0.00449443 -0.00104947  0.00716512
 -0.02706486 -0.00071138  0.01737148]
2024-03-09 20:54:11,236 - INFO - Model trained in 96.3 seconds
2024-03-09 20:54:29,465 - INFO - V================(NEW ENTRY)================V
2024-03-09 20:54:29,787 - INFO - Data loaded in 'Batch' mode. Total shape: (104363, 61)
2024-03-09 20:54:29,788 - INFO - Data loaded in 0.3 seconds
2024-03-09 20:54:30,206 - INFO - Number of columns removed: 0
2024-03-09 20:54:30,207 - INFO - Columns removed: []
2024-03-09 20:54:48,568 - INFO - Predictions - Mean: 0.0007, Std: 0.0015, Max: 0.0319, Min: -0.0368
2024-03-09 20:54:48,568 - INFO - Actual - Mean: 0.0007, Std: 0.0195, Max: 0.0907, Min: -0.0886
2024-03-09 20:54:48,568 - INFO - Differences - Mean: -0.58%, Std: -92.20%
2024-03-09 20:54:48,568 - INFO - Number of inf/nan predictions: 0
2024-03-09 20:54:48,568 - INFO - Model Configuration: n_estimators=350, max_depth=7, min_samples_split=8, min_samples_leaf=4
2024-03-09 20:54:48,569 - INFO - Error Metrics: MSE=0.0004, R-squared=-0.0025, MAE=0.0139, MAPE=99.4732%
2024-03-09 20:54:48,570 - INFO - Sign Accuracy: 50.28%
2024-03-09 20:54:48,587 - INFO - Consecutive Correct Sign Predictions: 12, Consecutive Incorrect Sign Predictions: 14
2024-03-09 20:54:48,588 - INFO - Random Sample of Predictions: [ 0.00055797  0.0005931   0.00081483  0.0005728   0.00049573  0.00078836
 -0.00207592  0.00061958  0.00066545  0.00052496  0.00054299  0.00018509
  0.00056324  0.00056324  0.00054455  0.00055455  0.00055363  0.00055455
 -0.00022295  0.00056324  0.00094385  0.00206739  0.00058081  0.00060825
 -0.00032698  0.00089105  0.00078926  0.0005535   0.00046666  0.00065126
  0.00043935  0.0005537   0.00053126  0.00093464  0.0006976   0.00094399
  0.00065935 -0.01606478  0.00073401  0.00075577  0.00055657  0.00056324
  0.00056024  0.0009951   0.00088856]
2024-03-09 20:54:48,588 - INFO - Random Sample of Actuals: [ 6.703200e-03  0.000000e+00  0.000000e+00  1.834866e-02  5.947950e-03
  0.000000e+00  3.385124e-02 -4.307860e-03  6.061030e-03  1.801802e-02
 -1.960775e-02  7.784380e-03  1.792058e-02  1.365803e-02  4.526530e-03
 -8.387380e-03 -2.959420e-03 -1.691971e-02  2.739718e-02 -6.302020e-03
  1.180746e-02 -2.303474e-02 -2.293963e-02 -1.871105e-02 -3.296053e-02
 -3.571430e-03 -3.533570e-03  6.851260e-03 -9.932000e-05  3.091161e-02
  1.190477e-02 -1.774190e-02 -5.159370e-03  2.579650e-03  2.468970e-03
  6.771370e-03  2.812803e-02 -2.029915e-02  5.975410e-03 -1.219506e-02
  9.360420e-03  1.014670e-03 -2.676190e-03  2.539287e-02 -7.356900e-03]
2024-03-09 20:55:07,147 - INFO - Model trained in 36.9 seconds
2024-03-09 21:00:53,548 - INFO - V================(NEW ENTRY)================V
2024-03-09 21:00:53,875 - INFO - Data loaded in 'Batch' mode. Total shape: (104363, 61)
2024-03-09 21:00:53,875 - INFO - Data loaded in 0.3 seconds
2024-03-09 21:00:54,292 - INFO - Number of columns removed: 0
2024-03-09 21:00:54,292 - INFO - Columns removed: []
2024-03-09 21:01:07,343 - INFO - Predictions - Mean: 0.0007, Std: 0.0013, Max: 0.0270, Min: -0.0332
2024-03-09 21:01:07,344 - INFO - Actual - Mean: 0.0007, Std: 0.0195, Max: 0.0907, Min: -0.0886
2024-03-09 21:01:07,344 - INFO - Differences - Mean: -0.45%, Std: -93.17%
2024-03-09 21:01:07,344 - INFO - Number of inf/nan predictions: 0
2024-03-09 21:01:07,344 - INFO - Model Configuration: n_estimators=350, max_depth=5, min_samples_split=2, min_samples_leaf=2
2024-03-09 21:01:07,346 - INFO - Error Metrics: MSE=0.0004, R-squared=-0.0014, MAE=0.0139, MAPE=99.3261%
2024-03-09 21:01:07,346 - INFO - Sign Accuracy: 50.25%
2024-03-09 21:01:07,363 - INFO - Consecutive Correct Sign Predictions: 12, Consecutive Incorrect Sign Predictions: 14
2024-03-09 21:01:07,363 - INFO - Random Sample of Predictions: [ 0.00060457  0.00058272  0.00057065  0.00078683  0.00057489  0.00058272
  0.00058272  0.00052153  0.00057626  0.00058272  0.00062759  0.00071182
  0.00057857  0.00058272  0.00071684  0.00057575  0.00057994  0.00079344
  0.00059079  0.00058272  0.00059493  0.00063738  0.00058345  0.00057575
  0.00057904  0.00058755  0.00058588  0.0005963   0.00066156  0.00060662
  0.00096939  0.00058272 -0.00021796  0.00059282  0.00059462  0.00057249
  0.00058666  0.00059198 -0.0012437   0.00051896  0.00079658  0.00099373
  0.00057994  0.00077644  0.00061781]
2024-03-09 21:01:07,364 - INFO - Random Sample of Actuals: [-0.01348208 -0.01383474  0.01818668  0.02262931 -0.00801564  0.0218977
  0.00679652 -0.01659454  0.         -0.01429887 -0.00248548  0.02239615
  0.00367198  0.01572972  0.00224646 -0.02503399  0.00142166  0.01246888
 -0.00423324  0.01586357 -0.04713988 -0.01348231 -0.00735297 -0.0110141
 -0.00614754  0.01821533 -0.00732007  0.01041664 -0.02807389  0.01003285
 -0.00208763 -0.00887752 -0.06814815 -0.00769229 -0.01268399  0.00102014
 -0.00469257 -0.00558112  0.00721154  0.00242637 -0.007098    0.00829697
 -0.00791384  0.0039559   0.02254212]
2024-03-09 21:01:12,620 - INFO - Model trained in 18.3 seconds
2024-03-09 21:05:56,879 - INFO - V================(NEW ENTRY)================V
2024-03-09 21:05:57,184 - INFO - Data loaded in 'Batch' mode. Total shape: (104363, 61)
2024-03-09 21:05:57,184 - INFO - Data loaded in 0.3 seconds
2024-03-09 21:05:57,597 - INFO - Number of columns removed: 0
2024-03-09 21:05:57,597 - INFO - Columns removed: []
2024-03-09 21:13:29,643 - INFO - V================(NEW ENTRY)================V
2024-03-09 21:13:29,948 - INFO - Data loaded in 'Batch' mode. Total shape: (104363, 61)
2024-03-09 21:13:29,948 - INFO - Data loaded in 0.3 seconds
2024-03-09 21:13:30,360 - INFO - Number of columns removed: 0
2024-03-09 21:13:30,360 - INFO - Columns removed: []
2024-03-09 21:17:51,134 - INFO - Predictions - Mean: 0.0007, Std: 0.0013, Max: 0.0277, Min: -0.0316
2024-03-09 21:17:51,134 - INFO - Actual - Mean: 0.0007, Std: 0.0195, Max: 0.0907, Min: -0.0886
2024-03-09 21:17:51,134 - INFO - Differences - Mean: -0.11%, Std: -93.09%
2024-03-09 21:17:51,134 - INFO - Number of inf/nan predictions: 0
2024-03-09 21:17:51,135 - INFO - Model Configuration: n_estimators=350, max_depth=5, min_samples_split=8, min_samples_leaf=4
2024-03-09 21:17:51,135 - INFO - Error Metrics: MSE=0.0004, R-squared=-0.0015, MAE=0.0139, MAPE=99.3521%
2024-03-09 21:17:51,136 - INFO - Sign Accuracy: 50.20%
2024-03-09 21:17:51,152 - INFO - Consecutive Correct Sign Predictions: 12, Consecutive Incorrect Sign Predictions: 14
2024-03-09 21:17:51,153 - INFO - Random Sample of Predictions: [ 8.48986306e-04  6.04871391e-04  2.80218760e-04  1.71841813e-03
  5.90264465e-04  8.02116865e-03  5.54697525e-04  5.58781638e-04
  5.90264465e-04  5.90264465e-04  5.61579467e-04  4.71924198e-04
  5.79657143e-04  5.97676214e-04  7.51306090e-04  5.70475603e-04
  5.90264465e-04  5.98748905e-04  5.98748905e-04  9.74408394e-04
  6.55919626e-04  7.56688880e-04  3.56942655e-04 -1.66497665e-04
  5.90264465e-04 -2.36775089e-05  9.43745876e-04  6.12764643e-04
  5.96386951e-04  7.96028161e-04  5.90264465e-04  5.90264465e-04
  5.90264465e-04  5.90264465e-04  6.12764643e-04  5.90264465e-04
  6.42900816e-04  6.21249083e-04  7.46591030e-04  7.06081826e-03
  6.07888369e-04  6.86767426e-04  5.90264465e-04  5.90264465e-04
  5.71436387e-03]
2024-03-09 21:17:51,153 - INFO - Random Sample of Actuals: [-0.01835512  0.00968998 -0.00890865  0.01009841 -0.02898551  0.
 -0.01256545  0.         -0.00589631  0.01311413 -0.00187368 -0.00925926
 -0.00173908  0.00511507  0.01095389  0.00596169  0.0031471  -0.00944092
 -0.00021562 -0.02219237  0.02675276 -0.03493233 -0.00541966 -0.02500007
  0.01514305  0.00337838 -0.01094005 -0.01333336 -0.00465928  0.0023073
 -0.00693829 -0.00543643  0.01254279 -0.02392345 -0.02347418  0.00728153
 -0.02554598 -0.0034334  -0.00115643 -0.02043598 -0.00202015 -0.02956344
  0.01234574  0.00047738  0.00613864]
2024-03-09 21:18:28,205 - INFO - Model trained in 297.8 seconds
2024-03-09 21:19:13,798 - INFO - V================(NEW ENTRY)================V
2024-03-09 21:19:14,119 - INFO - Data loaded in 'Batch' mode. Total shape: (104363, 61)
2024-03-09 21:19:14,119 - INFO - Data loaded in 0.3 seconds
2024-03-09 21:19:14,535 - INFO - Number of columns removed: 0
2024-03-09 21:19:14,535 - INFO - Columns removed: []
2024-03-09 21:19:27,597 - INFO - Predictions - Mean: 0.0007, Std: 0.0014, Max: 0.0275, Min: -0.0331
2024-03-09 21:19:27,597 - INFO - Actual - Mean: 0.0007, Std: 0.0195, Max: 0.0907, Min: -0.0886
2024-03-09 21:19:27,597 - INFO - Differences - Mean: -0.40%, Std: -93.04%
2024-03-09 21:19:27,597 - INFO - Number of inf/nan predictions: 0
2024-03-09 21:19:27,597 - INFO - Model Configuration: n_estimators=350, max_depth=5, min_samples_split=8, min_samples_leaf=4
2024-03-09 21:19:27,599 - INFO - Error Metrics: MSE=0.0004, R-squared=-0.0020, MAE=0.0139, MAPE=99.3674%
2024-03-09 21:19:27,599 - INFO - Sign Accuracy: 50.19%
2024-03-09 21:19:27,616 - INFO - Consecutive Correct Sign Predictions: 12, Consecutive Incorrect Sign Predictions: 14
2024-03-09 21:19:27,617 - INFO - Random Sample of Predictions: [ 0.00051419  0.00058987  0.0006738   0.00180249  0.00056075  0.00059074
  0.00061978  0.00058377  0.00034983  0.00884413  0.000857    0.00046213
  0.00054701  0.00053675  0.00058221  0.0005973   0.00046721 -0.00085076
  0.00061636  0.00049246  0.00059062  0.00058221  0.00060578  0.0005849
  0.00058221  0.00058221  0.00064805  0.00069403  0.00063859  0.00058221
  0.00059074  0.00058221  0.00058221  0.00062614  0.00052555  0.00058291
  0.00057573  0.00058221  0.00058221 -0.00441829  0.00328326  0.00054925
  0.0005227   0.00080485 -0.00051032]
2024-03-09 21:19:27,617 - INFO - Random Sample of Actuals: [-0.00116057 -0.02747132 -0.00757576 -0.01946108  0.01121827  0.
  0.01736853 -0.03244534 -0.00918105 -0.04567302  0.05426962  0.01200364
  0.00547715  0.0064956  -0.01342282 -0.02815315 -0.01601759 -0.02088773
 -0.0141844   0.00778438  0.01402729  0.0059474   0.0193638   0.00426446
  0.00828686  0.00722968 -0.00015534 -0.0327022  -0.02749031  0.00207769
  0.00581306 -0.00092051  0.00804245  0.05321997 -0.00239298 -0.02608829
  0.00286534  0.00241134 -0.00933081 -0.01101135  0.07474745 -0.00788842
  0.01362398  0.00790514 -0.00187685]
2024-03-09 21:19:37,185 - INFO - Model trained in 22.6 seconds
2024-03-10 00:18:23,476 - INFO - V================(NEW ENTRY)================V
2024-03-10 00:18:23,782 - INFO - Data loaded in 'Batch' mode. Total shape: (104363, 61)
2024-03-10 00:18:23,782 - INFO - Data loaded in 0.3 seconds
2024-03-10 00:18:24,202 - INFO - Number of columns removed: 8
2024-03-10 00:18:24,203 - INFO - Columns removed: ['EMA', 'APZ_Upper', 'APZ_Lower', 'pct_change_std', 'percent_change_Close_7', 'percent_change_Close_30', 'pct_change_std_rolling', 'VWAP_Divergence']
2024-03-10 00:18:34,075 - INFO - Predictions - Mean: 1.0000, Std: 0.0000, Max: 1.0000, Min: 1.0000
2024-03-10 00:18:34,075 - INFO - Actual - Mean: 47.4835, Std: 64.5676, Max: 596.1161, Min: 0.1251
2024-03-10 00:18:34,075 - INFO - Differences - Mean: -97.89%, Std: -100.00%
2024-03-10 00:18:34,075 - INFO - Number of inf/nan predictions: 0
2024-03-10 00:18:34,075 - INFO - Model Configuration: n_estimators=350, max_depth=5, min_samples_split=8, min_samples_leaf=4
2024-03-10 00:18:34,077 - INFO - Error Metrics: MSE=6329.6841, R-squared=-0.5183, MAE=46.5201, MAPE=93.6691%
2024-03-10 00:18:34,077 - INFO - Sign Accuracy: 100.00%
2024-03-10 00:18:34,094 - INFO - Consecutive Correct Sign Predictions: 20873, Consecutive Incorrect Sign Predictions: 0
2024-03-10 00:18:34,095 - INFO - Random Sample of Predictions: [1. 1. 1. 1. 1. 1. 1. 1. 1. 1. 1. 1. 1. 1. 1. 1. 1. 1. 1. 1. 1. 1. 1. 1.
 1. 1. 1. 1. 1. 1. 1. 1. 1. 1. 1. 1. 1. 1. 1. 1. 1. 1. 1. 1. 1.]
2024-03-10 00:18:34,095 - INFO - Random Sample of Actuals: [4.00000000e+01 2.34375000e-01 5.05208302e+00 1.18260002e+02
 5.07200012e+01 2.62688827e+01 4.68124990e-01 4.11250000e+01
 8.37200012e+01 5.89399986e+01 1.07729998e+01 1.76710007e+02
 9.44999990e-01 7.92595901e+01 6.36500015e+01 5.58429985e+01
 1.67549992e+01 3.91199989e+01 5.18699989e+01 4.15299988e+01
 2.14169998e+02 1.76360001e+02 3.28730011e+02 2.13750000e+01
 1.97500000e+01 4.64500008e+01 1.74687500e+01 4.29799995e+01
 2.98899994e+01 2.06160004e+02 7.28702302e+01 2.94469223e+01
 9.87749958e+00 8.61239624e+00 6.10599995e+00 2.75000000e+01
 2.96299095e+01 1.41852341e+01 1.51999998e+01 5.18750000e+00
 5.99223089e+00 3.72999992e+01 1.17075005e+01 5.47500010e-01
 1.18437505e+00]
2024-03-10 00:19:05,167 - INFO - Model trained in 41.0 seconds
2024-03-10 00:25:32,435 - INFO - V================(NEW ENTRY)================V
2024-03-10 00:25:32,435 - INFO - Target Column: Close
2024-03-10 00:25:32,754 - INFO - Data loaded in 'Batch' mode. Total shape: (104363, 61)
2024-03-10 00:25:32,754 - INFO - Data loaded in 0.3 seconds
2024-03-10 00:25:33,170 - INFO - Number of columns removed: 8
2024-03-10 00:25:33,170 - INFO - Columns removed: ['EMA', 'APZ_Upper', 'APZ_Lower', 'pct_change_std', 'percent_change_Close_7', 'percent_change_Close_30', 'pct_change_std_rolling', 'VWAP_Divergence']
2024-03-10 00:25:42,846 - INFO - Predictions - Mean: 1.0000, Std: 0.0000, Max: 1.0000, Min: 1.0000
2024-03-10 00:25:42,846 - INFO - Actual - Mean: 47.4835, Std: 64.5676, Max: 596.1161, Min: 0.1251
2024-03-10 00:25:42,846 - INFO - Differences - Mean: -97.89%, Std: -100.00%
2024-03-10 00:25:42,847 - INFO - Number of inf/nan predictions: 0
2024-03-10 00:25:42,847 - INFO - Model Configuration: n_estimators=350, max_depth=5, min_samples_split=8, min_samples_leaf=4
2024-03-10 00:25:42,848 - INFO - Error Metrics: MSE=6329.6841, R-squared=-0.5183, MAE=46.5201, MAPE=93.6691%
2024-03-10 00:25:42,848 - INFO - Sign Accuracy: 100.00%
2024-03-10 00:25:42,866 - INFO - Consecutive Correct Sign Predictions: 20873, Consecutive Incorrect Sign Predictions: 0
2024-03-10 00:25:42,866 - INFO - Random Sample of Predictions: [1. 1. 1. 1. 1. 1. 1. 1. 1. 1. 1. 1. 1. 1. 1. 1. 1. 1. 1. 1. 1. 1. 1. 1.
 1. 1. 1. 1. 1. 1. 1. 1. 1. 1. 1. 1. 1. 1. 1. 1. 1. 1. 1. 1. 1.]
2024-03-10 00:25:42,867 - INFO - Random Sample of Actuals: [ 40.11000061  19.5          9.84375     45.68999863  62.29259491
  32.625        0.94125003  81.91999817 103.05000305   7.92708302
  47.         122.5         28.98999977  21.80891228  12.29749966
   6.36999989  49.04000092   7.76249981  28.11178207  23.63636398
  28.95000076  56.02999878  34.97000122   5.0250001   39.98300552
 108.55999756 110.83136499   6.25        51.79000092  27.42000008
 229.99000549  49.68000031  26.375       35.44499969  89.12000275
  23.62000084  11.70370388   1.01874995  27.93000031  15.52700043
  28.44410896   2.72900009   2.13138103  24.76586151  34.02000046]
2024-03-10 00:25:45,516 - INFO - Model trained in 12.3 seconds
2024-03-10 00:31:07,990 - INFO - V================(NEW ENTRY)================V
2024-03-10 00:31:07,990 - INFO - Target Column: Close
2024-03-10 00:31:08,310 - INFO - Data loaded in 'Batch' mode. Total shape: (104363, 61)
2024-03-10 00:31:08,310 - INFO - Data loaded in 0.3 seconds
2024-03-10 00:31:08,727 - INFO - Number of columns removed: 8
2024-03-10 00:31:08,727 - INFO - Correlation with Close: 0.9988968134873961
2024-03-10 00:31:08,727 - INFO - Correlation with Close: 0.9985653796139687
2024-03-10 00:31:08,727 - INFO - Correlation with Close: 0.9987966007561794
2024-03-10 00:31:08,727 - INFO - Correlation with Close: 0.8476999794191562
2024-03-10 00:31:08,727 - INFO - Correlation with Close: 0.9993658181772668
2024-03-10 00:31:08,727 - INFO - Correlation with Close: 0.9979492427210799
2024-03-10 00:31:08,727 - INFO - Correlation with Close: 0.9985599723519903
2024-03-10 00:31:08,727 - INFO - Correlation with Close: 0.9352211709825087
2024-03-10 00:31:18,170 - INFO - Predictions - Mean: 1.0000, Std: 0.0000, Max: 1.0000, Min: 1.0000
2024-03-10 00:31:18,170 - INFO - Actual - Mean: 47.4835, Std: 64.5676, Max: 596.1161, Min: 0.1251
2024-03-10 00:31:18,170 - INFO - Differences - Mean: -97.89%, Std: -100.00%
2024-03-10 00:31:18,170 - INFO - Number of inf/nan predictions: 0
2024-03-10 00:31:18,170 - INFO - Model Configuration: n_estimators=350, max_depth=5, min_samples_split=8, min_samples_leaf=4
2024-03-10 00:31:18,172 - INFO - Error Metrics: MSE=6329.6841, R-squared=-0.5183, MAE=46.5201, MAPE=93.6691%
2024-03-10 00:31:18,172 - INFO - Sign Accuracy: 100.00%
2024-03-10 00:31:18,189 - INFO - Consecutive Correct Sign Predictions: 20873, Consecutive Incorrect Sign Predictions: 0
2024-03-10 00:31:18,190 - INFO - Random Sample of Predictions: [1. 1. 1. 1. 1. 1. 1. 1. 1. 1. 1. 1. 1. 1. 1. 1. 1. 1. 1. 1. 1. 1. 1. 1.
 1. 1. 1. 1. 1. 1. 1. 1. 1. 1. 1. 1. 1. 1. 1. 1. 1. 1. 1. 1. 1.]
2024-03-10 00:31:18,190 - INFO - Random Sample of Actuals: [128.88999939  56.75         1.56562495  47.35057831   6.80352306
 195.78999329 106.70999908  96.77999878  11.53499985  22.90999985
   8.75249958  31.37000084  61.56110764  13.40740681  18.16465378
   8.8125       4.49499989   8.18042564  93.13999939 173.83999634
  93.94999695 113.90000153  11.62963009   2.82392502  83.9375
  21.875      137.96000671  33.5         11.82999992  42.53345108
  41.57648841  20.72750092   2.58285809  27.          85.08000183
  16.38028717   9.75500011   5.69950724  20.64199448  54.70999908
  29.17673683  56.75         1.09500003   5.44122124  15.71500015]
2024-03-10 00:31:23,644 - INFO - Model trained in 14.9 seconds
2024-03-10 00:32:22,102 - INFO - V================(NEW ENTRY)================V
2024-03-10 00:32:22,102 - INFO - Target Column: Close
2024-03-10 00:32:22,400 - INFO - Data loaded in 'Batch' mode. Total shape: (104363, 61)
2024-03-10 00:32:22,400 - INFO - Data loaded in 0.3 seconds
2024-03-10 00:32:22,819 - INFO - Number of columns removed: 8
2024-03-10 00:32:22,819 - INFO - EMA Correlation with Close: 0.9988968134873961
2024-03-10 00:32:22,819 - INFO - APZ_Upper Correlation with Close: 0.9985653796139687
2024-03-10 00:32:22,819 - INFO - APZ_Lower Correlation with Close: 0.9987966007561794
2024-03-10 00:32:22,819 - INFO - pct_change_std Correlation with Close: 0.8476999794191562
2024-03-10 00:32:22,819 - INFO - percent_change_Close_7 Correlation with Close: 0.9993658181772668
2024-03-10 00:32:22,819 - INFO - percent_change_Close_30 Correlation with Close: 0.9979492427210799
2024-03-10 00:32:22,819 - INFO - pct_change_std_rolling Correlation with Close: 0.9985599723519903
2024-03-10 00:32:22,819 - INFO - VWAP_Divergence Correlation with Close: 0.9352211709825087
2024-03-10 00:32:32,596 - INFO - Predictions - Mean: 1.0000, Std: 0.0000, Max: 1.0000, Min: 1.0000
2024-03-10 00:32:32,597 - INFO - Actual - Mean: 47.4835, Std: 64.5676, Max: 596.1161, Min: 0.1251
2024-03-10 00:32:32,597 - INFO - Differences - Mean: -97.89%, Std: -100.00%
2024-03-10 00:32:32,597 - INFO - Number of inf/nan predictions: 0
2024-03-10 00:32:32,597 - INFO - Model Configuration: n_estimators=350, max_depth=5, min_samples_split=8, min_samples_leaf=4
2024-03-10 00:32:32,598 - INFO - Error Metrics: MSE=6329.6841, R-squared=-0.5183, MAE=46.5201, MAPE=93.6691%
2024-03-10 00:32:32,598 - INFO - Sign Accuracy: 100.00%
2024-03-10 00:32:32,616 - INFO - Consecutive Correct Sign Predictions: 20873, Consecutive Incorrect Sign Predictions: 0
2024-03-10 00:32:32,616 - INFO - Random Sample of Predictions: [1. 1. 1. 1. 1. 1. 1. 1. 1. 1. 1. 1. 1. 1. 1. 1. 1. 1. 1. 1. 1. 1. 1. 1.
 1. 1. 1. 1. 1. 1. 1. 1. 1. 1. 1. 1. 1. 1. 1. 1. 1. 1. 1. 1. 1.]
2024-03-10 00:32:32,616 - INFO - Random Sample of Actuals: [ 19.74320221  27.70000076  79.80000305 131.69999695  31.07999992
  10.9752636   14.53166771  12.39142704   8.44999981  25.27945518
  82.39072418  57.75        53.81000137  32.75        54.41500092
   6.29055882 178.88000488  19.55438042  12.39213085  61.75
  22.77945518  45.80731583   6.34375    214.16999817   3.35648108
   6.72599983  62.81999969  64.34999847  36.91999817 132.49000549
  25.46999931  71.55000305  21.94864082   2.5875001   30.30589104
   8.5625      18.61000061  26.75        12.91250038   2.32150006
  41.43999863 186.21000671  40.           4.69999981 228.36000061]
2024-03-10 00:32:35,249 - INFO - Model trained in 12.4 seconds
2024-03-10 00:57:35,664 - INFO - V================(NEW ENTRY)================V
2024-03-10 00:57:35,664 - INFO - Target Column: Close
2024-03-10 00:57:35,966 - INFO - Data loaded in 'Batch' mode. Total shape: (104363, 61)
2024-03-10 00:57:35,966 - INFO - Data loaded in 0.3 seconds
2024-03-10 00:57:36,383 - INFO - Number of columns removed: 8
2024-03-10 00:57:36,384 - INFO - EMA Correlation with Close: 0.9988968134873961
2024-03-10 00:57:36,384 - INFO - APZ_Upper Correlation with Close: 0.9985653796139687
2024-03-10 00:57:36,384 - INFO - APZ_Lower Correlation with Close: 0.9987966007561794
2024-03-10 00:57:36,384 - INFO - pct_change_std Correlation with Close: 0.8476999794191562
2024-03-10 00:57:36,384 - INFO - percent_change_Close_7 Correlation with Close: 0.9993658181772668
2024-03-10 00:57:36,384 - INFO - percent_change_Close_30 Correlation with Close: 0.9979492427210799
2024-03-10 00:57:36,384 - INFO - pct_change_std_rolling Correlation with Close: 0.9985599723519903
2024-03-10 00:57:36,384 - INFO - VWAP_Divergence Correlation with Close: 0.9352211709825087
2024-03-10 00:57:46,002 - INFO - Predictions - Mean: 1.0000, Std: 0.0000, Max: 1.0000, Min: 1.0000
2024-03-10 00:57:46,002 - INFO - Actual - Mean: 47.4835, Std: 64.5676, Max: 596.1161, Min: 0.1251
2024-03-10 00:57:46,003 - INFO - Differences - Mean: -97.89%, Std: -100.00%
2024-03-10 00:57:46,003 - INFO - Number of inf/nan predictions: 0
2024-03-10 00:57:46,003 - INFO - Model Configuration: n_estimators=350, max_depth=5, min_samples_split=8, min_samples_leaf=4
2024-03-10 00:57:46,004 - INFO - Error Metrics: MSE=6329.6841, R-squared=-0.5183, MAE=46.5201, MAPE=93.6691%
2024-03-10 00:57:46,004 - INFO - Sign Accuracy: 100.00%
2024-03-10 00:57:46,022 - INFO - Consecutive Correct Sign Predictions: 20873, Consecutive Incorrect Sign Predictions: 0
2024-03-10 00:57:46,022 - INFO - Random Sample of Predictions: [1. 1. 1. 1. 1. 1. 1. 1. 1. 1. 1. 1. 1. 1. 1. 1. 1. 1. 1. 1. 1. 1. 1. 1.
 1. 1. 1. 1. 1. 1. 1. 1. 1. 1. 1. 1. 1. 1. 1. 1. 1. 1. 1. 1. 1.]
2024-03-10 00:57:46,022 - INFO - Random Sample of Actuals: [ 37.27999878  17.34139061  19.28125    178.16000366   5.79250002
  24.58459282 108.51999664  16.61750031   7.125       52.29999924
   1.64814794  62.89919662   1.97249997 337.29000854  12.60811615
  13.12221241  27.18000031   1.48899996   7.71875     76.80000305
  27.82999992   1.08249998  93.125      193.13000488  30.78000069
  80.08000183   6.11199999   9.26035118  47.81999969  47.41999817
  79.23999786 278.1000061    1.39250004  17.625       89.09999847
  29.75        30.64228439  24.38999939  38.72999954   2.52800012
  27.26499939  17.          15.75         5.98611116  68.08999634]
2024-03-10 00:58:11,910 - INFO - V================(NEW ENTRY)================V
2024-03-10 00:58:11,910 - INFO - Target Column: percent_change_Close
2024-03-10 00:58:12,234 - INFO - Data loaded in 'Batch' mode. Total shape: (104363, 61)
2024-03-10 00:58:12,234 - INFO - Data loaded in 0.3 seconds
2024-03-10 00:58:18,180 - INFO - Model trained in 41.8 seconds
2024-03-10 00:58:58,482 - INFO - V================(NEW ENTRY)================V
2024-03-10 00:58:58,483 - INFO - Target Column: percent_change_Close
2024-03-10 00:58:58,799 - INFO - Data loaded in 'Batch' mode. Total shape: (104363, 61)
2024-03-10 00:58:58,799 - INFO - Data loaded in 0.3 seconds
2024-03-10 00:59:11,532 - INFO - Predictions - Mean: 0.0007, Std: 0.0014, Max: 0.0283, Min: -0.0323
2024-03-10 00:59:11,532 - INFO - Actual - Mean: 0.0007, Std: 0.0195, Max: 0.0907, Min: -0.0886
2024-03-10 00:59:11,532 - INFO - Differences - Mean: 0.46%, Std: -92.93%
2024-03-10 00:59:11,532 - INFO - Number of inf/nan predictions: 0
2024-03-10 00:59:11,532 - INFO - Model Configuration: n_estimators=350, max_depth=5, min_samples_split=8, min_samples_leaf=4
2024-03-10 00:59:11,533 - INFO - Error Metrics: MSE=0.0004, R-squared=-0.0018, MAE=0.0139, MAPE=99.4305%
2024-03-10 00:59:11,533 - INFO - Sign Accuracy: 50.17%
2024-03-10 00:59:11,550 - INFO - Consecutive Correct Sign Predictions: 12, Consecutive Incorrect Sign Predictions: 14
2024-03-10 00:59:11,551 - INFO - Random Sample of Predictions: [ 0.01224087 -0.00046311  0.00066537  0.00060318  0.00060059  0.00060059
  0.00060059  0.00065817  0.00060059  0.00060059  0.00060347  0.0003726
  0.00059057  0.00067553  0.00061436  0.00066537  0.01182034  0.00058717
  0.00060059  0.00472435 -0.00046218  0.00069711  0.00059214  0.00062125
  0.00062019  0.00084902  0.00060347  0.00060059  0.00060602  0.00063917
  0.00261558  0.00060059  0.00060059  0.00060059  0.00060059  0.00080076
  0.00059693  0.00089983  0.00060059  0.00060906  0.00060059  0.00060059
  0.00060347  0.00074539  0.00068653]
2024-03-10 00:59:11,551 - INFO - Random Sample of Actuals: [-0.01507802  0.00632873 -0.01136361  0.01158621 -0.00571676  0.00695265
  0.          0.08996536 -0.00500801 -0.02078778 -0.01685289  0.00632111
  0.02220013 -0.00023296 -0.00879536 -0.01136361  0.0607228   0.00172248
 -0.00179128  0.03399036  0.02419355 -0.00591722 -0.00173908 -0.00763359
  0.01534947  0.055821   -0.00057989 -0.01542939  0.02100302  0.00190225
 -0.02822581  0.02125659 -0.00078087  0.0156794   0.00193425 -0.02843359
 -0.03478037 -0.05929558  0.00517871 -0.00268186  0.00154258  0.00401727
 -0.00010226 -0.04042167  0.00430758]
2024-03-10 00:59:19,680 - INFO - Model trained in 20.4 seconds
2024-03-10 01:22:31,338 - INFO - V================(NEW ENTRY)================V
2024-03-10 01:22:31,338 - INFO - Target Column: percent_change_Close
2024-03-10 01:22:31,652 - INFO - Data loaded in 'Batch' mode. Total shape: (104363, 61)
2024-03-10 01:22:31,652 - INFO - Data loaded in 0.3 seconds
2024-03-10 01:23:22,623 - INFO - Predictions - Mean: 0.0007, Std: 0.0013, Max: 0.0250, Min: -0.0323
2024-03-10 01:23:22,623 - INFO - Actual - Mean: 0.0007, Std: 0.0195, Max: 0.0907, Min: -0.0886
2024-03-10 01:23:22,623 - INFO - Differences - Mean: -0.30%, Std: -93.10%
2024-03-10 01:23:22,623 - INFO - Number of inf/nan predictions: 0
2024-03-10 01:23:22,623 - INFO - Model Configuration: n_estimators=1500, max_depth=5, min_samples_split=8, min_samples_leaf=4
2024-03-10 01:23:22,624 - INFO - Error Metrics: MSE=0.0004, R-squared=-0.0020, MAE=0.0139, MAPE=99.3798%
2024-03-10 01:23:22,625 - INFO - Sign Accuracy: 50.22%
2024-03-10 01:23:22,643 - INFO - Consecutive Correct Sign Predictions: 12, Consecutive Incorrect Sign Predictions: 14
2024-03-10 01:23:22,643 - INFO - Random Sample of Predictions: [0.00065473 0.00062499 0.0066668  0.00058934 0.00059017 0.00058839
 0.00058934 0.00055212 0.00059617 0.00059206 0.00021329 0.00058934
 0.00059154 0.00065344 0.00059944 0.00055928 0.00464547 0.00045913
 0.00058266 0.00055782 0.0007936  0.00058996 0.00059269 0.00057952
 0.00059008 0.0063627  0.0046386  0.00058472 0.00058934 0.00072265
 0.00056947 0.00058692 0.00058438 0.00239782 0.00058623 0.00058996
 0.00058917 0.00059496 0.00059677 0.00058934 0.00060067 0.00070733
 0.00058934 0.00054947 0.00059169]
2024-03-10 01:23:22,643 - INFO - Random Sample of Actuals: [-0.03390554 -0.02553191  0.0066091  -0.00887752 -0.01308373 -0.01743835
 -0.02170643  0.00898196 -0.0164433  -0.0061897  -0.01967142 -0.01269036
  0.         -0.01369868 -0.02054167 -0.00063413  0.06190624  0.04812834
 -0.00214782 -0.01416719 -0.01996766  0.0112867   0.00628933 -0.02449186
  0.01099962 -0.0126082  -0.00774998 -0.01858015  0.01558844  0.00834725
  0.01581236 -0.01162786  0.00286534 -0.00747287 -0.01922456 -0.01890359
 -0.00301928 -0.01562491  0.02475896  0.01195254  0.00758311  0.02239615
  0.01663052 -0.00554594 -0.00286598]
2024-03-10 01:23:44,734 - INFO - Model trained in 72.7 seconds
