2024-07-03 20:43:52,849 - INFO - Cleared old data files.
2024-07-03 20:43:53,117 - ERROR - 
1 Failed download:
2024-07-03 20:43:53,117 - ERROR - ['A']: ConnectionError(MaxRetryError('HTTPSConnectionPool(host=\'fc.yahoo.com\', port=443): Max retries exceeded with url: / (Caused by NameResolutionError("<urllib3.connection.HTTPSConnection object at 0x00000162B71D0F10>: Failed to resolve \'fc.yahoo.com\' ([Errno 11001] getaddrinfo failed)"))'))
2024-07-03 20:43:53,117 - WARNING - Skipping A: insufficient data or abnormal price.
2024-07-03 20:45:47,687 - INFO - Downloaded data for 100 tickers taking 114.83 seconds
2024-07-03 20:47:41,278 - INFO - Downloaded data for 200 tickers taking 228.43 seconds
2024-07-03 20:49:19,510 - INFO - Cleared old data files.
2024-07-03 20:51:12,242 - INFO - Downloaded data for 100 tickers taking 112.73 seconds
2024-07-03 20:53:04,932 - INFO - Downloaded data for 200 tickers taking 225.42 seconds
2024-07-03 20:54:58,225 - INFO - Downloaded data for 300 tickers taking 338.71 seconds
2024-07-03 20:56:51,596 - INFO - Downloaded data for 400 tickers taking 452.08 seconds
2024-07-03 20:58:45,089 - INFO - Downloaded data for 500 tickers taking 565.58 seconds
2024-07-03 21:00:38,606 - INFO - Downloaded data for 600 tickers taking 679.09 seconds
2024-07-03 21:02:34,438 - INFO - Downloaded data for 700 tickers taking 794.93 seconds
2024-07-03 21:04:28,158 - INFO - Downloaded data for 800 tickers taking 908.65 seconds
2024-07-03 21:06:21,365 - INFO - Downloaded data for 900 tickers taking 1021.85 seconds
2024-07-03 21:08:15,278 - INFO - Downloaded data for 1000 tickers taking 1135.77 seconds
2024-07-03 21:10:09,039 - INFO - Downloaded data for 1100 tickers taking 1249.53 seconds
2024-07-03 21:12:02,573 - INFO - Downloaded data for 1200 tickers taking 1363.06 seconds
2024-07-03 21:13:56,157 - INFO - Downloaded data for 1300 tickers taking 1476.65 seconds
2024-07-03 21:15:50,156 - INFO - Downloaded data for 1400 tickers taking 1590.64 seconds
2024-07-03 21:17:43,718 - INFO - Downloaded data for 1500 tickers taking 1704.21 seconds
2024-07-03 21:19:37,416 - INFO - Downloaded data for 1600 tickers taking 1817.90 seconds
2024-07-03 21:21:30,878 - INFO - Downloaded data for 1700 tickers taking 1931.37 seconds
2024-07-03 21:23:25,112 - INFO - Downloaded data for 1800 tickers taking 2045.60 seconds
2024-07-03 21:25:19,067 - INFO - Downloaded data for 1900 tickers taking 2159.56 seconds
2024-07-03 21:27:13,175 - INFO - Downloaded data for 2000 tickers taking 2273.66 seconds
2024-07-03 21:29:06,713 - INFO - Downloaded data for 2100 tickers taking 2387.20 seconds
2024-07-03 21:31:00,532 - INFO - Downloaded data for 2200 tickers taking 2501.02 seconds
2024-07-03 21:32:53,051 - INFO - Downloaded data for 2300 tickers taking 2613.54 seconds
2024-07-03 21:34:46,769 - INFO - Downloaded data for 2400 tickers taking 2727.26 seconds
2024-07-03 21:36:39,566 - INFO - Downloaded data for 2500 tickers taking 2840.05 seconds
2024-07-03 21:38:33,085 - INFO - Downloaded data for 2600 tickers taking 2953.57 seconds
2024-07-03 21:40:26,744 - INFO - Downloaded data for 2700 tickers taking 3067.23 seconds
2024-07-03 21:42:20,496 - INFO - Downloaded data for 2800 tickers taking 3180.98 seconds
2024-07-03 21:44:14,091 - INFO - Downloaded data for 2900 tickers taking 3294.58 seconds
2024-07-03 21:46:07,772 - INFO - Downloaded data for 3000 tickers taking 3408.26 seconds
2024-07-03 21:46:32,623 - INFO - Total download time: 3433.11 seconds
2024-07-03 21:46:32,623 - INFO - Data download completed. Downloaded 3021 new files.
2024-07-03 21:46:32,623 - INFO - Total execution time: 3433.11 seconds
2024-07-05 20:30:33,997 - INFO - Cleared old data files.
2024-07-05 20:30:34,196 - ERROR - 
1 Failed download:
2024-07-05 20:30:34,196 - ERROR - ['A']: ConnectionError(MaxRetryError('HTTPSConnectionPool(host=\'fc.yahoo.com\', port=443): Max retries exceeded with url: / (Caused by NameResolutionError("<urllib3.connection.HTTPSConnection object at 0x000002169%ticker%18B490>: Failed to resolve \'fc.yahoo.com\' ([Errno 11001] getaddrinfo failed)"))'))
2024-07-05 20:30:34,196 - WARNING - Skipping A: insufficient data or abnormal price.
2024-07-05 20:32:27,854 - INFO - Downloaded data for 100 tickers taking 113.86 seconds
2024-07-05 20:34:21,082 - INFO - Downloaded data for 200 tickers taking 227.08 seconds
2024-07-05 20:36:14,333 - INFO - Downloaded data for 300 tickers taking 340.33 seconds
2024-07-05 20:38:07,485 - INFO - Downloaded data for 400 tickers taking 453.49 seconds
2024-07-05 20:40:00,817 - INFO - Downloaded data for 500 tickers taking 566.82 seconds
2024-07-05 20:41:54,306 - INFO - Downloaded data for 600 tickers taking 680.31 seconds
2024-07-05 20:43:48,612 - INFO - Downloaded data for 700 tickers taking 794.61 seconds
2024-07-05 20:45:42,139 - INFO - Downloaded data for 800 tickers taking 908.14 seconds
2024-07-05 20:47:35,131 - INFO - Downloaded data for 900 tickers taking 1021.13 seconds
2024-07-05 20:49:28,400 - INFO - Downloaded data for 1000 tickers taking 1134.40 seconds
2024-07-05 20:51:22,351 - INFO - Downloaded data for 1100 tickers taking 1248.35 seconds
2024-07-05 20:53:15,942 - INFO - Downloaded data for 1200 tickers taking 1361.94 seconds
2024-07-05 20:55:09,216 - INFO - Downloaded data for 1300 tickers taking 1475.22 seconds
2024-07-05 20:57:03,266 - INFO - Downloaded data for 1400 tickers taking 1589.27 seconds
2024-07-05 20:58:56,784 - INFO - Downloaded data for 1500 tickers taking 1702.79 seconds
2024-07-05 21:00:50,188 - INFO - Downloaded data for 1600 tickers taking 1816.19 seconds
2024-07-05 21:02:43,313 - INFO - Downloaded data for 1700 tickers taking 1929.31 seconds
2024-07-05 21:04:36,967 - INFO - Downloaded data for 1800 tickers taking 2042.97 seconds
2024-07-05 21:06:31,226 - INFO - Downloaded data for 1900 tickers taking 2157.23 seconds
2024-07-05 21:08:25,634 - INFO - Downloaded data for 2000 tickers taking 2271.64 seconds
2024-07-05 21:10:18,883 - INFO - Downloaded data for 2100 tickers taking 2384.88 seconds
2024-07-05 21:12:12,522 - INFO - Downloaded data for 2200 tickers taking 2498.52 seconds
2024-07-05 21:14:05,103 - INFO - Downloaded data for 2300 tickers taking 2611.10 seconds
2024-07-05 21:15:58,080 - INFO - Downloaded data for 2400 tickers taking 2724.08 seconds
2024-07-05 21:17:50,893 - INFO - Downloaded data for 2500 tickers taking 2836.89 seconds
2024-07-05 21:19:44,459 - INFO - Downloaded data for 2600 tickers taking 2950.46 seconds
2024-07-05 21:21:38,134 - INFO - Downloaded data for 2700 tickers taking 3064.13 seconds
2024-07-05 21:23:31,453 - INFO - Downloaded data for 2800 tickers taking 3177.45 seconds
2024-07-05 21:25:24,658 - INFO - Downloaded data for 2900 tickers taking 3290.66 seconds
2024-07-05 21:27:18,114 - INFO - Downloaded data for 3000 tickers taking 3404.12 seconds
2024-07-05 21:27:40,543 - INFO - Total download time: 3426.54 seconds
2024-07-05 21:27:40,544 - INFO - Data download completed. Downloaded 3019 new files.
2024-07-05 21:27:40,544 - INFO - Total execution time: 3426.55 seconds
2024-07-06 20:30:34,299 - INFO - Cleared old data files.
2024-07-06 20:32:29,937 - INFO - Downloaded data for 100 tickers taking 115.60 seconds
2024-07-06 20:34:25,831 - INFO - Downloaded data for 200 tickers taking 231.49 seconds
2024-07-06 20:36:22,368 - INFO - Downloaded data for 300 tickers taking 348.03 seconds
2024-07-06 20:38:19,071 - INFO - Downloaded data for 400 tickers taking 464.73 seconds
2024-07-06 20:40:16,656 - INFO - Downloaded data for 500 tickers taking 582.31 seconds
2024-07-06 20:42:14,095 - INFO - Downloaded data for 600 tickers taking 699.75 seconds
2024-07-06 20:44:11,428 - INFO - Downloaded data for 700 tickers taking 817.09 seconds
2024-07-06 20:46:09,184 - INFO - Downloaded data for 800 tickers taking 934.84 seconds
2024-07-06 20:48:06,171 - INFO - Downloaded data for 900 tickers taking 1051.83 seconds
2024-07-06 20:50:03,779 - INFO - Downloaded data for 1000 tickers taking 1169.44 seconds
2024-07-06 20:52:02,194 - INFO - Downloaded data for 1100 tickers taking 1287.85 seconds
2024-07-06 20:53:59,194 - INFO - Downloaded data for 1200 tickers taking 1404.85 seconds
2024-07-06 20:55:56,038 - INFO - Downloaded data for 1300 tickers taking 1521.70 seconds
2024-07-06 20:57:53,385 - INFO - Downloaded data for 1400 tickers taking 1639.04 seconds
2024-07-06 20:59:50,093 - INFO - Downloaded data for 1500 tickers taking 1755.75 seconds
2024-07-06 21:01:47,293 - INFO - Downloaded data for 1600 tickers taking 1872.95 seconds
2024-07-06 21:03:44,612 - INFO - Downloaded data for 1700 tickers taking 1990.27 seconds
2024-07-06 21:05:42,235 - INFO - Downloaded data for 1800 tickers taking 2107.89 seconds
2024-07-06 21:07:39,754 - INFO - Downloaded data for 1900 tickers taking 2225.41 seconds
2024-07-06 21:09:37,053 - INFO - Downloaded data for 2000 tickers taking 2342.71 seconds
2024-07-06 21:11:33,848 - INFO - Downloaded data for 2100 tickers taking 2459.51 seconds
2024-07-06 21:13:31,118 - INFO - Downloaded data for 2200 tickers taking 2576.78 seconds
2024-07-06 21:15:26,347 - INFO - Downloaded data for 2300 tickers taking 2692.00 seconds
2024-07-06 21:17:22,424 - INFO - Downloaded data for 2400 tickers taking 2808.08 seconds
2024-07-06 21:19:17,845 - INFO - Downloaded data for 2500 tickers taking 2923.50 seconds
2024-07-06 21:21:14,749 - INFO - Downloaded data for 2600 tickers taking 3040.41 seconds
2024-07-06 21:23:12,832 - INFO - Downloaded data for 2700 tickers taking 3158.49 seconds
2024-07-06 21:25:10,762 - INFO - Downloaded data for 2800 tickers taking 3276.42 seconds
2024-07-06 21:27:07,963 - INFO - Downloaded data for 2900 tickers taking 3393.62 seconds
2024-07-06 21:29:05,690 - INFO - Downloaded data for 3000 tickers taking 3511.35 seconds
2024-07-06 21:29:26,255 - INFO - Total download time: 3531.91 seconds
2024-07-06 21:29:26,255 - INFO - Data download completed. Downloaded 3017 new files.
2024-07-06 21:29:26,255 - INFO - Total execution time: 3531.91 seconds
2024-07-07 13:23:23,980 - WARNING - Skipping GEV: insufficient data or abnormal price.
2024-07-07 13:23:26,335 - WARNING - Skipping VLTO: insufficient data or abnormal price.
2024-07-07 13:23:28,567 - WARNING - Skipping LB: insufficient data or abnormal price.
2024-07-07 13:23:29,628 - WARNING - Skipping VIK: insufficient data or abnormal price.
2024-07-07 13:23:30,720 - WARNING - Skipping SN: insufficient data or abnormal price.
2024-07-07 13:23:31,798 - WARNING - Skipping RDDT: insufficient data or abnormal price.
2024-07-07 13:23:32,860 - WARNING - Skipping CAVA: insufficient data or abnormal price.
2024-07-07 13:23:33,935 - WARNING - Skipping BIRK: insufficient data or abnormal price.
2024-07-07 13:23:35,011 - WARNING - Skipping SOLV: insufficient data or abnormal price.
2024-07-07 13:23:36,087 - WARNING - Skipping ULS: insufficient data or abnormal price.
2024-07-07 13:23:37,150 - WARNING - Skipping KVYO: insufficient data or abnormal price.
2024-07-07 13:23:38,225 - WARNING - Skipping AS: insufficient data or abnormal price.
2024-07-07 13:23:39,300 - WARNING - Skipping RBRK: insufficient data or abnormal price.
2024-07-07 13:23:40,375 - WARNING - Skipping ZK: insufficient data or abnormal price.
2024-07-07 13:23:57,628 - INFO - Cleared old data files.
2024-07-07 13:24:17,732 - INFO - Cleared old data files.
2024-07-07 13:26:20,036 - INFO - Downloaded data for 100 tickers taking 122.28 seconds
2024-07-07 13:28:06,703 - WARNING - Skipping GEV: insufficient data or abnormal price.
2024-07-07 13:28:22,725 - INFO - Downloaded data for 200 tickers taking 244.97 seconds
2024-07-07 13:30:23,482 - INFO - Downloaded data for 300 tickers taking 365.73 seconds
2024-07-07 13:31:10,175 - WARNING - Skipping VLTO: insufficient data or abnormal price.
2024-07-07 13:31:32,800 - WARNING - Skipping LB: insufficient data or abnormal price.
2024-07-07 13:32:25,724 - INFO - Downloaded data for 400 tickers taking 487.97 seconds
2024-07-07 13:33:55,446 - WARNING - Skipping VIK: insufficient data or abnormal price.
2024-07-07 13:34:26,756 - INFO - Downloaded data for 500 tickers taking 609.00 seconds
2024-07-07 13:35:39,100 - WARNING - Skipping SN: insufficient data or abnormal price.
2024-07-07 13:35:48,508 - WARNING - Skipping RDDT: insufficient data or abnormal price.
2024-07-07 13:35:49,573 - WARNING - Skipping CAVA: insufficient data or abnormal price.
2024-07-07 13:35:54,218 - WARNING - Skipping BIRK: insufficient data or abnormal price.
2024-07-07 13:36:29,761 - INFO - Downloaded data for 600 tickers taking 732.01 seconds
2024-07-07 13:36:48,466 - WARNING - Skipping SOLV: insufficient data or abnormal price.
2024-07-07 13:37:23,841 - WARNING - Skipping ULS: insufficient data or abnormal price.
2024-07-07 13:38:30,201 - INFO - Downloaded data for 700 tickers taking 852.45 seconds
2024-07-07 13:38:59,843 - WARNING - Skipping KVYO: insufficient data or abnormal price.
2024-07-07 13:39:00,901 - WARNING - Skipping AS: insufficient data or abnormal price.
2024-07-07 13:40:32,434 - INFO - Downloaded data for 800 tickers taking 974.68 seconds
2024-07-07 13:40:40,675 - WARNING - Skipping RBRK: insufficient data or abnormal price.
2024-07-07 13:41:12,623 - WARNING - Skipping ZK: insufficient data or abnormal price.
2024-07-07 13:41:33,914 - WARNING - Skipping LOAR: insufficient data or abnormal price.
2024-07-07 13:42:14,506 - WARNING - Skipping PACS: insufficient data or abnormal price.
2024-07-07 13:42:35,939 - INFO - Downloaded data for 900 tickers taking 1098.18 seconds
2024-07-07 13:42:38,185 - WARNING - Skipping HAFN: insufficient data or abnormal price.
2024-07-07 13:43:08,682 - WARNING - Skipping KNF: insufficient data or abnormal price.
2024-07-07 13:44:36,054 - INFO - Downloaded data for 1000 tickers taking 1218.30 seconds
2024-07-07 13:46:34,514 - INFO - Downloaded data for 1100 tickers taking 1336.76 seconds
2024-07-07 13:46:40,172 - WARNING - Skipping VTMX: insufficient data or abnormal price.
2024-07-07 13:46:43,570 - WARNING - Skipping TBBB: insufficient data or abnormal price.
2024-07-07 13:47:44,700 - WARNING - Skipping ATMU: insufficient data or abnormal price.
2024-07-07 13:48:11,751 - WARNING - Skipping KGS: insufficient data or abnormal price.
2024-07-07 13:48:19,925 - WARNING - Skipping CDLR: insufficient data or abnormal price.
2024-07-07 13:48:37,571 - INFO - Downloaded data for 1200 tickers taking 1459.82 seconds
2024-07-07 13:48:45,675 - WARNING - Skipping MSDL: insufficient data or abnormal price.
2024-07-07 13:49:06,851 - WARNING - Skipping IBTA: insufficient data or abnormal price.
2024-07-07 13:49:16,131 - WARNING - Skipping NATL: insufficient data or abnormal price.
2024-07-07 13:49:31,282 - WARNING - Skipping CTRI: insufficient data or abnormal price.
2024-07-07 13:49:32,346 - WARNING - Skipping SVV: insufficient data or abnormal price.
2024-07-07 13:49:35,812 - WARNING - Skipping FIHL: insufficient data or abnormal price.
2024-07-07 13:49:43,830 - WARNING - Skipping OBDE: insufficient data or abnormal price.
2024-07-07 13:49:48,465 - WARNING - Skipping MNR: insufficient data or abnormal price.
2024-07-07 13:50:03,928 - WARNING - Skipping PHIN: insufficient data or abnormal price.
2024-07-07 13:50:16,710 - WARNING - Skipping WS: insufficient data or abnormal price.
2024-07-07 13:50:18,980 - WARNING - Skipping AHR: insufficient data or abnormal price.
2024-07-07 13:50:22,386 - WARNING - Skipping HG: insufficient data or abnormal price.
2024-07-07 13:50:48,111 - INFO - Downloaded data for 1300 tickers taking 1590.36 seconds
2024-07-07 13:51:01,955 - WARNING - Skipping VSTS: insufficient data or abnormal price.
2024-07-07 13:51:49,031 - WARNING - Skipping KLG: insufficient data or abnormal price.
2024-07-07 13:52:12,375 - WARNING - Skipping DBD: insufficient data or abnormal price.
2024-07-07 13:52:48,768 - INFO - Downloaded data for 1400 tickers taking 1711.01 seconds
2024-07-07 13:53:09,279 - WARNING - Skipping SDHC: insufficient data or abnormal price.
2024-07-07 13:53:30,409 - WARNING - Skipping SILA: insufficient data or abnormal price.
2024-07-07 13:53:35,130 - WARNING - Skipping KBDC: insufficient data or abnormal price.
2024-07-07 13:54:35,454 - WARNING - Skipping ECO: insufficient data or abnormal price.
2024-07-07 13:54:49,295 - INFO - Downloaded data for 1500 tickers taking 1831.54 seconds
2024-07-07 13:55:07,759 - WARNING - Skipping NCDL: insufficient data or abnormal price.
2024-07-07 13:56:37,819 - WARNING - Skipping BOW: insufficient data or abnormal price.
2024-07-07 13:56:48,392 - INFO - Downloaded data for 1600 tickers taking 1950.64 seconds
2024-07-07 13:57:41,950 - WARNING - Skipping EXTO: insufficient data or abnormal price.
2024-07-07 13:57:49,933 - WARNING - Skipping AACT: insufficient data or abnormal price.
2024-07-07 13:58:25,884 - WARNING - Skipping ZKH: insufficient data or abnormal price.
2024-07-07 13:58:31,753 - WARNING - Skipping DEC: insufficient data or abnormal price.
2024-07-07 13:58:32,818 - WARNING - Skipping LAC: insufficient data or abnormal price.
2024-07-07 13:58:50,284 - INFO - Downloaded data for 1700 tickers taking 2072.53 seconds
2024-07-07 13:58:51,347 - WARNING - Skipping AUNA: insufficient data or abnormal price.
2024-07-07 13:58:58,259 - WARNING - Skipping FLYX: insufficient data or abnormal price.
2024-07-07 13:59:33,592 - WARNING - Skipping PSBD: insufficient data or abnormal price.
2024-07-07 14:00:51,333 - INFO - Downloaded data for 1800 tickers taking 2193.58 seconds
2024-07-07 14:01:14,685 - WARNING - Skipping LPA: insufficient data or abnormal price.
2024-07-07 14:02:10,795 - WARNING - Skipping TBN: insufficient data or abnormal price.
2024-07-07 14:02:49,473 - WARNING - Skipping NLOP: insufficient data or abnormal price.
2024-07-07 14:02:51,951 - INFO - Downloaded data for 1900 tickers taking 2314.20 seconds
2024-07-07 14:03:41,544 - WARNING - Skipping HYAC: insufficient data or abnormal price.
2024-07-07 14:04:23,914 - WARNING - Skipping ANRO: insufficient data or abnormal price.
2024-07-07 14:04:52,066 - INFO - Downloaded data for 2000 tickers taking 2434.31 seconds
2024-07-07 14:04:53,126 - WARNING - Skipping LEGT: insufficient data or abnormal price.
2024-07-07 14:06:06,167 - WARNING - Skipping CLBR: insufficient data or abnormal price.
2024-07-07 14:06:52,248 - INFO - Downloaded data for 2100 tickers taking 2554.49 seconds
2024-07-07 14:08:16,579 - WARNING - Skipping DXYZ: insufficient data or abnormal price.
2024-07-07 14:08:50,429 - INFO - Downloaded data for 2200 tickers taking 2672.67 seconds
2024-07-07 14:09:56,887 - WARNING - Skipping RYDE: insufficient data or abnormal price.
2024-07-07 14:10:26,241 - WARNING - Skipping BEEP: insufficient data or abnormal price.
2024-07-07 14:10:49,788 - INFO - Downloaded data for 2300 tickers taking 2792.03 seconds
2024-07-07 14:12:47,304 - WARNING - Skipping TOPS: insufficient data or abnormal price.
2024-07-07 14:12:48,468 - INFO - Downloaded data for 2400 tickers taking 2910.71 seconds
2024-07-07 14:13:05,711 - WARNING - Skipping AXIL: insufficient data or abnormal price.
2024-07-07 14:13:11,417 - WARNING - Skipping AEON: insufficient data or abnormal price.
2024-07-07 14:13:32,126 - WARNING - Skipping SRFM: insufficient data or abnormal price.
2024-07-07 14:13:39,053 - WARNING - Skipping PMNT: insufficient data or abnormal price.
2024-07-07 14:13:45,926 - WARNING - Skipping MMA: insufficient data or abnormal price.
2024-07-07 14:14:18,388 - WARNING - Skipping ZONE: insufficient data or abnormal price.
2024-07-07 14:14:32,305 - WARNING - Skipping DDC: insufficient data or abnormal price.
2024-07-07 14:14:35,766 - WARNING - Skipping NRXS: insufficient data or abnormal price.
2024-07-07 14:14:38,001 - WARNING - Skipping SYNX: insufficient data or abnormal price.
2024-07-07 14:14:54,068 - INFO - Downloaded data for 2500 tickers taking 3036.31 seconds
2024-07-07 14:14:56,308 - WARNING - Skipping UMAC: insufficient data or abnormal price.
2024-07-07 14:15:16,692 - WARNING - Skipping CHRO: insufficient data or abnormal price.
2024-07-07 14:15:21,214 - WARNING - Skipping PAPL: insufficient data or abnormal price.
2024-07-07 14:15:24,613 - WARNING - Skipping NCL: insufficient data or abnormal price.
2024-07-07 14:15:30,227 - WARNING - Skipping SGN: insufficient data or abnormal price.
2024-07-07 14:15:35,937 - WARNING - Skipping AZTR: insufficient data or abnormal price.
2024-07-07 14:15:45,011 - WARNING - Skipping BQ: insufficient data or abnormal price.
2024-07-07 14:15:49,515 - WARNING - Skipping NVA: insufficient data or abnormal price.
2024-07-07 14:16:37,123 - WARNING - Skipping BITB: insufficient data or abnormal price.
2024-07-07 14:16:40,403 - WARNING - Skipping SPMC: insufficient data or abnormal price.
2024-07-07 14:17:00,221 - INFO - Downloaded data for 2600 tickers taking 3162.47 seconds
2024-07-07 14:17:44,444 - WARNING - Skipping APO-PA: insufficient data or abnormal price.
2024-07-07 14:18:10,993 - WARNING - Skipping INOV: insufficient data or abnormal price.
2024-07-07 14:18:41,253 - ERROR - 
1 Failed download:
2024-07-07 14:18:41,253 - ERROR - ['PBI-PB']: YFInvalidPeriodError("%ticker%: Period 'max' is invalid, must be one of ['1d', '5d']")
2024-07-07 14:18:41,253 - WARNING - Skipping PBI-PB: insufficient data or abnormal price.
2024-07-07 14:19:00,099 - INFO - Downloaded data for 2700 tickers taking 3282.34 seconds
2024-07-07 14:19:04,702 - WARNING - Skipping TRTN-PA: insufficient data or abnormal price.
2024-07-07 14:19:34,914 - WARNING - Skipping GLOP-PB: insufficient data or abnormal price.
2024-07-07 14:19:35,983 - WARNING - Skipping GLOP-PC: insufficient data or abnormal price.
2024-07-07 14:19:37,045 - WARNING - Skipping GLOP-PA: insufficient data or abnormal price.
2024-07-07 14:19:43,901 - WARNING - Skipping GRAF-UN: insufficient data or abnormal price.
2024-07-07 14:19:44,974 - WARNING - Skipping IRET: insufficient data or abnormal price.
2024-07-07 14:20:46,704 - WARNING - Skipping RHE-PA: insufficient data or abnormal price.
2024-07-07 14:20:50,081 - ERROR - 
1 Failed download:
2024-07-07 14:20:50,081 - ERROR - ['AP-WT']: YFInvalidPeriodError("%ticker%: Period 'max' is invalid, must be one of ['1d', '5d']")
2024-07-07 14:20:50,081 - WARNING - Skipping AP-WT: insufficient data or abnormal price.
2024-07-07 14:20:53,346 - ERROR - 
1 Failed download:
2024-07-07 14:20:53,346 - ERROR - ['WRB-PF']: YFInvalidPeriodError("%ticker%: Period 'max' is invalid, must be one of ['1d', '5d']")
2024-07-07 14:20:53,346 - WARNING - Skipping WRB-PF: insufficient data or abnormal price.
2024-07-07 14:20:54,395 - ERROR - 
1 Failed download:
2024-07-07 14:20:54,395 - ERROR - ['WRB-PG']: YFInvalidPeriodError("%ticker%: Period 'max' is invalid, must be one of ['1d', '5d']")
2024-07-07 14:20:54,395 - WARNING - Skipping WRB-PG: insufficient data or abnormal price.
2024-07-07 14:20:55,473 - ERROR - 
1 Failed download:
2024-07-07 14:20:55,473 - ERROR - ['WRB-PH']: YFInvalidPeriodError("%ticker%: Period 'max' is invalid, must be one of ['1d', '5d']")
2024-07-07 14:20:55,473 - WARNING - Skipping WRB-PH: insufficient data or abnormal price.
2024-07-07 14:20:56,535 - ERROR - 
1 Failed download:
2024-07-07 14:20:56,535 - ERROR - ['CELG-RI']: YFInvalidPeriodError("%ticker%: Period 'max' is invalid, must be one of ['1d', '5d']")
2024-07-07 14:20:56,535 - WARNING - Skipping CELG-RI: insufficient data or abnormal price.
2024-07-07 14:20:57,612 - ERROR - 
1 Failed download:
2024-07-07 14:20:57,612 - ERROR - ['BC-PA']: YFInvalidPeriodError("%ticker%: Period 'max' is invalid, must be one of ['1d', '5d']")
2024-07-07 14:20:57,612 - WARNING - Skipping BC-PA: insufficient data or abnormal price.
2024-07-07 14:20:58,673 - ERROR - 
1 Failed download:
2024-07-07 14:20:58,673 - ERROR - ['BC-PB']: YFInvalidPeriodError("%ticker%: Period 'max' is invalid, must be one of ['1d', '5d']")
2024-07-07 14:20:58,673 - WARNING - Skipping BC-PB: insufficient data or abnormal price.
2024-07-07 14:20:59,734 - ERROR - 
1 Failed download:
2024-07-07 14:20:59,734 - ERROR - ['BC-PC']: YFInvalidPeriodError("%ticker%: Period 'max' is invalid, must be one of ['1d', '5d']")
2024-07-07 14:20:59,734 - WARNING - Skipping BC-PC: insufficient data or abnormal price.
2024-07-07 14:21:01,927 - WARNING - Skipping AMJB: insufficient data or abnormal price.
2024-07-07 14:21:13,170 - INFO - Downloaded data for 2800 tickers taking 3415.41 seconds
2024-07-07 14:21:14,227 - WARNING - Skipping MTB-PJ: insufficient data or abnormal price.
2024-07-07 14:21:19,753 - ERROR - 
1 Failed download:
2024-07-07 14:21:19,753 - ERROR - ['F-PB']: YFInvalidPeriodError("%ticker%: Period 'max' is invalid, must be one of ['1d', '5d']")
2024-07-07 14:21:19,753 - WARNING - Skipping F-PB: insufficient data or abnormal price.
2024-07-07 14:21:20,815 - ERROR - 
1 Failed download:
2024-07-07 14:21:20,815 - ERROR - ['F-PC']: YFInvalidPeriodError("%ticker%: Period 'max' is invalid, must be one of ['1d', '5d']")
2024-07-07 14:21:20,815 - WARNING - Skipping F-PC: insufficient data or abnormal price.
2024-07-07 14:21:21,877 - ERROR - 
1 Failed download:
2024-07-07 14:21:21,877 - ERROR - ['F-PD']: YFInvalidPeriodError("%ticker%: Period 'max' is invalid, must be one of ['1d', '5d']")
2024-07-07 14:21:21,877 - WARNING - Skipping F-PD: insufficient data or abnormal price.
2024-07-07 14:21:25,211 - WARNING - Skipping BOH-PB: insufficient data or abnormal price.
2024-07-07 14:21:27,362 - ERROR - 
1 Failed download:
2024-07-07 14:21:27,362 - ERROR - ['LGL-WT']: YFInvalidPeriodError("%ticker%: Period 'max' is invalid, must be one of ['1d', '5d']")
2024-07-07 14:21:27,362 - WARNING - Skipping LGL-WT: insufficient data or abnormal price.
2024-07-07 14:21:48,878 - WARNING - Skipping SCE-PM: insufficient data or abnormal price.
2024-07-07 14:21:49,956 - WARNING - Skipping SCE-PN: insufficient data or abnormal price.
2024-07-07 14:21:56,625 - ERROR - 
1 Failed download:
2024-07-07 14:21:56,625 - ERROR - ['TDW-WT']: YFInvalidPeriodError("%ticker%: Period 'max' is invalid, must be one of ['1d', '5d']")
2024-07-07 14:21:56,625 - WARNING - Skipping TDW-WT: insufficient data or abnormal price.
2024-07-07 14:21:59,970 - ERROR - 
1 Failed download:
2024-07-07 14:21:59,970 - ERROR - ['VAL-WT']: YFInvalidPeriodError("%ticker%: Period 'max' is invalid, must be one of ['1d', '5d']")
2024-07-07 14:21:59,970 - WARNING - Skipping VAL-WT: insufficient data or abnormal price.
2024-07-07 14:22:02,166 - ERROR - 
1 Failed download:
2024-07-07 14:22:02,166 - ERROR - ['GL-PD']: YFInvalidPeriodError("%ticker%: Period 'max' is invalid, must be one of ['1d', '5d']")
2024-07-07 14:22:02,166 - WARNING - Skipping GL-PD: insufficient data or abnormal price.
2024-07-07 14:22:04,325 - ERROR - 
1 Failed download:
2024-07-07 14:22:04,325 - ERROR - ['SFB']: YFInvalidPeriodError("%ticker%: Period 'max' is invalid, must be one of ['1d', '5d']")
2024-07-07 14:22:04,325 - WARNING - Skipping SFB: insufficient data or abnormal price.
2024-07-07 14:22:07,631 - WARNING - Skipping O-P: insufficient data or abnormal price.
2024-07-07 14:22:12,024 - ERROR - 
1 Failed download:
2024-07-07 14:22:12,024 - ERROR - ['NEE-PN']: YFInvalidPeriodError("%ticker%: Period 'max' is invalid, must be one of ['1d', '5d']")
2024-07-07 14:22:12,024 - WARNING - Skipping NEE-PN: insufficient data or abnormal price.
2024-07-07 14:22:14,192 - WARNING - Skipping NEE-PS: insufficient data or abnormal price.
2024-07-07 14:22:16,387 - WARNING - Skipping CFG-PH: insufficient data or abnormal price.
2024-07-07 14:22:19,723 - ERROR - 
1 Failed download:
2024-07-07 14:22:19,723 - ERROR - ['OXY-WT']: YFInvalidPeriodError("%ticker%: Period 'max' is invalid, must be one of ['1d', '5d']")
2024-07-07 14:22:19,723 - WARNING - Skipping OXY-WT: insufficient data or abnormal price.
2024-07-07 14:22:36,539 - WARNING - Skipping KIM-PN: insufficient data or abnormal price.
2024-07-07 14:22:55,458 - WARNING - Skipping ALB-PA: insufficient data or abnormal price.
2024-07-07 14:23:08,921 - WARNING - Skipping CARD: insufficient data or abnormal price.
2024-07-07 14:23:09,996 - WARNING - Skipping CARU: insufficient data or abnormal price.
2024-07-07 14:23:20,069 - WARNING - Skipping JETD: insufficient data or abnormal price.
2024-07-07 14:23:21,141 - WARNING - Skipping JETU: insufficient data or abnormal price.
2024-07-07 14:23:30,045 - INFO - Downloaded data for 2900 tickers taking 3552.29 seconds
2024-07-07 14:23:31,120 - WARNING - Skipping RWTN: insufficient data or abnormal price.
2024-07-07 14:23:32,194 - WARNING - Skipping RWTO: insufficient data or abnormal price.
2024-07-07 14:23:34,359 - ERROR - 
1 Failed download:
2024-07-07 14:23:34,359 - ERROR - ['IRS-WT']: YFInvalidPeriodError("%ticker%: Period 'max' is invalid, must be one of ['1d', '5d']")
2024-07-07 14:23:34,359 - WARNING - Skipping IRS-WT: insufficient data or abnormal price.
2024-07-07 14:23:43,278 - WARNING - Skipping MGRE: insufficient data or abnormal price.
2024-07-07 14:23:47,741 - WARNING - Skipping ELPC: insufficient data or abnormal price.
2024-07-07 14:23:57,984 - WARNING - Skipping MFAN: insufficient data or abnormal price.
2024-07-07 14:23:59,061 - WARNING - Skipping MFAO: insufficient data or abnormal price.
2024-07-07 14:24:42,164 - WARNING - Skipping BANC-PF: insufficient data or abnormal price.
2024-07-07 14:24:45,460 - ERROR - 
1 Failed download:
2024-07-07 14:24:45,460 - ERROR - ['CNO-PA']: YFInvalidPeriodError("%ticker%: Period 'max' is invalid, must be one of ['1d', '5d']")
2024-07-07 14:24:45,460 - WARNING - Skipping CNO-PA: insufficient data or abnormal price.
2024-07-07 14:24:54,371 - WARNING - Skipping ET-PI: insufficient data or abnormal price.
2024-07-07 14:24:56,560 - ERROR - 
1 Failed download:
2024-07-07 14:24:56,560 - ERROR - ['GLU-PA']: YFInvalidPeriodError("%ticker%: Period 'max' is invalid, must be one of ['1d', '5d']")
2024-07-07 14:24:56,560 - WARNING - Skipping GLU-PA: insufficient data or abnormal price.
2024-07-07 14:25:06,671 - ERROR - 
1 Failed download:
2024-07-07 14:25:06,671 - ERROR - ['DSX-WT']: YFInvalidPeriodError("%ticker%: Period 'max' is invalid, must be one of ['1d', '5d']")
2024-07-07 14:25:06,671 - WARNING - Skipping DSX-WT: insufficient data or abnormal price.
2024-07-07 14:25:35,921 - INFO - Downloaded data for 3000 tickers taking 3678.17 seconds
2024-07-07 14:25:42,566 - WARNING - Skipping BIPJ: insufficient data or abnormal price.
2024-07-07 14:25:45,861 - WARNING - Skipping CIMN: insufficient data or abnormal price.
2024-07-07 14:25:50,259 - WARNING - Skipping EFC-PD: insufficient data or abnormal price.
2024-07-07 14:25:51,337 - WARNING - Skipping EFC-PE: insufficient data or abnormal price.
2024-07-07 14:26:11,344 - WARNING - Skipping PMTU: insufficient data or abnormal price.
2024-07-07 14:26:20,417 - ERROR - 
1 Failed download:
2024-07-07 14:26:20,417 - ERROR - ['CVE-WT']: YFInvalidPeriodError("%ticker%: Period 'max' is invalid, must be one of ['1d', '5d']")
2024-07-07 14:26:20,417 - WARNING - Skipping CVE-WT: insufficient data or abnormal price.
2024-07-07 14:26:35,975 - ERROR - 
1 Failed download:
2024-07-07 14:26:35,975 - ERROR - ['NXG-RT']: YFTzMissingError('$%ticker%: possibly delisted; No timezone found')
2024-07-07 14:26:35,975 - WARNING - Skipping NXG-RT: insufficient data or abnormal price.
2024-07-07 14:26:37,038 - WARNING - Skipping MITN: insufficient data or abnormal price.
2024-07-07 14:26:38,115 - WARNING - Skipping MITP: insufficient data or abnormal price.
2024-07-07 14:26:40,327 - WARNING - Skipping CCIA: insufficient data or abnormal price.
2024-07-07 14:26:42,539 - WARNING - Skipping GNL-PD: insufficient data or abnormal price.
2024-07-07 14:26:43,617 - WARNING - Skipping GNL-PE: insufficient data or abnormal price.
2024-07-07 14:26:49,135 - WARNING - Skipping ATHS: insufficient data or abnormal price.
2024-07-07 14:26:58,002 - WARNING - Skipping BEPJ: insufficient data or abnormal price.
2024-07-07 14:27:01,316 - ERROR - 
1 Failed download:
2024-07-07 14:27:01,316 - ERROR - ['SBEV-WT']: YFInvalidPeriodError("%ticker%: Period 'max' is invalid, must be one of ['1d', '5d']")
2024-07-07 14:27:01,316 - WARNING - Skipping SBEV-WT: insufficient data or abnormal price.
2024-07-07 14:27:20,320 - WARNING - Skipping SYF-PB: insufficient data or abnormal price.
2024-07-07 14:27:22,504 - WARNING - Skipping ECCF: insufficient data or abnormal price.
2024-07-07 14:27:29,762 - ERROR - 
1 Failed download:
2024-07-07 14:27:29,762 - ERROR - ['NSA-PB']: YFTzMissingError('$%ticker%: possibly delisted; No timezone found')
2024-07-07 14:27:29,762 - WARNING - Skipping NSA-PB: insufficient data or abnormal price.
2024-07-07 14:27:40,976 - WARNING - Skipping TRTN-PB: insufficient data or abnormal price.
2024-07-07 14:27:42,049 - WARNING - Skipping TRTN-PC: insufficient data or abnormal price.
2024-07-07 14:27:43,123 - WARNING - Skipping TRTN-PD: insufficient data or abnormal price.
2024-07-07 14:27:44,201 - WARNING - Skipping TRTN-PE: insufficient data or abnormal price.
2024-07-07 14:27:54,413 - INFO - Downloaded data for 3100 tickers taking 3816.66 seconds
2024-07-07 14:27:59,892 - ERROR - 
1 Failed download:
2024-07-07 14:27:59,892 - ERROR - ['LMND-WT']: YFInvalidPeriodError("%ticker%: Period 'max' is invalid, must be one of ['1d', '5d']")
2024-07-07 14:27:59,892 - WARNING - Skipping LMND-WT: insufficient data or abnormal price.
2024-07-07 14:28:04,454 - ERROR - 
1 Failed download:
2024-07-07 14:28:04,454 - ERROR - ['BMTX-WT']: YFInvalidPeriodError("%ticker%: Period 'max' is invalid, must be one of ['1d', '5d']")
2024-07-07 14:28:04,454 - WARNING - Skipping BMTX-WT: insufficient data or abnormal price.
2024-07-07 14:28:06,624 - ERROR - 
1 Failed download:
2024-07-07 14:28:06,624 - ERROR - ['BKSY-WT']: YFInvalidPeriodError("%ticker%: Period 'max' is invalid, must be one of ['1d', '5d']")
2024-07-07 14:28:06,624 - WARNING - Skipping BKSY-WT: insufficient data or abnormal price.
2024-07-07 14:28:08,801 - WARNING - Skipping EICB: insufficient data or abnormal price.
2024-07-07 14:28:09,861 - WARNING - Skipping EICC: insufficient data or abnormal price.
2024-07-07 14:28:12,025 - ERROR - 
1 Failed download:
2024-07-07 14:28:12,025 - ERROR - ['UWMC-WT']: YFInvalidPeriodError("%ticker%: Period 'max' is invalid, must be one of ['1d', '5d']")
2024-07-07 14:28:12,025 - WARNING - Skipping UWMC-WT: insufficient data or abnormal price.
2024-07-07 14:28:14,194 - ERROR - 
1 Failed download:
2024-07-07 14:28:14,194 - ERROR - ['AEVA-WT']: YFInvalidPeriodError("%ticker%: Period 'max' is invalid, must be one of ['1d', '5d']")
2024-07-07 14:28:14,194 - WARNING - Skipping AEVA-WT: insufficient data or abnormal price.
2024-07-07 14:28:17,647 - ERROR - 
1 Failed download:
2024-07-07 14:28:17,647 - ERROR - ['GB-WT']: YFInvalidPeriodError("%ticker%: Period 'max' is invalid, must be one of ['1d', '5d']")
2024-07-07 14:28:17,647 - WARNING - Skipping GB-WT: insufficient data or abnormal price.
2024-07-07 14:28:18,695 - ERROR - 
1 Failed download:
2024-07-07 14:28:18,695 - ERROR - ['ETWO-WT']: YFInvalidPeriodError("%ticker%: Period 'max' is invalid, must be one of ['1d', '5d']")
2024-07-07 14:28:18,695 - WARNING - Skipping ETWO-WT: insufficient data or abnormal price.
2024-07-07 14:28:19,752 - ERROR - 
1 Failed download:
2024-07-07 14:28:19,752 - ERROR - ['BFLY-WT']: YFInvalidPeriodError("%ticker%: Period 'max' is invalid, must be one of ['1d', '5d']")
2024-07-07 14:28:19,752 - WARNING - Skipping BFLY-WT: insufficient data or abnormal price.
2024-07-07 14:28:20,800 - ERROR - 
1 Failed download:
2024-07-07 14:28:20,800 - ERROR - ['SST-WT']: YFInvalidPeriodError("%ticker%: Period 'max' is invalid, must be one of ['1d', '5d']")
2024-07-07 14:28:20,800 - WARNING - Skipping SST-WT: insufficient data or abnormal price.
2024-07-07 14:28:21,860 - ERROR - 
1 Failed download:
2024-07-07 14:28:21,860 - ERROR - ['ML-WT']: YFInvalidPeriodError("%ticker%: Period 'max' is invalid, must be one of ['1d', '5d']")
2024-07-07 14:28:21,860 - WARNING - Skipping ML-WT: insufficient data or abnormal price.
2024-07-07 14:28:22,921 - ERROR - 
1 Failed download:
2024-07-07 14:28:22,921 - ERROR - ['NUVB-WT']: YFInvalidPeriodError("%ticker%: Period 'max' is invalid, must be one of ['1d', '5d']")
2024-07-07 14:28:22,921 - WARNING - Skipping NUVB-WT: insufficient data or abnormal price.
2024-07-07 14:28:23,973 - ERROR - 
1 Failed download:
2024-07-07 14:28:23,973 - ERROR - ['RBOT-WT']: YFInvalidPeriodError("%ticker%: Period 'max' is invalid, must be one of ['1d', '5d']")
2024-07-07 14:28:23,973 - WARNING - Skipping RBOT-WT: insufficient data or abnormal price.
2024-07-07 14:28:25,035 - ERROR - 
1 Failed download:
2024-07-07 14:28:25,035 - ERROR - ['OUST-WT']: YFInvalidPeriodError("%ticker%: Period 'max' is invalid, must be one of ['1d', '5d']")
2024-07-07 14:28:25,035 - WARNING - Skipping OUST-WT: insufficient data or abnormal price.
2024-07-07 14:28:26,085 - ERROR - 
1 Failed download:
2024-07-07 14:28:26,085 - ERROR - ['OUST-WTA']: YFInvalidPeriodError("%ticker%: Period 'max' is invalid, must be one of ['1d', '5d']")
2024-07-07 14:28:26,085 - WARNING - Skipping OUST-WTA: insufficient data or abnormal price.
2024-07-07 14:28:27,140 - ERROR - 
1 Failed download:
2024-07-07 14:28:27,140 - ERROR - ['MKFG-WT']: YFInvalidPeriodError("%ticker%: Period 'max' is invalid, must be one of ['1d', '5d']")
2024-07-07 14:28:27,140 - WARNING - Skipping MKFG-WT: insufficient data or abnormal price.
2024-07-07 14:28:28,196 - ERROR - 
1 Failed download:
2024-07-07 14:28:28,196 - ERROR - ['OPFI-WT']: YFInvalidPeriodError("%ticker%: Period 'max' is invalid, must be one of ['1d', '5d']")
2024-07-07 14:28:28,196 - WARNING - Skipping OPFI-WT: insufficient data or abnormal price.
2024-07-07 14:28:29,249 - ERROR - 
1 Failed download:
2024-07-07 14:28:29,249 - ERROR - ['SES-WT']: YFInvalidPeriodError("%ticker%: Period 'max' is invalid, must be one of ['1d', '5d']")
2024-07-07 14:28:29,249 - WARNING - Skipping SES-WT: insufficient data or abnormal price.
2024-07-07 14:28:30,296 - ERROR - 
1 Failed download:
2024-07-07 14:28:30,296 - ERROR - ['GWH-WT']: YFInvalidPeriodError("%ticker%: Period 'max' is invalid, must be one of ['1d', '5d']")
2024-07-07 14:28:30,296 - WARNING - Skipping GWH-WT: insufficient data or abnormal price.
2024-07-07 14:28:31,358 - ERROR - 
1 Failed download:
2024-07-07 14:28:31,358 - ERROR - ['BARK-WT']: YFInvalidPeriodError("%ticker%: Period 'max' is invalid, must be one of ['1d', '5d']")
2024-07-07 14:28:31,358 - WARNING - Skipping BARK-WT: insufficient data or abnormal price.
2024-07-07 14:28:32,419 - ERROR - 
1 Failed download:
2024-07-07 14:28:32,419 - ERROR - ['RDW-WT']: YFInvalidPeriodError("%ticker%: Period 'max' is invalid, must be one of ['1d', '5d']")
2024-07-07 14:28:32,419 - WARNING - Skipping RDW-WT: insufficient data or abnormal price.
2024-07-07 14:28:33,480 - ERROR - 
1 Failed download:
2024-07-07 14:28:33,480 - ERROR - ['JOBY-WT']: YFInvalidPeriodError("%ticker%: Period 'max' is invalid, must be one of ['1d', '5d']")
2024-07-07 14:28:33,480 - WARNING - Skipping JOBY-WT: insufficient data or abnormal price.
2024-07-07 14:28:34,538 - ERROR - 
1 Failed download:
2024-07-07 14:28:34,538 - ERROR - ['GRND-WT']: YFInvalidPeriodError("%ticker%: Period 'max' is invalid, must be one of ['1d', '5d']")
2024-07-07 14:28:34,538 - WARNING - Skipping GRND-WT: insufficient data or abnormal price.
2024-07-07 14:28:35,615 - ERROR - 
1 Failed download:
2024-07-07 14:28:35,615 - ERROR - ['BKKT-WT']: YFInvalidPeriodError("%ticker%: Period 'max' is invalid, must be one of ['1d', '5d']")
2024-07-07 14:28:35,615 - WARNING - Skipping BKKT-WT: insufficient data or abnormal price.
2024-07-07 14:28:36,676 - ERROR - 
1 Failed download:
2024-07-07 14:28:36,676 - ERROR - ['HLLY-WT']: YFInvalidPeriodError("%ticker%: Period 'max' is invalid, must be one of ['1d', '5d']")
2024-07-07 14:28:36,676 - WARNING - Skipping HLLY-WT: insufficient data or abnormal price.
2024-07-07 14:28:37,734 - ERROR - 
1 Failed download:
2024-07-07 14:28:37,734 - ERROR - ['SMR-WT']: YFInvalidPeriodError("%ticker%: Period 'max' is invalid, must be one of ['1d', '5d']")
2024-07-07 14:28:37,734 - WARNING - Skipping SMR-WT: insufficient data or abnormal price.
2024-07-07 14:28:39,879 - ERROR - 
1 Failed download:
2024-07-07 14:28:39,879 - ERROR - ['NOTE-WT']: YFInvalidPeriodError("%ticker%: Period 'max' is invalid, must be one of ['1d', '5d']")
2024-07-07 14:28:39,879 - WARNING - Skipping NOTE-WT: insufficient data or abnormal price.
2024-07-07 14:28:40,936 - ERROR - 
1 Failed download:
2024-07-07 14:28:40,936 - ERROR - ['SKYH-WT']: YFInvalidPeriodError("%ticker%: Period 'max' is invalid, must be one of ['1d', '5d']")
2024-07-07 14:28:40,936 - WARNING - Skipping SKYH-WT: insufficient data or abnormal price.
2024-07-07 14:28:41,995 - ERROR - 
1 Failed download:
2024-07-07 14:28:41,995 - ERROR - ['EVEX-WT']: YFInvalidPeriodError("%ticker%: Period 'max' is invalid, must be one of ['1d', '5d']")
2024-07-07 14:28:41,995 - WARNING - Skipping EVEX-WT: insufficient data or abnormal price.
2024-07-07 14:28:43,055 - ERROR - 
1 Failed download:
2024-07-07 14:28:43,055 - ERROR - ['ACHR-WT']: YFInvalidPeriodError("%ticker%: Period 'max' is invalid, must be one of ['1d', '5d']")
2024-07-07 14:28:43,055 - WARNING - Skipping ACHR-WT: insufficient data or abnormal price.
2024-07-07 14:28:44,116 - ERROR - 
1 Failed download:
2024-07-07 14:28:44,116 - ERROR - ['IONQ-WT']: YFInvalidPeriodError("%ticker%: Period 'max' is invalid, must be one of ['1d', '5d']")
2024-07-07 14:28:44,116 - WARNING - Skipping IONQ-WT: insufficient data or abnormal price.
2024-07-07 14:28:45,176 - ERROR - 
1 Failed download:
2024-07-07 14:28:45,176 - ERROR - ['VLD-WT']: YFInvalidPeriodError("%ticker%: Period 'max' is invalid, must be one of ['1d', '5d']")
2024-07-07 14:28:45,176 - WARNING - Skipping VLD-WT: insufficient data or abnormal price.
2024-07-07 14:28:46,234 - ERROR - 
1 Failed download:
2024-07-07 14:28:46,234 - ERROR - ['HIPO-WT']: YFInvalidPeriodError("%ticker%: Period 'max' is invalid, must be one of ['1d', '5d']")
2024-07-07 14:28:46,234 - WARNING - Skipping HIPO-WT: insufficient data or abnormal price.
2024-07-07 14:28:47,295 - ERROR - 
1 Failed download:
2024-07-07 14:28:47,295 - ERROR - ['FOA-WT']: YFInvalidPeriodError("%ticker%: Period 'max' is invalid, must be one of ['1d', '5d']")
2024-07-07 14:28:47,295 - WARNING - Skipping FOA-WT: insufficient data or abnormal price.
2024-07-07 14:28:48,346 - ERROR - 
1 Failed download:
2024-07-07 14:28:48,346 - ERROR - ['DNA-WT']: YFInvalidPeriodError("%ticker%: Period 'max' is invalid, must be one of ['1d', '5d']")
2024-07-07 14:28:48,346 - WARNING - Skipping DNA-WT: insufficient data or abnormal price.
2024-07-07 14:28:50,484 - ERROR - 
1 Failed download:
2024-07-07 14:28:50,484 - ERROR - ['BLUA-WT']: YFInvalidPeriodError("%ticker%: Period 'max' is invalid, must be one of ['1d', '5d']")
2024-07-07 14:28:50,484 - WARNING - Skipping BLUA-WT: insufficient data or abnormal price.
2024-07-07 14:28:52,611 - ERROR - 
1 Failed download:
2024-07-07 14:28:52,611 - ERROR - ['BITE-WT']: YFInvalidPeriodError("%ticker%: Period 'max' is invalid, must be one of ['1d', '5d']")
2024-07-07 14:28:52,611 - WARNING - Skipping BITE-WT: insufficient data or abnormal price.
2024-07-07 14:28:54,778 - ERROR - 
1 Failed download:
2024-07-07 14:28:54,778 - ERROR - ['JWSM-WT']: YFInvalidPeriodError("%ticker%: Period 'max' is invalid, must be one of ['1d', '5d']")
2024-07-07 14:28:54,778 - WARNING - Skipping JWSM-WT: insufficient data or abnormal price.
2024-07-07 14:28:55,837 - ERROR - 
1 Failed download:
2024-07-07 14:28:55,845 - ERROR - ['SOC-WT']: YFInvalidPeriodError("%ticker%: Period 'max' is invalid, must be one of ['1d', '5d']")
2024-07-07 14:28:55,845 - WARNING - Skipping SOC-WT: insufficient data or abnormal price.
2024-07-07 14:28:56,899 - ERROR - 
1 Failed download:
2024-07-07 14:28:56,899 - ERROR - ['PSFE-WT']: YFInvalidPeriodError("%ticker%: Period 'max' is invalid, must be one of ['1d', '5d']")
2024-07-07 14:28:56,899 - WARNING - Skipping PSFE-WT: insufficient data or abnormal price.
2024-07-07 14:28:57,948 - ERROR - 
1 Failed download:
2024-07-07 14:28:57,948 - ERROR - ['GROY-WT']: YFInvalidPeriodError("%ticker%: Period 'max' is invalid, must be one of ['1d', '5d']")
2024-07-07 14:28:57,948 - WARNING - Skipping GROY-WT: insufficient data or abnormal price.
2024-07-07 14:28:59,007 - ERROR - 
1 Failed download:
2024-07-07 14:28:59,007 - ERROR - ['LEV-WT']: YFInvalidPeriodError("%ticker%: Period 'max' is invalid, must be one of ['1d', '5d']")
2024-07-07 14:28:59,007 - WARNING - Skipping LEV-WT: insufficient data or abnormal price.
2024-07-07 14:29:00,055 - ERROR - 
1 Failed download:
2024-07-07 14:29:00,055 - ERROR - ['LEV-WTA']: YFInvalidPeriodError("%ticker%: Period 'max' is invalid, must be one of ['1d', '5d']")
2024-07-07 14:29:00,055 - WARNING - Skipping LEV-WTA: insufficient data or abnormal price.
2024-07-07 14:29:01,103 - ERROR - 
1 Failed download:
2024-07-07 14:29:01,103 - ERROR - ['CTV-WT']: YFInvalidPeriodError("%ticker%: Period 'max' is invalid, must be one of ['1d', '5d']")
2024-07-07 14:29:01,103 - WARNING - Skipping CTV-WT: insufficient data or abnormal price.
2024-07-07 14:29:02,161 - ERROR - 
1 Failed download:
2024-07-07 14:29:02,161 - ERROR - ['LLAP-WT']: YFInvalidPeriodError("%ticker%: Period 'max' is invalid, must be one of ['1d', '5d']")
2024-07-07 14:29:02,161 - WARNING - Skipping LLAP-WT: insufficient data or abnormal price.
2024-07-07 14:29:03,218 - ERROR - 
1 Failed download:
2024-07-07 14:29:03,218 - ERROR - ['PL-WT']: YFInvalidPeriodError("%ticker%: Period 'max' is invalid, must be one of ['1d', '5d']")
2024-07-07 14:29:03,218 - WARNING - Skipping PL-WT: insufficient data or abnormal price.
2024-07-07 14:29:04,277 - ERROR - 
1 Failed download:
2024-07-07 14:29:04,277 - ERROR - ['BBAI-WT']: YFInvalidPeriodError("%ticker%: Period 'max' is invalid, must be one of ['1d', '5d']")
2024-07-07 14:29:04,277 - WARNING - Skipping BBAI-WT: insufficient data or abnormal price.
2024-07-07 14:29:05,339 - WARNING - Skipping BNRE-A: insufficient data or abnormal price.
2024-07-07 14:29:06,397 - ERROR - 
1 Failed download:
2024-07-07 14:29:06,397 - ERROR - ['HGTY-WT']: YFInvalidPeriodError("%ticker%: Period 'max' is invalid, must be one of ['1d', '5d']")
2024-07-07 14:29:06,397 - WARNING - Skipping HGTY-WT: insufficient data or abnormal price.
2024-07-07 14:29:07,457 - ERROR - 
1 Failed download:
2024-07-07 14:29:07,457 - ERROR - ['HNRA-WT']: YFInvalidPeriodError("%ticker%: Period 'max' is invalid, must be one of ['1d', '5d']")
2024-07-07 14:29:07,457 - WARNING - Skipping HNRA-WT: insufficient data or abnormal price.
2024-07-07 14:29:08,532 - ERROR - 
1 Failed download:
2024-07-07 14:29:08,532 - ERROR - ['FLYX-WT']: YFInvalidPeriodError("%ticker%: Period 'max' is invalid, must be one of ['1d', '5d']")
2024-07-07 14:29:08,532 - WARNING - Skipping FLYX-WT: insufficient data or abnormal price.
2024-07-07 14:29:09,593 - ERROR - 
1 Failed download:
2024-07-07 14:29:09,593 - ERROR - ['AMBP-WT']: YFInvalidPeriodError("%ticker%: Period 'max' is invalid, must be one of ['1d', '5d']")
2024-07-07 14:29:09,593 - WARNING - Skipping AMBP-WT: insufficient data or abnormal price.
2024-07-07 14:29:10,648 - ERROR - 
1 Failed download:
2024-07-07 14:29:10,649 - ERROR - ['NPWR-WT']: YFInvalidPeriodError("%ticker%: Period 'max' is invalid, must be one of ['1d', '5d']")
2024-07-07 14:29:10,649 - WARNING - Skipping NPWR-WT: insufficient data or abnormal price.
2024-07-07 14:29:12,797 - ERROR - 
1 Failed download:
2024-07-07 14:29:12,797 - ERROR - ['TCOA-WT']: YFInvalidPeriodError("%ticker%: Period 'max' is invalid, must be one of ['1d', '5d']")
2024-07-07 14:29:12,797 - WARNING - Skipping TCOA-WT: insufficient data or abnormal price.
2024-07-07 14:29:14,943 - ERROR - 
1 Failed download:
2024-07-07 14:29:14,943 - ERROR - ['SEDA-WT']: YFInvalidPeriodError("%ticker%: Period 'max' is invalid, must be one of ['1d', '5d']")
2024-07-07 14:29:14,943 - WARNING - Skipping SEDA-WT: insufficient data or abnormal price.
2024-07-07 14:29:15,995 - ERROR - 
1 Failed download:
2024-07-07 14:29:15,995 - ERROR - ['PSQH-WT']: YFInvalidPeriodError("%ticker%: Period 'max' is invalid, must be one of ['1d', '5d']")
2024-07-07 14:29:15,995 - WARNING - Skipping PSQH-WT: insufficient data or abnormal price.
2024-07-07 14:29:18,129 - ERROR - 
1 Failed download:
2024-07-07 14:29:18,129 - ERROR - ['TRTL-WT']: YFInvalidPeriodError("%ticker%: Period 'max' is invalid, must be one of ['1d', '5d']")
2024-07-07 14:29:18,129 - WARNING - Skipping TRTL-WT: insufficient data or abnormal price.
2024-07-07 14:29:20,267 - ERROR - 
1 Failed download:
2024-07-07 14:29:20,267 - ERROR - ['LCW-WT']: YFInvalidPeriodError("%ticker%: Period 'max' is invalid, must be one of ['1d', '5d']")
2024-07-07 14:29:20,267 - WARNING - Skipping LCW-WT: insufficient data or abnormal price.
2024-07-07 14:29:22,420 - ERROR - 
1 Failed download:
2024-07-07 14:29:22,420 - ERROR - ['PHYT-WT']: YFInvalidPeriodError("%ticker%: Period 'max' is invalid, must be one of ['1d', '5d']")
2024-07-07 14:29:22,420 - WARNING - Skipping PHYT-WT: insufficient data or abnormal price.
2024-07-07 14:29:23,496 - WARNING - Skipping VCXB-UN: insufficient data or abnormal price.
2024-07-07 14:29:25,639 - ERROR - 
1 Failed download:
2024-07-07 14:29:25,639 - ERROR - ['NFYS-WT']: YFInvalidPeriodError("%ticker%: Period 'max' is invalid, must be one of ['1d', '5d']")
2024-07-07 14:29:25,639 - WARNING - Skipping NFYS-WT: insufficient data or abnormal price.
2024-07-07 14:29:26,711 - WARNING - Skipping CNDA-UN: insufficient data or abnormal price.
2024-07-07 14:29:27,769 - ERROR - 
1 Failed download:
2024-07-07 14:29:27,769 - ERROR - ['CNDA-WT']: YFInvalidPeriodError("%ticker%: Period 'max' is invalid, must be one of ['1d', '5d']")
2024-07-07 14:29:27,769 - WARNING - Skipping CNDA-WT: insufficient data or abnormal price.
2024-07-07 14:29:28,842 - ERROR - 
1 Failed download:
2024-07-07 14:29:28,842 - ERROR - ['GCTS-WT']: YFInvalidPeriodError("%ticker%: Period 'max' is invalid, must be one of ['1d', '5d']")
2024-07-07 14:29:28,842 - WARNING - Skipping GCTS-WT: insufficient data or abnormal price.
2024-07-07 14:29:29,912 - ERROR - 
1 Failed download:
2024-07-07 14:29:29,912 - ERROR - ['DC-WT']: YFInvalidPeriodError("%ticker%: Period 'max' is invalid, must be one of ['1d', '5d']")
2024-07-07 14:29:29,912 - WARNING - Skipping DC-WT: insufficient data or abnormal price.
2024-07-07 14:29:30,970 - ERROR - 
1 Failed download:
2024-07-07 14:29:30,970 - ERROR - ['PNST-WT']: YFInvalidPeriodError("%ticker%: Period 'max' is invalid, must be one of ['1d', '5d']")
2024-07-07 14:29:30,970 - WARNING - Skipping PNST-WT: insufficient data or abnormal price.
2024-07-07 14:29:33,111 - ERROR - 
1 Failed download:
2024-07-07 14:29:33,111 - ERROR - ['TRIS-WT']: YFInvalidPeriodError("%ticker%: Period 'max' is invalid, must be one of ['1d', '5d']")
2024-07-07 14:29:33,111 - WARNING - Skipping TRIS-WT: insufficient data or abnormal price.
2024-07-07 14:29:34,171 - ERROR - 
1 Failed download:
2024-07-07 14:29:34,171 - ERROR - ['SOAR-WT']: YFInvalidPeriodError("%ticker%: Period 'max' is invalid, must be one of ['1d', '5d']")
2024-07-07 14:29:34,171 - WARNING - Skipping SOAR-WT: insufficient data or abnormal price.
2024-07-07 14:29:36,311 - ERROR - 
1 Failed download:
2024-07-07 14:29:36,311 - ERROR - ['AACT-WT']: YFInvalidPeriodError("%ticker%: Period 'max' is invalid, must be one of ['1d', '5d']")
2024-07-07 14:29:36,311 - WARNING - Skipping AACT-WT: insufficient data or abnormal price.
2024-07-07 14:29:37,401 - ERROR - 
1 Failed download:
2024-07-07 14:29:37,401 - ERROR - ['CLDI-WT']: YFInvalidPeriodError("%ticker%: Period 'max' is invalid, must be one of ['1d', '5d']")
2024-07-07 14:29:37,401 - WARNING - Skipping CLDI-WT: insufficient data or abnormal price.
2024-07-07 14:29:38,473 - WARNING - Skipping APOS: insufficient data or abnormal price.
2024-07-07 14:29:40,609 - ERROR - 
1 Failed download:
2024-07-07 14:29:40,609 - ERROR - ['SBXC-WT']: YFInvalidPeriodError("%ticker%: Period 'max' is invalid, must be one of ['1d', '5d']")
2024-07-07 14:29:40,609 - WARNING - Skipping SBXC-WT: insufficient data or abnormal price.
2024-07-07 14:29:42,744 - ERROR - 
1 Failed download:
2024-07-07 14:29:42,744 - ERROR - ['RRAC-WT']: YFInvalidPeriodError("%ticker%: Period 'max' is invalid, must be one of ['1d', '5d']")
2024-07-07 14:29:42,744 - WARNING - Skipping RRAC-WT: insufficient data or abnormal price.
2024-07-07 14:29:43,806 - WARNING - Skipping EVE-UN: insufficient data or abnormal price.
2024-07-07 14:29:44,882 - ERROR - 
1 Failed download:
2024-07-07 14:29:44,882 - ERROR - ['EVE-WT']: YFInvalidPeriodError("%ticker%: Period 'max' is invalid, must be one of ['1d', '5d']")
2024-07-07 14:29:44,882 - WARNING - Skipping EVE-WT: insufficient data or abnormal price.
2024-07-07 14:29:47,018 - ERROR - 
1 Failed download:
2024-07-07 14:29:47,018 - ERROR - ['VLN-WT']: YFInvalidPeriodError("%ticker%: Period 'max' is invalid, must be one of ['1d', '5d']")
2024-07-07 14:29:47,018 - WARNING - Skipping VLN-WT: insufficient data or abnormal price.
2024-07-07 14:29:49,162 - ERROR - 
1 Failed download:
2024-07-07 14:29:49,162 - ERROR - ['MNTN-WT']: YFInvalidPeriodError("%ticker%: Period 'max' is invalid, must be one of ['1d', '5d']")
2024-07-07 14:29:49,162 - WARNING - Skipping MNTN-WT: insufficient data or abnormal price.
2024-07-07 14:29:50,229 - WARNING - Skipping ADRT-UN: insufficient data or abnormal price.
2024-07-07 14:29:52,376 - ERROR - 
1 Failed download:
2024-07-07 14:29:52,376 - ERROR - ['KCGI-WT']: YFInvalidPeriodError("%ticker%: Period 'max' is invalid, must be one of ['1d', '5d']")
2024-07-07 14:29:52,376 - WARNING - Skipping KCGI-WT: insufficient data or abnormal price.
2024-07-07 14:29:53,438 - ERROR - 
1 Failed download:
2024-07-07 14:29:53,438 - ERROR - ['WBX-WT']: YFInvalidPeriodError("%ticker%: Period 'max' is invalid, must be one of ['1d', '5d']")
2024-07-07 14:29:53,438 - WARNING - Skipping WBX-WT: insufficient data or abnormal price.
2024-07-07 14:29:54,496 - ERROR - 
1 Failed download:
2024-07-07 14:29:54,496 - ERROR - ['EVTL-WT']: YFInvalidPeriodError("%ticker%: Period 'max' is invalid, must be one of ['1d', '5d']")
2024-07-07 14:29:54,496 - WARNING - Skipping EVTL-WT: insufficient data or abnormal price.
2024-07-07 14:29:56,621 - ERROR - 
1 Failed download:
2024-07-07 14:29:56,621 - ERROR - ['RCFA-WT']: YFInvalidPeriodError("%ticker%: Period 'max' is invalid, must be one of ['1d', '5d']")
2024-07-07 14:29:56,621 - WARNING - Skipping RCFA-WT: insufficient data or abnormal price.
2024-07-07 14:29:58,758 - ERROR - 
1 Failed download:
2024-07-07 14:29:58,758 - ERROR - ['WEL-WT']: YFInvalidPeriodError("%ticker%: Period 'max' is invalid, must be one of ['1d', '5d']")
2024-07-07 14:29:58,758 - WARNING - Skipping WEL-WT: insufficient data or abnormal price.
2024-07-07 14:30:00,919 - ERROR - 
1 Failed download:
2024-07-07 14:30:00,919 - ERROR - ['BFAC-WT']: YFInvalidPeriodError("%ticker%: Period 'max' is invalid, must be one of ['1d', '5d']")
2024-07-07 14:30:00,919 - WARNING - Skipping BFAC-WT: insufficient data or abnormal price.
2024-07-07 14:30:01,990 - WARNING - Skipping ATEK-UN: insufficient data or abnormal price.
2024-07-07 14:30:03,047 - ERROR - 
1 Failed download:
2024-07-07 14:30:03,047 - ERROR - ['ATEK-WT']: YFInvalidPeriodError("%ticker%: Period 'max' is invalid, must be one of ['1d', '5d']")
2024-07-07 14:30:03,047 - WARNING - Skipping ATEK-WT: insufficient data or abnormal price.
2024-07-07 14:30:04,106 - ERROR - 
1 Failed download:
2024-07-07 14:30:04,106 - ERROR - ['SLND-WT']: YFInvalidPeriodError("%ticker%: Period 'max' is invalid, must be one of ['1d', '5d']")
2024-07-07 14:30:04,106 - WARNING - Skipping SLND-WT: insufficient data or abnormal price.
2024-07-07 14:30:05,156 - ERROR - 
1 Failed download:
2024-07-07 14:30:05,156 - ERROR - ['NE-WT']: YFInvalidPeriodError("%ticker%: Period 'max' is invalid, must be one of ['1d', '5d']")
2024-07-07 14:30:05,156 - WARNING - Skipping NE-WT: insufficient data or abnormal price.
2024-07-07 14:30:06,205 - ERROR - 
1 Failed download:
2024-07-07 14:30:06,205 - ERROR - ['NE-WTA']: YFInvalidPeriodError("%ticker%: Period 'max' is invalid, must be one of ['1d', '5d']")
2024-07-07 14:30:06,205 - WARNING - Skipping NE-WTA: insufficient data or abnormal price.
2024-07-07 14:30:07,263 - ERROR - 
1 Failed download:
2024-07-07 14:30:07,263 - ERROR - ['LVWR-WT']: YFInvalidPeriodError("%ticker%: Period 'max' is invalid, must be one of ['1d', '5d']")
2024-07-07 14:30:07,263 - WARNING - Skipping LVWR-WT: insufficient data or abnormal price.
2024-07-07 14:30:08,337 - ERROR - 
1 Failed download:
2024-07-07 14:30:08,337 - ERROR - ['AMPX-WT']: YFInvalidPeriodError("%ticker%: Period 'max' is invalid, must be one of ['1d', '5d']")
2024-07-07 14:30:08,337 - WARNING - Skipping AMPX-WT: insufficient data or abnormal price.
2024-07-07 14:30:09,397 - ERROR - 
1 Failed download:
2024-07-07 14:30:09,397 - ERROR - ['PERF-WT']: YFInvalidPeriodError("%ticker%: Period 'max' is invalid, must be one of ['1d', '5d']")
2024-07-07 14:30:09,397 - WARNING - Skipping PERF-WT: insufficient data or abnormal price.
2024-07-07 14:30:10,451 - ERROR - 
1 Failed download:
2024-07-07 14:30:10,451 - ERROR - ['QBTS-WT']: YFInvalidPeriodError("%ticker%: Period 'max' is invalid, must be one of ['1d', '5d']")
2024-07-07 14:30:10,451 - WARNING - Skipping QBTS-WT: insufficient data or abnormal price.
2024-07-07 14:30:11,522 - WARNING - Skipping DMYY-UN: insufficient data or abnormal price.
2024-07-07 14:30:12,573 - ERROR - 
1 Failed download:
2024-07-07 14:30:12,573 - ERROR - ['DMYY-WT']: YFInvalidPeriodError("%ticker%: Period 'max' is invalid, must be one of ['1d', '5d']")
2024-07-07 14:30:12,573 - WARNING - Skipping DMYY-WT: insufficient data or abnormal price.
2024-07-07 14:30:13,649 - ERROR - 
1 Failed download:
2024-07-07 14:30:13,649 - ERROR - ['LANV-WT']: YFInvalidPeriodError("%ticker%: Period 'max' is invalid, must be one of ['1d', '5d']")
2024-07-07 14:30:13,649 - WARNING - Skipping LANV-WT: insufficient data or abnormal price.
2024-07-07 14:30:14,710 - ERROR - 
1 Failed download:
2024-07-07 14:30:14,710 - ERROR - ['MRDB-WT']: YFInvalidPeriodError("%ticker%: Period 'max' is invalid, must be one of ['1d', '5d']")
2024-07-07 14:30:14,710 - WARNING - Skipping MRDB-WT: insufficient data or abnormal price.
2024-07-07 14:30:15,786 - WARNING - Skipping FGN: insufficient data or abnormal price.
2024-07-07 14:30:16,862 - ERROR - 
1 Failed download:
2024-07-07 14:30:16,862 - ERROR - ['AMBI-WT']: YFInvalidPeriodError("%ticker%: Period 'max' is invalid, must be one of ['1d', '5d']")
2024-07-07 14:30:16,862 - WARNING - Skipping AMBI-WT: insufficient data or abnormal price.
2024-07-07 14:30:17,921 - ERROR - 
1 Failed download:
2024-07-07 14:30:17,921 - ERROR - ['LZM-WT']: YFInvalidPeriodError("%ticker%: Period 'max' is invalid, must be one of ['1d', '5d']")
2024-07-07 14:30:17,921 - WARNING - Skipping LZM-WT: insufficient data or abnormal price.
2024-07-07 14:30:18,993 - ERROR - 
1 Failed download:
2024-07-07 14:30:19,002 - ERROR - ['ALUR-WT']: YFInvalidPeriodError("%ticker%: Period 'max' is invalid, must be one of ['1d', '5d']")
2024-07-07 14:30:19,002 - WARNING - Skipping ALUR-WT: insufficient data or abnormal price.
2024-07-07 14:30:20,070 - WARNING - Skipping HYAC-UN: insufficient data or abnormal price.
2024-07-07 14:30:21,132 - ERROR - 
1 Failed download:
2024-07-07 14:30:21,132 - ERROR - ['HYAC-WT']: YFInvalidPeriodError("%ticker%: Period 'max' is invalid, must be one of ['1d', '5d']")
2024-07-07 14:30:21,132 - WARNING - Skipping HYAC-WT: insufficient data or abnormal price.
2024-07-07 14:30:22,190 - ERROR - 
1 Failed download:
2024-07-07 14:30:22,190 - ERROR - ['FREY-WT']: YFInvalidPeriodError("%ticker%: Period 'max' is invalid, must be one of ['1d', '5d']")
2024-07-07 14:30:22,190 - WARNING - Skipping FREY-WT: insufficient data or abnormal price.
2024-07-07 14:30:23,263 - WARNING - Skipping CLBR-UN: insufficient data or abnormal price.
2024-07-07 14:30:24,319 - ERROR - 
1 Failed download:
2024-07-07 14:30:24,319 - ERROR - ['CLBR-WT']: YFInvalidPeriodError("%ticker%: Period 'max' is invalid, must be one of ['1d', '5d']")
2024-07-07 14:30:24,319 - WARNING - Skipping CLBR-WT: insufficient data or abnormal price.
2024-07-07 14:30:25,392 - WARNING - Skipping LEGT-UN: insufficient data or abnormal price.
2024-07-07 14:30:26,448 - ERROR - 
1 Failed download:
2024-07-07 14:30:26,448 - ERROR - ['LEGT-WT']: YFInvalidPeriodError("%ticker%: Period 'max' is invalid, must be one of ['1d', '5d']")
2024-07-07 14:30:26,448 - WARNING - Skipping LEGT-WT: insufficient data or abnormal price.
2024-07-07 14:30:27,513 - WARNING - Skipping CHEB-UN: insufficient data or abnormal price.
2024-07-07 14:30:28,513 - INFO - Total download time: 3970.76 seconds
2024-07-07 14:30:28,513 - INFO - Data download completed. Downloaded 3133 new files.
2024-07-07 14:30:28,513 - INFO - Total execution time: 3970.76 seconds
2024-07-08 20:30:34,205 - INFO - Cleared old data files.
2024-07-08 20:32:33,114 - INFO - Downloaded data for 100 tickers taking 118.91 seconds
2024-07-08 20:34:29,030 - INFO - Downloaded data for 200 tickers taking 234.82 seconds
2024-07-08 20:36:26,396 - INFO - Downloaded data for 300 tickers taking 352.19 seconds
2024-07-08 20:38:23,588 - INFO - Downloaded data for 400 tickers taking 469.38 seconds
2024-07-08 20:40:20,991 - INFO - Downloaded data for 500 tickers taking 586.78 seconds
2024-07-08 20:42:18,334 - INFO - Downloaded data for 600 tickers taking 704.13 seconds
2024-07-08 20:44:16,104 - INFO - Downloaded data for 700 tickers taking 821.90 seconds
2024-07-08 20:46:14,633 - INFO - Downloaded data for 800 tickers taking 940.43 seconds
2024-07-08 20:48:10,872 - INFO - Downloaded data for 900 tickers taking 1056.66 seconds
2024-07-08 20:50:08,761 - INFO - Downloaded data for 1000 tickers taking 1174.55 seconds
2024-07-08 20:52:06,351 - INFO - Downloaded data for 1100 tickers taking 1292.14 seconds
2024-07-08 20:54:03,779 - INFO - Downloaded data for 1200 tickers taking 1409.57 seconds
2024-07-08 20:56:01,435 - INFO - Downloaded data for 1300 tickers taking 1527.23 seconds
2024-07-08 20:57:59,792 - INFO - Downloaded data for 1400 tickers taking 1645.59 seconds
2024-07-08 20:59:57,234 - INFO - Downloaded data for 1500 tickers taking 1763.03 seconds
2024-07-08 21:01:54,225 - INFO - Downloaded data for 1600 tickers taking 1880.02 seconds
2024-07-08 21:03:52,710 - INFO - Downloaded data for 1700 tickers taking 1998.50 seconds
2024-07-08 21:05:51,381 - INFO - Downloaded data for 1800 tickers taking 2117.17 seconds
2024-07-08 21:07:49,477 - INFO - Downloaded data for 1900 tickers taking 2235.27 seconds
2024-07-08 21:09:47,767 - INFO - Downloaded data for 2000 tickers taking 2353.56 seconds
2024-07-08 21:11:45,652 - INFO - Downloaded data for 2100 tickers taking 2471.44 seconds
2024-07-08 21:13:43,073 - INFO - Downloaded data for 2200 tickers taking 2588.87 seconds
2024-07-08 21:15:39,093 - INFO - Downloaded data for 2300 tickers taking 2704.89 seconds
2024-07-08 21:17:35,323 - INFO - Downloaded data for 2400 tickers taking 2821.12 seconds
2024-07-08 21:19:31,891 - INFO - Downloaded data for 2500 tickers taking 2937.68 seconds
2024-07-08 21:21:28,824 - INFO - Downloaded data for 2600 tickers taking 3054.62 seconds
2024-07-08 21:23:26,379 - INFO - Downloaded data for 2700 tickers taking 3172.17 seconds
2024-07-08 21:25:24,473 - INFO - Downloaded data for 2800 tickers taking 3290.27 seconds
2024-07-08 21:27:21,419 - INFO - Downloaded data for 2900 tickers taking 3407.21 seconds
2024-07-08 21:28:57,062 - INFO - Total download time: 3502.86 seconds
2024-07-08 21:28:57,062 - INFO - Data download completed. Downloaded 2981 new files.
2024-07-08 21:28:57,062 - INFO - Total execution time: 58.38 minutes
2024-07-09 20:30:33,928 - INFO - Cleared old data files.
2024-07-09 20:32:31,355 - INFO - Downloaded data for 100 tickers taking 117.42 seconds
2024-07-09 20:34:28,081 - INFO - Downloaded data for 200 tickers taking 234.15 seconds
2024-07-09 20:52:07,528 - INFO - Downloaded data for 300 tickers taking 1293.60 seconds
2024-07-09 20:55:31,100 - INFO - Downloaded data for 400 tickers taking 1497.17 seconds
2024-07-09 20:57:28,125 - INFO - Downloaded data for 500 tickers taking 1614.19 seconds
2024-07-09 20:59:26,041 - INFO - Downloaded data for 600 tickers taking 1732.11 seconds
2024-07-09 21:01:23,645 - INFO - Downloaded data for 700 tickers taking 1849.71 seconds
2024-07-09 21:03:21,742 - INFO - Downloaded data for 800 tickers taking 1967.81 seconds
2024-07-09 21:05:18,168 - INFO - Downloaded data for 900 tickers taking 2084.24 seconds
2024-07-09 21:07:16,559 - INFO - Downloaded data for 1000 tickers taking 2202.63 seconds
2024-07-09 21:09:35,514 - INFO - Downloaded data for 1100 tickers taking 2341.58 seconds
2024-07-09 21:11:34,679 - INFO - Downloaded data for 1200 tickers taking 2460.75 seconds
2024-07-09 21:13:34,525 - INFO - Downloaded data for 1300 tickers taking 2580.59 seconds
2024-07-09 21:15:34,497 - INFO - Downloaded data for 1400 tickers taking 2700.57 seconds
2024-07-09 21:17:32,082 - INFO - Downloaded data for 1500 tickers taking 2818.15 seconds
2024-07-09 21:19:30,479 - INFO - Downloaded data for 1600 tickers taking 2936.55 seconds
2024-07-09 21:21:28,200 - INFO - Downloaded data for 1700 tickers taking 3054.27 seconds
2024-07-09 21:23:35,463 - INFO - Downloaded data for 1800 tickers taking 3181.53 seconds
2024-07-09 21:25:53,160 - INFO - Downloaded data for 1900 tickers taking 3319.23 seconds
2024-07-09 21:28:12,096 - INFO - Downloaded data for 2000 tickers taking 3458.17 seconds
2024-07-09 21:30:09,650 - INFO - Downloaded data for 2100 tickers taking 3575.72 seconds
2024-07-09 21:32:06,052 - INFO - Downloaded data for 2200 tickers taking 3692.12 seconds
2024-07-09 21:34:01,657 - INFO - Downloaded data for 2300 tickers taking 3807.73 seconds
2024-07-09 21:35:58,155 - INFO - Downloaded data for 2400 tickers taking 3924.22 seconds
2024-07-09 21:37:54,299 - INFO - Downloaded data for 2500 tickers taking 4040.37 seconds
2024-07-09 21:39:51,858 - INFO - Downloaded data for 2600 tickers taking 4157.93 seconds
2024-07-09 21:41:49,724 - INFO - Downloaded data for 2700 tickers taking 4275.79 seconds
2024-07-09 21:43:47,317 - INFO - Downloaded data for 2800 tickers taking 4393.39 seconds
2024-07-09 21:45:44,826 - INFO - Downloaded data for 2900 tickers taking 4510.89 seconds
2024-07-09 21:47:18,286 - INFO - Total download time: 4604.36 seconds
2024-07-09 21:47:18,286 - INFO - Data download completed. Downloaded 2979 new files.
2024-07-09 21:47:18,286 - INFO - Total execution time: 76.74 minutes
2024-07-10 20:30:33,514 - INFO - Cleared old data files.
2024-07-10 20:32:29,571 - INFO - Downloaded data for 100 tickers taking 116.04 seconds
2024-07-10 20:34:25,759 - INFO - Downloaded data for 200 tickers taking 232.23 seconds
2024-07-10 20:36:22,344 - INFO - Downloaded data for 300 tickers taking 348.82 seconds
2024-07-10 20:38:19,095 - INFO - Downloaded data for 400 tickers taking 465.57 seconds
2024-07-10 20:40:16,734 - INFO - Downloaded data for 500 tickers taking 583.21 seconds
2024-07-10 20:42:13,925 - INFO - Downloaded data for 600 tickers taking 700.40 seconds
2024-07-10 20:44:11,221 - INFO - Downloaded data for 700 tickers taking 817.69 seconds
2024-07-10 20:46:09,225 - INFO - Downloaded data for 800 tickers taking 935.70 seconds
2024-07-10 20:48:05,422 - INFO - Downloaded data for 900 tickers taking 1051.90 seconds
2024-07-10 20:50:03,151 - INFO - Downloaded data for 1000 tickers taking 1169.62 seconds
2024-07-10 20:52:00,420 - INFO - Downloaded data for 1100 tickers taking 1286.89 seconds
2024-07-10 20:53:58,015 - INFO - Downloaded data for 1200 tickers taking 1404.49 seconds
2024-07-10 20:55:55,884 - INFO - Downloaded data for 1300 tickers taking 1522.36 seconds
2024-07-10 20:57:53,820 - INFO - Downloaded data for 1400 tickers taking 1640.29 seconds
2024-07-10 20:59:51,420 - INFO - Downloaded data for 1500 tickers taking 1757.89 seconds
2024-07-10 21:01:48,615 - INFO - Downloaded data for 1600 tickers taking 1875.09 seconds
2024-07-10 21:03:46,704 - INFO - Downloaded data for 1700 tickers taking 1993.18 seconds
2024-07-10 21:05:44,639 - INFO - Downloaded data for 1800 tickers taking 2111.11 seconds
2024-07-10 21:07:43,059 - INFO - Downloaded data for 1900 tickers taking 2229.53 seconds
2024-07-10 21:09:41,605 - INFO - Downloaded data for 2000 tickers taking 2348.08 seconds
2024-07-10 21:11:39,223 - INFO - Downloaded data for 2100 tickers taking 2465.70 seconds
2024-07-10 21:13:36,427 - INFO - Downloaded data for 2200 tickers taking 2582.90 seconds
2024-07-10 21:15:32,576 - INFO - Downloaded data for 2300 tickers taking 2699.05 seconds
2024-07-10 21:17:28,637 - INFO - Downloaded data for 2400 tickers taking 2815.11 seconds
2024-07-10 21:19:24,754 - INFO - Downloaded data for 2500 tickers taking 2931.23 seconds
2024-07-10 21:21:22,596 - INFO - Downloaded data for 2600 tickers taking 3049.07 seconds
2024-07-10 21:23:21,052 - INFO - Downloaded data for 2700 tickers taking 3167.53 seconds
2024-07-10 21:25:18,356 - INFO - Downloaded data for 2800 tickers taking 3284.83 seconds
2024-07-10 21:27:16,693 - INFO - Downloaded data for 2900 tickers taking 3403.17 seconds
2024-07-10 21:28:50,457 - INFO - Total download time: 3496.93 seconds
2024-07-10 21:28:50,457 - INFO - Data download completed. Downloaded 2979 new files.
2024-07-10 21:28:50,457 - INFO - Total execution time: 58.28 minutes
2024-07-11 21:21:14,089 - INFO - Cleared old data files.
2024-07-11 21:23:12,612 - INFO - Downloaded data for 100 tickers taking 118.52 seconds
2024-07-11 21:25:08,919 - INFO - Downloaded data for 200 tickers taking 234.83 seconds
2024-07-11 21:27:05,977 - INFO - Downloaded data for 300 tickers taking 351.89 seconds
2024-07-11 21:29:03,104 - INFO - Downloaded data for 400 tickers taking 469.01 seconds
2024-07-11 21:31:00,331 - INFO - Downloaded data for 500 tickers taking 586.24 seconds
2024-07-11 21:32:57,983 - INFO - Downloaded data for 600 tickers taking 703.89 seconds
2024-07-11 21:34:55,368 - INFO - Downloaded data for 700 tickers taking 821.28 seconds
2024-07-11 21:36:53,547 - INFO - Downloaded data for 800 tickers taking 939.45 seconds
2024-07-11 21:38:49,987 - INFO - Downloaded data for 900 tickers taking 1055.89 seconds
2024-07-11 21:40:48,692 - INFO - Downloaded data for 1000 tickers taking 1174.60 seconds
2024-07-11 21:42:46,673 - INFO - Downloaded data for 1100 tickers taking 1292.58 seconds
2024-07-11 21:44:44,298 - INFO - Downloaded data for 1200 tickers taking 1410.21 seconds
2024-07-11 21:46:41,805 - INFO - Downloaded data for 1300 tickers taking 1527.71 seconds
2024-07-11 21:48:40,054 - INFO - Downloaded data for 1400 tickers taking 1645.96 seconds
2024-07-11 21:50:37,573 - INFO - Downloaded data for 1500 tickers taking 1763.48 seconds
2024-07-11 21:52:34,397 - INFO - Downloaded data for 1600 tickers taking 1880.31 seconds
2024-07-11 21:54:32,518 - INFO - Downloaded data for 1700 tickers taking 1998.43 seconds
2024-07-11 21:56:30,945 - INFO - Downloaded data for 1800 tickers taking 2116.85 seconds
2024-07-11 21:58:29,504 - INFO - Downloaded data for 1900 tickers taking 2235.41 seconds
2024-07-11 22:00:27,865 - INFO - Downloaded data for 2000 tickers taking 2353.77 seconds
2024-07-11 22:02:24,901 - INFO - Downloaded data for 2100 tickers taking 2470.81 seconds
2024-07-11 22:04:22,322 - INFO - Downloaded data for 2200 tickers taking 2588.23 seconds
2024-07-11 22:06:19,402 - INFO - Downloaded data for 2300 tickers taking 2705.31 seconds
2024-07-11 22:08:15,884 - INFO - Downloaded data for 2400 tickers taking 2821.79 seconds
2024-07-11 22:10:12,017 - INFO - Downloaded data for 2500 tickers taking 2937.93 seconds
2024-07-11 22:12:09,597 - INFO - Downloaded data for 2600 tickers taking 3055.50 seconds
2024-07-11 22:14:08,627 - INFO - Downloaded data for 2700 tickers taking 3174.54 seconds
2024-07-11 22:16:06,659 - INFO - Downloaded data for 2800 tickers taking 3292.57 seconds
2024-07-11 22:18:04,000 - INFO - Downloaded data for 2900 tickers taking 3409.91 seconds
2024-07-11 22:19:38,394 - INFO - Total download time: 3504.30 seconds
2024-07-11 22:19:38,394 - INFO - Data download completed. Downloaded 2979 new files.
2024-07-11 22:19:38,394 - INFO - Total execution time: 58.41 minutes
