2024-02-09 00:39:15,713 - INFO - Time taken to process Data/PriceData/WFC.csv: 28.45 seconds
2024-02-09 00:39:15,716 - INFO - Time taken to process Data/PriceData/NVO.csv: 28.51 seconds
2024-02-09 00:39:15,737 - INFO - Time taken to process Data/PriceData/BHP.csv: 28.52 seconds
2024-02-09 00:39:15,827 - INFO - Time taken to process Data/PriceData/T.csv: 28.56 seconds
2024-02-09 00:39:15,996 - INFO - Time taken to process Data/PriceData/ADI.csv: 28.79 seconds
2024-02-09 00:39:16,060 - INFO - Time taken to process Data/PriceData/FI.csv: 28.82 seconds
2024-02-09 00:39:26,148 - INFO - Time taken to process Data/PriceData/ABBV.csv: 10.43 seconds
2024-02-09 00:39:35,404 - INFO - Time taken to process Data/PriceData/HDB.csv: 19.41 seconds
2024-02-09 00:39:36,160 - INFO - Time taken to process Data/PriceData/META.csv: 10.01 seconds
2024-02-09 00:39:42,290 - INFO - Time taken to process Data/PriceData/LIN.csv: 26.23 seconds
2024-02-09 00:39:42,710 - INFO - Time taken to process Data/PriceData/QCOM.csv: 26.87 seconds
2024-02-09 00:39:43,539 - INFO - Time taken to process Data/PriceData/TM.csv: 27.82 seconds
2024-02-09 00:39:43,720 - INFO - Time taken to process Data/PriceData/TMO.csv: 27.98 seconds
2024-02-09 00:39:46,719 - INFO - Time taken to process Data/PriceData/ABNB.csv: 4.01 seconds
2024-02-09 00:39:57,860 - INFO - Time taken to process Data/PriceData/FMX.csv: 22.46 seconds
2024-02-09 00:40:00,557 - INFO - Time taken to process Data/PriceData/SHEL.csv: 24.40 seconds
2024-02-09 00:40:10,910 - INFO - Time taken to process Data/PriceData/C.csv: 28.62 seconds
2024-02-09 00:40:11,038 - INFO - Time taken to process Data/PriceData/ETN.csv: 27.49 seconds
2024-02-09 00:40:12,091 - INFO - Time taken to process Data/PriceData/HD.csv: 28.37 seconds
2024-02-09 00:40:15,237 - INFO - Time taken to process Data/PriceData/VZ.csv: 28.52 seconds
2024-02-09 00:40:26,519 - INFO - Time taken to process Data/PriceData/ABT.csv: 28.65 seconds
2024-02-09 00:40:28,897 - INFO - Time taken to process Data/PriceData/LMT.csv: 28.33 seconds
2024-02-09 00:40:39,274 - INFO - Time taken to process Data/PriceData/RY.csv: 24.04 seconds
2024-02-09 00:40:39,283 - INFO - Time taken to process Data/PriceData/MU.csv: 28.37 seconds
2024-02-09 00:40:39,411 - INFO - Time taken to process Data/PriceData/CVS.csv: 28.37 seconds
2024-02-09 00:40:39,861 - INFO - Time taken to process Data/PriceData/BMY.csv: 27.77 seconds
2024-02-09 00:40:49,731 - INFO - Time taken to process Data/PriceData/ISRG.csv: 20.83 seconds
2024-02-09 00:40:51,336 - INFO - Time taken to process Data/PriceData/NOW.csv: 11.47 seconds
2024-02-09 00:40:54,177 - INFO - Time taken to process Data/PriceData/REGN.csv: 27.66 seconds
2024-02-09 00:41:05,846 - INFO - Time taken to process Data/PriceData/WMT.csv: 26.43 seconds
2024-02-09 00:41:06,844 - INFO - Time taken to process Data/PriceData/DIS.csv: 27.55 seconds
2024-02-09 00:41:06,847 - INFO - Time taken to process Data/PriceData/MSFT.csv: 27.57 seconds
2024-02-09 00:41:17,398 - INFO - Time taken to process Data/PriceData/AXP.csv: 27.67 seconds
2024-02-09 00:41:19,943 - INFO - Time taken to process Data/PriceData/TXN.csv: 28.61 seconds
2024-02-09 00:41:22,914 - INFO - Time taken to process Data/PriceData/PG.csv: 28.73 seconds
2024-02-09 00:41:26,501 - INFO - Time taken to process Data/PriceData/GS.csv: 20.65 seconds
2024-02-09 00:41:27,843 - INFO - Time taken to process Data/PriceData/ZTS.csv: 10.43 seconds
2024-02-09 00:41:35,220 - INFO - Time taken to process Data/PriceData/INTC.csv: 28.37 seconds
2024-02-09 00:41:35,472 - INFO - Time taken to process Data/PriceData/COST.csv: 28.62 seconds
2024-02-09 00:41:38,894 - INFO - Time taken to process Data/PriceData/PANW.csv: 11.05 seconds
2024-02-09 00:41:46,189 - INFO - Time taken to process Data/PriceData/CB.csv: 26.24 seconds
2024-02-09 00:41:51,462 - INFO - Time taken to process Data/PriceData/TJX.csv: 28.55 seconds
2024-02-09 00:41:55,466 - INFO - Time taken to process Data/PriceData/GE.csv: 28.96 seconds
2024-02-09 00:42:03,098 - INFO - Time taken to process Data/PriceData/SONY.csv: 27.62 seconds
2024-02-09 00:42:03,319 - INFO - Time taken to process Data/PriceData/UL.csv: 28.10 seconds
2024-02-09 00:42:07,123 - INFO - Time taken to process Data/PriceData/SCHW.csv: 28.23 seconds
2024-02-09 00:42:07,357 - INFO - Time taken to process Data/PriceData/NVDA.csv: 21.17 seconds
2024-02-09 00:42:15,757 - INFO - Time taken to process Data/PriceData/EQNR.csv: 20.29 seconds
2024-02-09 00:42:16,336 - INFO - Time taken to process Data/PriceData/AVGO.csv: 13.00 seconds
2024-02-09 00:42:18,144 - INFO - Time taken to process Data/PriceData/TTE.csv: 26.68 seconds
2024-02-09 00:42:26,907 - INFO - Time taken to process Data/PriceData/PBR.csv: 19.55 seconds
2024-02-09 00:42:28,518 - INFO - Time taken to process Data/PriceData/LTMAY.csv: 21.39 seconds
2024-02-09 00:42:29,887 - INFO - Time taken to process Data/PriceData/RIO.csv: 26.79 seconds
2024-02-09 00:42:39,925 - INFO - Time taken to process Data/PriceData/BKNG.csv: 21.78 seconds
2024-02-09 00:42:42,650 - INFO - Time taken to process Data/PriceData/BSX.csv: 26.31 seconds
2024-02-09 00:42:43,742 - INFO - Time taken to process Data/PriceData/LOW.csv: 27.98 seconds
2024-02-09 00:42:47,695 - INFO - Time taken to process Data/PriceData/BLK.csv: 20.79 seconds
2024-02-09 00:42:49,417 - INFO - Time taken to process Data/PriceData/MDLZ.csv: 19.53 seconds
2024-02-09 00:42:51,351 - INFO - Time taken to process Data/PriceData/CNI.csv: 22.83 seconds
2024-02-09 00:42:58,004 - INFO - Time taken to process Data/PriceData/BNPQY.csv: 18.07 seconds
2024-02-09 00:43:04,447 - INFO - Time taken to process Data/PriceData/EADSY.csv: 15.03 seconds
2024-02-09 00:43:05,763 - INFO - Time taken to process Data/PriceData/TD.csv: 23.11 seconds
2024-02-09 00:43:12,312 - INFO - Time taken to process Data/PriceData/BP.csv: 28.57 seconds
2024-02-09 00:43:13,254 - INFO - Time taken to process Data/PriceData/TSM.csv: 21.90 seconds
2024-02-09 00:43:15,743 - INFO - Time taken to process Data/PriceData/IBM.csv: 28.05 seconds
2024-02-09 00:43:22,817 - INFO - Time taken to process Data/PriceData/ASML.csv: 24.81 seconds
2024-02-09 00:43:25,436 - INFO - Time taken to process Data/PriceData/HSBC.csv: 20.98 seconds
2024-02-09 00:43:30,426 - INFO - Time taken to process Data/PriceData/PM.csv: 14.66 seconds
2024-02-09 00:43:34,374 - INFO - Time taken to process Data/PriceData/NKE.csv: 28.60 seconds
2024-02-09 00:43:40,701 - INFO - Time taken to process Data/PriceData/AMD.csv: 28.39 seconds
2024-02-09 00:43:41,269 - INFO - Time taken to process Data/PriceData/SPGI.csv: 28.01 seconds
2024-02-09 00:43:46,544 - INFO - Time taken to process Data/PriceData/MA.csv: 16.12 seconds
2024-02-09 00:43:50,508 - INFO - Time taken to process Data/PriceData/DHR.csv: 27.69 seconds
2024-02-09 00:43:53,336 - INFO - Time taken to process Data/PriceData/BA.csv: 27.90 seconds
2024-02-09 00:44:03,764 - INFO - Time taken to process Data/PriceData/PFE.csv: 29.39 seconds
2024-02-09 00:44:05,596 - INFO - Time taken to process Data/PriceData/BX.csv: 15.08 seconds
2024-02-09 00:44:07,670 - INFO - Time taken to process Data/PriceData/VRTX.csv: 26.97 seconds
2024-02-09 00:44:08,683 - INFO - Time taken to process Data/PriceData/NVS.csv: 22.14 seconds
2024-02-09 00:44:10,380 - INFO - Time taken to process Data/PriceData/COP.csv: 29.11 seconds
2024-02-09 00:44:18,527 - INFO - Time taken to process Data/PriceData/V.csv: 14.76 seconds
2024-02-09 00:44:21,275 - INFO - Time taken to process Data/PriceData/JNJ.csv: 27.94 seconds
2024-02-09 00:44:22,512 - INFO - Time taken to process Data/PriceData/CSLLY.csv: 12.13 seconds
2024-02-09 00:44:27,689 - INFO - Time taken to process Data/PriceData/PLD.csv: 22.09 seconds
2024-02-09 00:44:33,150 - INFO - Time taken to process Data/PriceData/AZN.csv: 25.48 seconds
2024-02-09 00:44:36,801 - INFO - Time taken to process Data/PriceData/PGR.csv: 28.11 seconds
2024-02-09 00:44:46,594 - INFO - Time taken to process Data/PriceData/CI.csv: 28.07 seconds
2024-02-09 00:44:48,049 - INFO - Time taken to process Data/PriceData/INTU.csv: 25.54 seconds
2024-02-09 00:44:49,061 - INFO - Time taken to process Data/PriceData/ORCL.csv: 27.76 seconds
2024-02-09 00:44:57,150 - INFO - Time taken to process Data/PriceData/XOM.csv: 29.46 seconds
2024-02-09 00:45:00,929 - INFO - Time taken to process Data/PriceData/LRCX.csv: 27.78 seconds
2024-02-09 00:45:05,329 - INFO - Time taken to process Data/PriceData/MRK.csv: 28.53 seconds
2024-02-09 00:45:05,892 - INFO - Time taken to process Data/PriceData/UBER.csv: 4.96 seconds
2024-02-09 00:45:06,639 - INFO - Time taken to process Data/PriceData/NFLX.csv: 18.59 seconds
2024-02-09 00:45:07,648 - INFO - Time taken to process Data/PriceData/QQQ.csv: 21.05 seconds
2024-02-09 00:45:11,710 - INFO - Time taken to process Data/PriceData/AMT.csv: 22.65 seconds
2024-02-09 00:45:15,662 - INFO - Time taken to process Data/PriceData/BABA.csv: 9.02 seconds
2024-02-09 00:45:16,426 - INFO - Time taken to process Data/PriceData/ACN.csv: 19.27 seconds
2024-02-09 00:45:29,845 - INFO - Time taken to process Data/PriceData/SAP.csv: 24.51 seconds
2024-02-09 00:45:31,289 - INFO - Time taken to process Data/PriceData/ABBNY.csv: 19.58 seconds
2024-02-09 00:45:31,712 - INFO - Time taken to process Data/PriceData/TMUS.csv: 15.28 seconds
2024-02-09 00:45:33,186 - INFO - Time taken to process Data/PriceData/AMAT.csv: 27.29 seconds
2024-02-09 00:45:33,955 - INFO - Time taken to process Data/PriceData/ELV.csv: 18.29 seconds
2024-02-09 00:45:35,278 - INFO - Time taken to process Data/PriceData/AMGN.csv: 27.63 seconds
2024-02-09 00:45:53,305 - INFO - Time taken to process Data/PriceData/AMZN.csv: 23.46 seconds
2024-02-09 00:46:00,037 - INFO - Time taken to process Data/PriceData/CAT.csv: 28.74 seconds
2024-02-09 00:46:00,508 - INFO - Time taken to process Data/PriceData/MDT.csv: 28.80 seconds
2024-02-09 00:46:01,126 - INFO - Time taken to process Data/PriceData/NEE.csv: 27.94 seconds
2024-02-09 00:46:02,463 - INFO - Time taken to process Data/PriceData/CVX.csv: 28.50 seconds
2024-02-09 00:46:03,186 - INFO - Time taken to process Data/PriceData/LLY.csv: 27.91 seconds
2024-02-09 00:46:11,666 - INFO - Time taken to process Data/PriceData/CRM.csv: 18.36 seconds
2024-02-09 00:46:17,970 - INFO - Time taken to process Data/PriceData/SNY.csv: 17.93 seconds
2024-02-09 00:46:19,830 - INFO - Time taken to process Data/PriceData/UBS.csv: 19.32 seconds
2024-02-09 00:46:28,589 - INFO - Time taken to process Data/PriceData/ADP.csv: 27.46 seconds
2024-02-09 00:46:31,392 - INFO - Time taken to process Data/PriceData/CSCO.csv: 28.92 seconds
2024-02-09 00:46:32,255 - INFO - Time taken to process Data/PriceData/UNH.csv: 29.06 seconds
2024-02-09 00:46:38,990 - INFO - Time taken to process Data/PriceData/GILD.csv: 27.32 seconds
2024-02-09 00:46:44,129 - INFO - Time taken to process Data/PriceData/LVMUY.csv: 15.54 seconds
2024-02-09 00:46:46,594 - INFO - Time taken to process Data/PriceData/GSK.csv: 28.62 seconds
2024-02-09 00:46:47,900 - INFO - Time taken to process Data/PriceData/DE.csv: 28.07 seconds
2024-02-09 00:46:48,812 - INFO - Time taken to process Data/PriceData/GOOGL.csv: 17.41 seconds
2024-02-09 00:46:56,816 - INFO - Time taken to process Data/PriceData/TSLA.csv: 12.69 seconds
2024-02-09 00:47:01,136 - INFO - Time taken to process Data/PriceData/PEP.csv: 28.88 seconds
2024-02-09 00:47:07,996 - INFO - Time taken to process Data/PriceData/UNP.csv: 29.00 seconds
2024-02-09 00:47:14,235 - INFO - Time taken to process Data/PriceData/KO.csv: 27.64 seconds
2024-02-09 00:47:16,563 - INFO - Time taken to process Data/PriceData/MCD.csv: 28.66 seconds
2024-02-09 00:47:16,624 - INFO - Time taken to process Data/PriceData/ADBE.csv: 27.81 seconds
2024-02-09 00:47:22,136 - INFO - Time taken to process Data/PriceData/SPY.csv: 25.32 seconds
2024-02-09 00:47:27,998 - INFO - Time taken to process Data/PriceData/MUFG.csv: 20.00 seconds
2024-02-09 00:47:28,394 - INFO - Time taken to process Data/PriceData/DEO.csv: 27.26 seconds
2024-02-09 00:47:29,465 - INFO - Time taken to process Data/PriceData/RTNTF.csv: 12.90 seconds
2024-02-09 00:47:35,340 - INFO - Time taken to process Data/PriceData/PDD.csv: 5.87 seconds
2024-02-09 00:47:37,873 - INFO - Time taken to process Data/PriceData/IBN.csv: 21.25 seconds
2024-02-09 00:47:42,735 - INFO - Time taken to process Data/PriceData/AAPL.csv: 28.50 seconds
2024-02-09 00:47:50,369 - INFO - Time taken to process Data/PriceData/TOELY.csv: 12.49 seconds
2024-02-09 00:47:51,098 - INFO - Time taken to process Data/PriceData/HON.csv: 28.96 seconds
2024-02-09 00:47:53,589 - INFO - Time taken to process Data/PriceData/MS.csv: 25.19 seconds
2024-02-09 00:47:55,410 - INFO - Time taken to process Data/PriceData/MMC.csv: 27.41 seconds
2024-02-09 00:47:55,784 - INFO - Time taken to process Data/PriceData/UPS.csv: 20.44 seconds
2024-02-09 00:48:04,635 - INFO - Time taken to process Data/PriceData/SHOP.csv: 8.84 seconds
2024-02-09 00:48:07,789 - INFO - Time taken to process Data/PriceData/MELI.csv: 14.19 seconds
2024-02-09 00:48:10,541 - INFO - Time taken to process Data/PriceData/SYK.csv: 27.80 seconds
2024-02-09 00:48:18,898 - INFO - Time taken to process Data/PriceData/CMCSA.csv: 27.80 seconds
2024-02-09 00:48:19,059 - INFO - Time taken to process Data/PriceData/JPM.csv: 28.69 seconds
2024-02-09 00:48:20,297 - INFO - Time taken to process Data/PriceData/SBUX.csv: 24.89 seconds
2024-02-09 00:48:28,361 - INFO - Time taken to process Data/PriceData/RTX.csv: 23.72 seconds
2024-02-09 00:48:28,552 - INFO - Time taken to process Data/PriceData/BUD.csv: 9.65 seconds
2024-02-09 00:48:29,105 - INFO - Time taken to process Data/PriceData/BAC.csv: 21.31 seconds
2024-02-09 00:48:29,220 - INFO - Time taken to process Data/PriceData/BRK-B.csv: 18.67 seconds
2024-02-09 00:48:29,222 - INFO - Average time taken to process each file: 11.73 seconds
2024-02-09 01:45:18,285 - INFO - Time taken to process Data/PriceData/NVO.csv: 6.25 seconds
2024-02-09 01:45:18,770 - INFO - Time taken to process Data/PriceData/FI.csv: 6.74 seconds
2024-02-09 01:45:18,785 - INFO - Time taken to process Data/PriceData/WFC.csv: 6.75 seconds
2024-02-09 01:45:19,171 - INFO - Time taken to process Data/PriceData/ADI.csv: 7.14 seconds
2024-02-09 01:45:19,258 - INFO - Time taken to process Data/PriceData/BHP.csv: 7.22 seconds
2024-02-09 01:45:20,225 - INFO - Time taken to process Data/PriceData/T.csv: 8.18 seconds
2024-02-09 01:45:22,530 - INFO - Time taken to process Data/PriceData/ABBV.csv: 3.76 seconds
2024-02-09 01:45:24,875 - INFO - Time taken to process Data/PriceData/META.csv: 2.34 seconds
2024-02-09 01:45:24,886 - INFO - Time taken to process Data/PriceData/TMO.csv: 6.10 seconds
2024-02-09 01:45:24,938 - INFO - Time taken to process Data/PriceData/HDB.csv: 5.67 seconds
2024-02-09 01:45:25,045 - INFO - Time taken to process Data/PriceData/TM.csv: 6.76 seconds
2024-02-09 01:45:25,137 - INFO - Time taken to process Data/PriceData/QCOM.csv: 5.97 seconds
2024-02-09 01:45:26,305 - INFO - Time taken to process Data/PriceData/LIN.csv: 6.07 seconds
2024-02-09 01:45:27,863 - INFO - Time taken to process Data/PriceData/ABNB.csv: 2.82 seconds
2024-02-09 01:45:30,778 - INFO - Time taken to process Data/PriceData/FMX.csv: 5.90 seconds
2024-02-09 01:45:30,958 - INFO - Time taken to process Data/PriceData/SHEL.csv: 6.07 seconds
2024-02-09 01:45:32,493 - INFO - Time taken to process Data/PriceData/HD.csv: 6.19 seconds
2024-02-09 01:45:32,807 - INFO - Time taken to process Data/PriceData/C.csv: 7.87 seconds
2024-02-09 01:45:32,876 - INFO - Time taken to process Data/PriceData/ETN.csv: 7.73 seconds
2024-02-09 01:45:34,234 - INFO - Time taken to process Data/PriceData/VZ.csv: 6.37 seconds
2024-02-09 01:45:37,194 - INFO - Time taken to process Data/PriceData/ABT.csv: 6.41 seconds
2024-02-09 01:45:37,363 - INFO - Time taken to process Data/PriceData/LMT.csv: 6.40 seconds
2024-02-09 01:45:38,875 - INFO - Time taken to process Data/PriceData/MU.csv: 6.38 seconds
2024-02-09 01:45:39,546 - INFO - Time taken to process Data/PriceData/CVS.csv: 6.74 seconds
2024-02-09 01:45:39,634 - INFO - Time taken to process Data/PriceData/BMY.csv: 6.75 seconds
2024-02-09 01:45:39,744 - INFO - Time taken to process Data/PriceData/RY.csv: 5.50 seconds
2024-02-09 01:45:43,007 - INFO - Time taken to process Data/PriceData/ISRG.csv: 5.64 seconds
2024-02-09 01:45:43,260 - INFO - Time taken to process Data/PriceData/NOW.csv: 3.52 seconds
2024-02-09 01:45:43,989 - INFO - Time taken to process Data/PriceData/REGN.csv: 6.79 seconds
2024-02-09 01:45:44,898 - INFO - Time taken to process Data/PriceData/MSFT.csv: 6.02 seconds
2024-02-09 01:45:46,821 - INFO - Time taken to process Data/PriceData/WMT.csv: 7.19 seconds
2024-02-09 01:45:46,902 - INFO - Time taken to process Data/PriceData/DIS.csv: 7.35 seconds
2024-02-09 01:45:49,203 - INFO - Time taken to process Data/PriceData/AXP.csv: 6.19 seconds
2024-02-09 01:45:50,022 - INFO - Time taken to process Data/PriceData/TXN.csv: 6.76 seconds
2024-02-09 01:45:50,206 - INFO - Time taken to process Data/PriceData/GS.csv: 5.31 seconds
2024-02-09 01:45:50,350 - INFO - Time taken to process Data/PriceData/PG.csv: 6.36 seconds
2024-02-09 01:45:52,875 - INFO - Time taken to process Data/PriceData/ZTS.csv: 3.67 seconds
2024-02-09 01:45:54,132 - INFO - Time taken to process Data/PriceData/COST.csv: 7.22 seconds
2024-02-09 01:45:54,193 - INFO - Time taken to process Data/PriceData/INTC.csv: 7.37 seconds
2024-02-09 01:45:56,210 - INFO - Time taken to process Data/PriceData/CB.csv: 6.19 seconds
2024-02-09 01:45:56,383 - INFO - Time taken to process Data/PriceData/PANW.csv: 3.51 seconds
2024-02-09 01:45:56,603 - INFO - Time taken to process Data/PriceData/TJX.csv: 6.39 seconds
2024-02-09 01:45:58,524 - INFO - Time taken to process Data/PriceData/GE.csv: 8.17 seconds
2024-02-09 01:46:00,335 - INFO - Time taken to process Data/PriceData/UL.csv: 6.20 seconds
2024-02-09 01:46:01,085 - INFO - Time taken to process Data/PriceData/SONY.csv: 6.89 seconds
2024-02-09 01:46:02,283 - INFO - Time taken to process Data/PriceData/NVDA.csv: 5.90 seconds
2024-02-09 01:46:02,841 - INFO - Time taken to process Data/PriceData/SCHW.csv: 6.63 seconds
2024-02-09 01:46:02,931 - INFO - Time taken to process Data/PriceData/TTE.csv: 6.33 seconds
2024-02-09 01:46:04,308 - INFO - Time taken to process Data/PriceData/EQNR.csv: 5.78 seconds
2024-02-09 01:46:04,847 - INFO - Time taken to process Data/PriceData/AVGO.csv: 3.75 seconds
2024-02-09 01:46:06,537 - INFO - Time taken to process Data/PriceData/RIO.csv: 6.20 seconds
2024-02-09 01:46:07,953 - INFO - Time taken to process Data/PriceData/PBR.csv: 5.11 seconds
2024-02-09 01:46:09,109 - INFO - Time taken to process Data/PriceData/LTMAY.csv: 6.82 seconds
2024-02-09 01:46:09,631 - INFO - Time taken to process Data/PriceData/BKNG.csv: 4.78 seconds
2024-02-09 01:46:09,915 - INFO - Time taken to process Data/PriceData/LOW.csv: 6.98 seconds
2024-02-09 01:46:09,989 - INFO - Time taken to process Data/PriceData/BSX.csv: 5.66 seconds
2024-02-09 01:46:11,653 - INFO - Time taken to process Data/PriceData/BLK.csv: 5.11 seconds
2024-02-09 01:46:13,609 - INFO - Time taken to process Data/PriceData/CNI.csv: 5.66 seconds
2024-02-09 01:46:14,693 - INFO - Time taken to process Data/PriceData/BNPQY.csv: 5.06 seconds
2024-02-09 01:46:14,772 - INFO - Time taken to process Data/PriceData/MDLZ.csv: 5.66 seconds
2024-02-09 01:46:15,222 - INFO - Time taken to process Data/PriceData/TD.csv: 5.30 seconds
2024-02-09 01:46:16,000 - INFO - Time taken to process Data/PriceData/BP.csv: 6.01 seconds
2024-02-09 01:46:17,814 - INFO - Time taken to process Data/PriceData/IBM.csv: 6.15 seconds
2024-02-09 01:46:18,211 - INFO - Time taken to process Data/PriceData/EADSY.csv: 4.60 seconds
2024-02-09 01:46:20,815 - INFO - Time taken to process Data/PriceData/HSBC.csv: 5.59 seconds
2024-02-09 01:46:20,853 - INFO - Time taken to process Data/PriceData/TSM.csv: 6.16 seconds
2024-02-09 01:46:21,181 - INFO - Time taken to process Data/PriceData/ASML.csv: 6.40 seconds
2024-02-09 01:46:22,524 - INFO - Time taken to process Data/PriceData/NKE.csv: 6.52 seconds
2024-02-09 01:46:24,316 - INFO - Time taken to process Data/PriceData/AMD.csv: 6.50 seconds
2024-02-09 01:46:24,585 - INFO - Time taken to process Data/PriceData/SPGI.csv: 6.37 seconds
2024-02-09 01:46:24,629 - INFO - Time taken to process Data/PriceData/PM.csv: 3.81 seconds
2024-02-09 01:46:26,363 - INFO - Time taken to process Data/PriceData/MA.csv: 5.18 seconds
2024-02-09 01:46:27,403 - INFO - Time taken to process Data/PriceData/DHR.csv: 6.55 seconds
2024-02-09 01:46:29,086 - INFO - Time taken to process Data/PriceData/PFE.csv: 6.56 seconds
2024-02-09 01:46:29,797 - INFO - Time taken to process Data/PriceData/BX.csv: 3.43 seconds
2024-02-09 01:46:30,848 - INFO - Time taken to process Data/PriceData/NVS.csv: 6.21 seconds
2024-02-09 01:46:31,170 - INFO - Time taken to process Data/PriceData/VRTX.csv: 6.85 seconds
2024-02-09 01:46:31,587 - INFO - Time taken to process Data/PriceData/COP.csv: 7.00 seconds
2024-02-09 01:46:33,272 - INFO - Time taken to process Data/PriceData/JNJ.csv: 5.87 seconds
2024-02-09 01:46:33,592 - INFO - Time taken to process Data/PriceData/V.csv: 4.50 seconds
2024-02-09 01:46:35,583 - INFO - Time taken to process Data/PriceData/PLD.csv: 5.79 seconds
2024-02-09 01:46:35,680 - INFO - Time taken to process Data/PriceData/CSLLY.csv: 4.09 seconds
2024-02-09 01:46:36,676 - INFO - Time taken to process Data/PriceData/AZN.csv: 5.83 seconds
2024-02-09 01:46:38,047 - INFO - Time taken to process Data/PriceData/PGR.csv: 6.88 seconds
2024-02-09 01:46:40,067 - INFO - Time taken to process Data/PriceData/ORCL.csv: 6.47 seconds
2024-02-09 01:46:40,368 - INFO - Time taken to process Data/PriceData/CI.csv: 7.09 seconds
2024-02-09 01:46:41,657 - INFO - Time taken to process Data/PriceData/INTU.csv: 6.07 seconds
2024-02-09 01:46:42,491 - INFO - Time taken to process Data/PriceData/XOM.csv: 6.81 seconds
2024-02-09 01:46:42,954 - INFO - Time taken to process Data/PriceData/LRCX.csv: 6.27 seconds
2024-02-09 01:46:44,366 - INFO - Time taken to process Data/PriceData/MRK.csv: 6.31 seconds
2024-02-09 01:46:45,356 - INFO - Time taken to process Data/PriceData/UBER.csv: 2.39 seconds
2024-02-09 01:46:45,386 - INFO - Time taken to process Data/PriceData/QQQ.csv: 5.31 seconds
2024-02-09 01:46:45,553 - INFO - Time taken to process Data/PriceData/NFLX.csv: 5.15 seconds
2024-02-09 01:46:46,565 - INFO - Time taken to process Data/PriceData/AMT.csv: 4.91 seconds
2024-02-09 01:46:47,730 - INFO - Time taken to process Data/PriceData/ACN.csv: 5.23 seconds
2024-02-09 01:46:48,576 - INFO - Time taken to process Data/PriceData/BABA.csv: 3.19 seconds
2024-02-09 01:46:50,175 - INFO - Time taken to process Data/PriceData/SAP.csv: 5.81 seconds
2024-02-09 01:46:51,288 - INFO - Time taken to process Data/PriceData/ABBNY.csv: 4.72 seconds
2024-02-09 01:46:51,838 - INFO - Time taken to process Data/PriceData/ELV.csv: 4.11 seconds
2024-02-09 01:46:51,918 - INFO - Time taken to process Data/PriceData/AMAT.csv: 6.56 seconds
2024-02-09 01:46:52,701 - INFO - Time taken to process Data/PriceData/TMUS.csv: 4.12 seconds
2024-02-09 01:46:53,141 - INFO - Time taken to process Data/PriceData/AMGN.csv: 7.58 seconds
2024-02-09 01:46:55,939 - INFO - Time taken to process Data/PriceData/AMZN.csv: 5.76 seconds
2024-02-09 01:46:57,793 - INFO - Time taken to process Data/PriceData/CAT.csv: 6.50 seconds
2024-02-09 01:46:59,013 - INFO - Time taken to process Data/PriceData/NEE.csv: 7.09 seconds
2024-02-09 01:46:59,015 - INFO - Time taken to process Data/PriceData/MDT.csv: 7.17 seconds
2024-02-09 01:46:59,236 - INFO - Time taken to process Data/PriceData/CVX.csv: 6.53 seconds
2024-02-09 01:46:59,276 - INFO - Time taken to process Data/PriceData/LLY.csv: 6.12 seconds
2024-02-09 01:46:59,725 - INFO - Time taken to process Data/PriceData/CRM.csv: 3.78 seconds
2024-02-09 01:47:02,711 - INFO - Time taken to process Data/PriceData/SNY.csv: 4.92 seconds
2024-02-09 01:47:05,140 - INFO - Time taken to process Data/PriceData/UBS.csv: 6.13 seconds
2024-02-09 01:47:05,701 - INFO - Time taken to process Data/PriceData/CSCO.csv: 6.46 seconds
2024-02-09 01:47:05,948 - INFO - Time taken to process Data/PriceData/UNH.csv: 6.67 seconds
2024-02-09 01:47:06,098 - INFO - Time taken to process Data/PriceData/ADP.csv: 7.08 seconds
2024-02-09 01:47:06,303 - INFO - Time taken to process Data/PriceData/GILD.csv: 6.56 seconds
2024-02-09 01:47:09,240 - INFO - Time taken to process Data/PriceData/GSK.csv: 6.53 seconds
2024-02-09 01:47:10,477 - INFO - Time taken to process Data/PriceData/LVMUY.csv: 4.77 seconds
2024-02-09 01:47:10,739 - INFO - Time taken to process Data/PriceData/GOOGL.csv: 4.79 seconds
2024-02-09 01:47:11,623 - INFO - Time taken to process Data/PriceData/DE.csv: 6.48 seconds
2024-02-09 01:47:12,438 - INFO - Time taken to process Data/PriceData/PEP.csv: 6.34 seconds
2024-02-09 01:47:12,973 - INFO - Time taken to process Data/PriceData/UNP.csv: 6.67 seconds
2024-02-09 01:47:13,472 - INFO - Time taken to process Data/PriceData/TSLA.csv: 4.23 seconds
2024-02-09 01:47:17,130 - INFO - Time taken to process Data/PriceData/MCD.csv: 6.39 seconds
2024-02-09 01:47:17,207 - INFO - Time taken to process Data/PriceData/KO.csv: 6.73 seconds
2024-02-09 01:47:18,051 - INFO - Time taken to process Data/PriceData/SPY.csv: 5.61 seconds
2024-02-09 01:47:18,340 - INFO - Time taken to process Data/PriceData/ADBE.csv: 6.72 seconds
2024-02-09 01:47:18,700 - INFO - Time taken to process Data/PriceData/MUFG.csv: 5.23 seconds
2024-02-09 01:47:20,432 - INFO - Time taken to process Data/PriceData/DEO.csv: 7.44 seconds
2024-02-09 01:47:21,504 - INFO - Time taken to process Data/PriceData/RTNTF.csv: 4.30 seconds
2024-02-09 01:47:23,482 - INFO - Time taken to process Data/PriceData/IBN.csv: 5.43 seconds
2024-02-09 01:47:23,548 - INFO - Time taken to process Data/PriceData/PDD.csv: 2.04 seconds
2024-02-09 01:47:23,764 - INFO - Time taken to process Data/PriceData/AAPL.csv: 6.63 seconds
2024-02-09 01:47:25,460 - INFO - Time taken to process Data/PriceData/HON.csv: 7.12 seconds
2024-02-09 01:47:25,499 - INFO - Time taken to process Data/PriceData/MMC.csv: 6.80 seconds
2024-02-09 01:47:27,121 - INFO - Time taken to process Data/PriceData/MS.csv: 6.69 seconds
2024-02-09 01:47:28,298 - INFO - Time taken to process Data/PriceData/TOELY.csv: 4.73 seconds
2024-02-09 01:47:29,035 - INFO - Time taken to process Data/PriceData/UPS.csv: 5.55 seconds
2024-02-09 01:47:30,373 - INFO - Time taken to process Data/PriceData/MELI.csv: 3.25 seconds
2024-02-09 01:47:30,687 - INFO - Time taken to process Data/PriceData/SYK.csv: 6.92 seconds
2024-02-09 01:47:31,838 - INFO - Time taken to process Data/PriceData/JPM.csv: 6.38 seconds
2024-02-09 01:47:32,225 - INFO - Time taken to process Data/PriceData/CMCSA.csv: 6.73 seconds
2024-02-09 01:47:32,333 - INFO - Time taken to process Data/PriceData/SHOP.csv: 3.28 seconds
2024-02-09 01:47:33,779 - INFO - Time taken to process Data/PriceData/SBUX.csv: 5.48 seconds
2024-02-09 01:47:34,816 - INFO - Time taken to process Data/PriceData/BUD.csv: 2.59 seconds
2024-02-09 01:47:35,165 - INFO - Time taken to process Data/PriceData/BRK-B.csv: 3.32 seconds
2024-02-09 01:47:35,275 - INFO - Time taken to process Data/PriceData/RTX.csv: 4.90 seconds
2024-02-09 01:47:35,277 - INFO - Time taken to process Data/PriceData/BAC.csv: 4.58 seconds
2024-02-09 01:47:35,279 - INFO - Average time taken to process each file: 7.33 seconds
2024-02-09 01:50:00,407 - INFO - Time taken to process Data/PriceData/NVO.csv: 6.29 seconds
2024-02-09 01:50:00,642 - INFO - Time taken to process Data/PriceData/FI.csv: 6.52 seconds
2024-02-09 01:50:00,800 - INFO - Time taken to process Data/PriceData/ADI.csv: 6.69 seconds
2024-02-09 01:50:00,830 - INFO - Time taken to process Data/PriceData/WFC.csv: 6.71 seconds
2024-02-09 01:50:00,865 - INFO - Time taken to process Data/PriceData/BHP.csv: 6.75 seconds
2024-02-09 01:50:01,293 - INFO - Time taken to process Data/PriceData/T.csv: 7.16 seconds
2024-02-09 01:50:04,831 - INFO - Time taken to process Data/PriceData/ABBV.csv: 4.19 seconds
2024-02-09 01:50:05,969 - INFO - Time taken to process Data/PriceData/HDB.csv: 5.10 seconds
2024-02-09 01:50:07,088 - INFO - Time taken to process Data/PriceData/TM.csv: 6.68 seconds
2024-02-09 01:50:07,684 - INFO - Time taken to process Data/PriceData/META.csv: 2.85 seconds
2024-02-09 01:50:08,191 - INFO - Time taken to process Data/PriceData/TMO.csv: 7.39 seconds
2024-02-09 01:50:09,254 - INFO - Time taken to process Data/PriceData/QCOM.csv: 8.40 seconds
2024-02-09 01:50:09,307 - INFO - Time taken to process Data/PriceData/LIN.csv: 8.01 seconds
2024-02-09 01:50:11,265 - INFO - Time taken to process Data/PriceData/ABNB.csv: 3.07 seconds
2024-02-09 01:50:11,451 - INFO - Time taken to process Data/PriceData/FMX.csv: 5.48 seconds
2024-02-09 01:50:14,024 - INFO - Time taken to process Data/PriceData/SHEL.csv: 6.93 seconds
2024-02-09 01:50:15,301 - INFO - Time taken to process Data/PriceData/C.csv: 7.62 seconds
2024-02-09 01:50:16,618 - INFO - Time taken to process Data/PriceData/ETN.csv: 7.36 seconds
2024-02-09 01:50:16,689 - INFO - Time taken to process Data/PriceData/HD.csv: 7.38 seconds
2024-02-09 01:50:19,814 - INFO - Time taken to process Data/PriceData/VZ.csv: 8.55 seconds
2024-02-09 01:50:19,861 - INFO - Time taken to process Data/PriceData/ABT.csv: 8.41 seconds
2024-02-09 01:50:25,479 - INFO - Time taken to process Data/PriceData/LMT.csv: 11.45 seconds
2024-02-09 01:50:25,872 - INFO - Time taken to process Data/PriceData/MU.csv: 10.57 seconds
2024-02-09 01:50:27,952 - INFO - Time taken to process Data/PriceData/BMY.csv: 11.26 seconds
2024-02-09 01:50:28,584 - INFO - Time taken to process Data/PriceData/CVS.csv: 11.97 seconds
2024-02-09 01:50:28,928 - INFO - Time taken to process Data/PriceData/RY.csv: 9.10 seconds
2024-02-09 01:50:30,851 - INFO - Time taken to process Data/PriceData/REGN.csv: 10.97 seconds
2024-02-09 01:50:32,747 - INFO - Time taken to process Data/PriceData/ISRG.csv: 7.27 seconds
2024-02-09 01:50:34,308 - INFO - Time taken to process Data/PriceData/NOW.csv: 5.38 seconds
2024-02-09 01:50:35,418 - INFO - Time taken to process Data/PriceData/MSFT.csv: 9.52 seconds
2024-02-09 01:50:38,103 - INFO - Time taken to process Data/PriceData/DIS.csv: 10.15 seconds
2024-02-09 01:50:38,468 - INFO - Time taken to process Data/PriceData/WMT.csv: 9.88 seconds
2024-02-09 01:50:38,672 - INFO - Time taken to process Data/PriceData/AXP.csv: 7.81 seconds
2024-02-09 01:50:39,482 - INFO - Time taken to process Data/PriceData/TXN.csv: 6.68 seconds
2024-02-09 01:50:40,830 - INFO - Time taken to process Data/PriceData/PG.csv: 6.52 seconds
2024-02-09 01:50:41,684 - INFO - Time taken to process Data/PriceData/GS.csv: 6.26 seconds
2024-02-09 01:50:43,440 - INFO - Time taken to process Data/PriceData/ZTS.csv: 4.75 seconds
2024-02-09 01:50:44,556 - INFO - Time taken to process Data/PriceData/INTC.csv: 6.45 seconds
2024-02-09 01:50:45,682 - INFO - Time taken to process Data/PriceData/CB.csv: 6.20 seconds
2024-02-09 01:50:46,137 - INFO - Time taken to process Data/PriceData/COST.csv: 7.67 seconds
2024-02-09 01:50:46,488 - INFO - Time taken to process Data/PriceData/PANW.csv: 3.04 seconds
2024-02-09 01:50:47,532 - INFO - Time taken to process Data/PriceData/TJX.csv: 6.70 seconds
2024-02-09 01:50:48,811 - INFO - Time taken to process Data/PriceData/GE.csv: 7.12 seconds
2024-02-09 01:50:51,424 - INFO - Time taken to process Data/PriceData/UL.csv: 6.87 seconds
2024-02-09 01:50:51,891 - INFO - Time taken to process Data/PriceData/SONY.csv: 6.21 seconds
2024-02-09 01:50:52,424 - INFO - Time taken to process Data/PriceData/NVDA.csv: 5.94 seconds
2024-02-09 01:50:53,080 - INFO - Time taken to process Data/PriceData/EQNR.csv: 4.27 seconds
2024-02-09 01:50:53,594 - INFO - Time taken to process Data/PriceData/TTE.csv: 6.05 seconds
2024-02-09 01:50:54,037 - INFO - Time taken to process Data/PriceData/SCHW.csv: 7.89 seconds
2024-02-09 01:50:56,407 - INFO - Time taken to process Data/PriceData/AVGO.csv: 4.51 seconds
2024-02-09 01:50:58,403 - INFO - Time taken to process Data/PriceData/PBR.csv: 5.32 seconds
2024-02-09 01:50:58,445 - INFO - Time taken to process Data/PriceData/LTMAY.csv: 6.02 seconds
2024-02-09 01:50:58,644 - INFO - Time taken to process Data/PriceData/RIO.csv: 7.22 seconds
2024-02-09 01:51:00,514 - INFO - Time taken to process Data/PriceData/BSX.csv: 6.47 seconds
2024-02-09 01:51:00,706 - INFO - Time taken to process Data/PriceData/LOW.csv: 7.09 seconds
2024-02-09 01:51:01,274 - INFO - Time taken to process Data/PriceData/BKNG.csv: 4.87 seconds
2024-02-09 01:51:03,526 - INFO - Time taken to process Data/PriceData/BLK.csv: 5.12 seconds
2024-02-09 01:51:04,112 - INFO - Time taken to process Data/PriceData/MDLZ.csv: 5.47 seconds
2024-02-09 01:51:04,655 - INFO - Time taken to process Data/PriceData/CNI.csv: 6.21 seconds
2024-02-09 01:51:04,842 - INFO - Time taken to process Data/PriceData/BNPQY.csv: 4.33 seconds
2024-02-09 01:51:06,603 - INFO - Time taken to process Data/PriceData/TD.csv: 5.89 seconds
2024-02-09 01:51:07,826 - INFO - Time taken to process Data/PriceData/BP.csv: 6.55 seconds
2024-02-09 01:51:08,816 - INFO - Time taken to process Data/PriceData/EADSY.csv: 4.69 seconds
2024-02-09 01:51:10,560 - INFO - Time taken to process Data/PriceData/IBM.csv: 7.03 seconds
2024-02-09 01:51:10,939 - INFO - Time taken to process Data/PriceData/TSM.csv: 6.28 seconds
2024-02-09 01:51:11,050 - INFO - Time taken to process Data/PriceData/ASML.csv: 6.21 seconds
2024-02-09 01:51:11,116 - INFO - Time taken to process Data/PriceData/HSBC.csv: 4.51 seconds
2024-02-09 01:51:13,992 - INFO - Time taken to process Data/PriceData/NKE.csv: 6.16 seconds
2024-02-09 01:51:14,506 - INFO - Time taken to process Data/PriceData/AMD.csv: 5.69 seconds
2024-02-09 01:51:14,614 - INFO - Time taken to process Data/PriceData/PM.csv: 3.67 seconds
2024-02-09 01:51:15,874 - INFO - Time taken to process Data/PriceData/MA.csv: 4.76 seconds
2024-02-09 01:51:18,121 - INFO - Time taken to process Data/PriceData/SPGI.csv: 7.55 seconds
2024-02-09 01:51:18,520 - INFO - Time taken to process Data/PriceData/DHR.csv: 7.47 seconds
2024-02-09 01:51:20,933 - INFO - Time taken to process Data/PriceData/PFE.csv: 6.94 seconds
2024-02-09 01:51:21,636 - INFO - Time taken to process Data/PriceData/VRTX.csv: 7.13 seconds
2024-02-09 01:51:21,786 - INFO - Time taken to process Data/PriceData/BX.csv: 3.65 seconds
2024-02-09 01:51:21,890 - INFO - Time taken to process Data/PriceData/NVS.csv: 6.02 seconds
2024-02-09 01:51:21,943 - INFO - Time taken to process Data/PriceData/COP.csv: 7.33 seconds
2024-02-09 01:51:24,817 - INFO - Time taken to process Data/PriceData/V.csv: 3.88 seconds
2024-02-09 01:51:24,929 - INFO - Time taken to process Data/PriceData/JNJ.csv: 6.41 seconds
2024-02-09 01:51:26,253 - INFO - Time taken to process Data/PriceData/PLD.csv: 4.62 seconds
2024-02-09 01:51:26,660 - INFO - Time taken to process Data/PriceData/CSLLY.csv: 4.72 seconds
2024-02-09 01:51:29,010 - INFO - Time taken to process Data/PriceData/AZN.csv: 7.22 seconds
2024-02-09 01:51:29,149 - INFO - Time taken to process Data/PriceData/PGR.csv: 7.26 seconds
2024-02-09 01:51:32,356 - INFO - Time taken to process Data/PriceData/INTU.csv: 6.10 seconds
2024-02-09 01:51:32,412 - INFO - Time taken to process Data/PriceData/CI.csv: 7.59 seconds
2024-02-09 01:51:32,556 - INFO - Time taken to process Data/PriceData/ORCL.csv: 7.63 seconds
2024-02-09 01:51:32,742 - INFO - Time taken to process Data/PriceData/XOM.csv: 6.08 seconds
2024-02-09 01:51:34,938 - INFO - Time taken to process Data/PriceData/LRCX.csv: 5.93 seconds
2024-02-09 01:51:35,475 - INFO - Time taken to process Data/PriceData/MRK.csv: 6.32 seconds
2024-02-09 01:51:36,980 - INFO - Time taken to process Data/PriceData/UBER.csv: 2.04 seconds
2024-02-09 01:51:38,254 - INFO - Time taken to process Data/PriceData/NFLX.csv: 5.84 seconds
2024-02-09 01:51:38,654 - INFO - Time taken to process Data/PriceData/ACN.csv: 5.91 seconds
2024-02-09 01:51:38,721 - INFO - Time taken to process Data/PriceData/QQQ.csv: 6.36 seconds
2024-02-09 01:51:38,797 - INFO - Time taken to process Data/PriceData/AMT.csv: 6.24 seconds
2024-02-09 01:51:41,223 - INFO - Time taken to process Data/PriceData/SAP.csv: 5.75 seconds
2024-02-09 01:51:41,968 - INFO - Time taken to process Data/PriceData/BABA.csv: 3.71 seconds
2024-02-09 01:51:44,280 - INFO - Time taken to process Data/PriceData/ELV.csv: 5.48 seconds
2024-02-09 01:51:44,283 - INFO - Time taken to process Data/PriceData/AMAT.csv: 7.30 seconds
2024-02-09 01:51:44,321 - INFO - Time taken to process Data/PriceData/ABBNY.csv: 5.59 seconds
2024-02-09 01:51:44,491 - INFO - Time taken to process Data/PriceData/TMUS.csv: 3.26 seconds
2024-02-09 01:51:44,657 - INFO - Time taken to process Data/PriceData/AMGN.csv: 5.99 seconds
2024-02-09 01:51:47,603 - INFO - Time taken to process Data/PriceData/AMZN.csv: 5.63 seconds
2024-02-09 01:51:50,196 - INFO - Time taken to process Data/PriceData/CAT.csv: 5.92 seconds
2024-02-09 01:51:51,643 - INFO - Time taken to process Data/PriceData/MDT.csv: 7.36 seconds
2024-02-09 01:51:51,772 - INFO - Time taken to process Data/PriceData/NEE.csv: 7.45 seconds
2024-02-09 01:51:51,846 - INFO - Time taken to process Data/PriceData/CRM.csv: 4.24 seconds
2024-02-09 01:51:52,117 - INFO - Time taken to process Data/PriceData/LLY.csv: 7.46 seconds
2024-02-09 01:51:52,563 - INFO - Time taken to process Data/PriceData/CVX.csv: 8.07 seconds
2024-02-09 01:51:55,940 - INFO - Time taken to process Data/PriceData/SNY.csv: 5.74 seconds
2024-02-09 01:51:56,970 - INFO - Time taken to process Data/PriceData/UBS.csv: 5.33 seconds
2024-02-09 01:51:59,324 - INFO - Time taken to process Data/PriceData/UNH.csv: 7.20 seconds
2024-02-09 01:51:59,395 - INFO - Time taken to process Data/PriceData/GILD.csv: 6.83 seconds
2024-02-09 01:51:59,437 - INFO - Time taken to process Data/PriceData/CSCO.csv: 7.59 seconds
2024-02-09 01:51:59,489 - INFO - Time taken to process Data/PriceData/ADP.csv: 7.71 seconds
2024-02-09 01:52:02,451 - INFO - Time taken to process Data/PriceData/GSK.csv: 6.51 seconds
2024-02-09 01:52:03,274 - INFO - Time taken to process Data/PriceData/DE.csv: 6.30 seconds
2024-02-09 01:52:03,354 - INFO - Time taken to process Data/PriceData/LVMUY.csv: 4.03 seconds
2024-02-09 01:52:04,246 - INFO - Time taken to process Data/PriceData/GOOGL.csv: 4.85 seconds
2024-02-09 01:52:06,460 - INFO - Time taken to process Data/PriceData/TSLA.csv: 4.01 seconds
2024-02-09 01:52:06,709 - INFO - Time taken to process Data/PriceData/UNP.csv: 7.22 seconds
2024-02-09 01:52:06,768 - INFO - Time taken to process Data/PriceData/PEP.csv: 7.32 seconds
2024-02-09 01:52:09,905 - INFO - Time taken to process Data/PriceData/KO.csv: 6.63 seconds
2024-02-09 01:52:10,101 - INFO - Time taken to process Data/PriceData/MCD.csv: 6.74 seconds
2024-02-09 01:52:10,391 - INFO - Time taken to process Data/PriceData/ADBE.csv: 6.14 seconds
2024-02-09 01:52:12,335 - INFO - Time taken to process Data/PriceData/SPY.csv: 5.87 seconds
2024-02-09 01:52:12,504 - INFO - Time taken to process Data/PriceData/MUFG.csv: 5.74 seconds
2024-02-09 01:52:13,454 - INFO - Time taken to process Data/PriceData/DEO.csv: 6.74 seconds
2024-02-09 01:52:14,560 - INFO - Time taken to process Data/PriceData/RTNTF.csv: 4.46 seconds
2024-02-09 01:52:16,623 - INFO - Time taken to process Data/PriceData/PDD.csv: 2.06 seconds
2024-02-09 01:52:16,740 - INFO - Time taken to process Data/PriceData/IBN.csv: 6.35 seconds
2024-02-09 01:52:18,044 - INFO - Time taken to process Data/PriceData/AAPL.csv: 8.14 seconds
2024-02-09 01:52:18,923 - INFO - Time taken to process Data/PriceData/MS.csv: 5.47 seconds
2024-02-09 01:52:19,105 - INFO - Time taken to process Data/PriceData/MMC.csv: 6.60 seconds
2024-02-09 01:52:19,181 - INFO - Time taken to process Data/PriceData/HON.csv: 6.84 seconds
2024-02-09 01:52:22,109 - INFO - Time taken to process Data/PriceData/TOELY.csv: 5.36 seconds
2024-02-09 01:52:22,553 - INFO - Time taken to process Data/PriceData/UPS.csv: 5.92 seconds
2024-02-09 01:52:22,862 - INFO - Time taken to process Data/PriceData/MELI.csv: 3.68 seconds
2024-02-09 01:52:24,864 - INFO - Time taken to process Data/PriceData/SYK.csv: 6.82 seconds
2024-02-09 01:52:25,432 - INFO - Time taken to process Data/PriceData/JPM.csv: 6.51 seconds
2024-02-09 01:52:25,872 - INFO - Time taken to process Data/PriceData/SHOP.csv: 3.32 seconds
2024-02-09 01:52:26,148 - INFO - Time taken to process Data/PriceData/CMCSA.csv: 7.04 seconds
2024-02-09 01:52:28,813 - INFO - Time taken to process Data/PriceData/BUD.csv: 2.93 seconds
2024-02-09 01:52:28,859 - INFO - Time taken to process Data/PriceData/SBUX.csv: 6.75 seconds
2024-02-09 01:52:28,945 - INFO - Time taken to process Data/PriceData/RTX.csv: 6.08 seconds
2024-02-09 01:52:29,182 - INFO - Time taken to process Data/PriceData/BAC.csv: 4.31 seconds
2024-02-09 01:52:29,277 - INFO - Time taken to process Data/PriceData/BRK-B.csv: 3.84 seconds
2024-02-09 01:52:29,281 - INFO - Average time taken to process each file: 5.94 seconds
