2024-10-15 16:05:15,994 - INFO - File downloaded and saved successfully in Parquet format.
2024-10-15 16:05:30,683 - INFO - File downloaded and saved successfully in Parquet format.
2024-10-15 16:09:41,220 - ERROR - Error occurred: HTTPSConnectionPool(host='www.sec.gov', port=443): Max retries exceeded with url: /files/company_tickers_exchange.json (Caused by NameResolutionError("<urllib3.connection.HTTPSConnection object at 0x00000237438A5A90>: Failed to resolve 'www.sec.gov' ([Errno 11001] getaddrinfo failed)"))
2024-10-15 16:24:02,399 - ERROR - Error occurred: HTTPSConnectionPool(host='www.sec.gov', port=443): Max retries exceeded with url: /files/company_tickers_exchange.json (Caused by NameResolutionError("<urllib3.connection.HTTPSConnection object at 0x000001F6B8935A90>: Failed to resolve 'www.sec.gov' ([Errno 11001] getaddrinfo failed)"))
2024-10-15 16:57:01,644 - ERROR - Error occurred: HTTPSConnectionPool(host='www.sec.gov', port=443): Max retries exceeded with url: /files/company_tickers_exchange.json (Caused by NameResolutionError("<urllib3.connection.HTTPSConnection object at 0x000001E7D9AD5A90>: Failed to resolve 'www.sec.gov' ([Errno 11001] getaddrinfo failed)"))
2024-10-15 20:05:02,531 - ERROR - Error occurred: HTTPSConnectionPool(host='www.sec.gov', port=443): Max retries exceeded with url: /files/company_tickers_exchange.json (Caused by NameResolutionError("<urllib3.connection.HTTPSConnection object at 0x0000014A444D5A90>: Failed to resolve 'www.sec.gov' ([Errno 11001] getaddrinfo failed)"))
2024-10-15 20:13:07,155 - INFO - Script started
2024-10-15 20:13:07,155 - INFO - No immediate download requested
2024-10-15 20:13:07,155 - INFO - Script completed
2024-10-15 20:25:47,565 - INFO - Script started
2024-10-15 20:25:47,565 - INFO - Immediate download requested
2024-10-15 20:25:47,601 - ERROR - Unable to resolve www.sec.gov. Check your network connection and DNS settings.
2024-10-15 20:25:47,601 - INFO - Script completed
2024-10-15 20:30:13,276 - INFO - Script started
2024-10-15 20:30:13,276 - INFO - Immediate download requested
2024-10-15 20:31:32,587 - INFO - Script started
2024-10-15 20:31:32,587 - INFO - Immediate download requested
2024-10-15 20:34:49,452 - INFO - Script started
2024-10-15 20:34:49,452 - INFO - Immediate download requested
2024-10-15 20:34:49,485 - ERROR - Unable to resolve www.sec.gov. Check your network connection and DNS settings.
2024-10-15 20:34:49,485 - INFO - Script completed
2024-10-15 20:36:16,265 - INFO - Script started
2024-10-15 20:36:16,265 - INFO - Immediate download requested
2024-10-15 20:36:16,300 - WARNING - Retrying (Retry(total=4, connect=None, read=None, redirect=None, status=None)) after connection broken by 'NameResolutionError("<urllib3.connection.HTTPSConnection object at 0x00000201F12F3310>: Failed to resolve 'www.sec.gov' ([Errno 11001] getaddrinfo failed)")': /files/company_tickers_exchange.json
2024-10-15 20:36:16,642 - INFO - File saved successfully: Data/TickerCikData/TickerCIKs_20241015.parquet
2024-10-15 20:36:16,642 - INFO - Script completed
2024-10-15 20:55:52,349 - INFO - Script started
2024-10-15 20:55:52,349 - INFO - Immediate download requested
2024-10-15 20:55:52,381 - WARNING - Retrying (Retry(total=4, connect=None, read=None, redirect=None, status=None)) after connection broken by 'NameResolutionError("<urllib3.connection.HTTPSConnection object at 0x00000247F9AF2310>: Failed to resolve 'www.sec.gov' ([Errno 11001] getaddrinfo failed)")': /files/company_tickers_exchange.json
2024-10-15 20:55:52,728 - INFO - File saved successfully: Data/TickerCikData/TickerCIKs_20241015.parquet
2024-10-15 20:55:52,728 - INFO - Script completed
2024-10-16 20:25:07,266 - INFO - Script started
2024-10-16 20:25:07,266 - INFO - Immediate download requested
2024-10-16 20:25:07,307 - WARNING - Retrying (Retry(total=4, connect=None, read=None, redirect=None, status=None)) after connection broken by 'NameResolutionError("<urllib3.connection.HTTPSConnection object at 0x000002BE355E2310>: Failed to resolve 'www.sec.gov' ([Errno 11001] getaddrinfo failed)")': /files/company_tickers_exchange.json
2024-10-16 20:25:07,663 - INFO - File saved successfully: Data/TickerCikData/TickerCIKs_20241016.parquet
2024-10-16 20:25:07,663 - INFO - Script completed
2024-10-16 20:32:21,549 - INFO - Script started
2024-10-16 20:32:21,560 - INFO - Immediate download requested
2024-10-16 20:32:21,602 - WARNING - Retrying (Retry(total=4, connect=None, read=None, redirect=None, status=None)) after connection broken by 'NameResolutionError("<urllib3.connection.HTTPSConnection object at 0x000001F95ADE1310>: Failed to resolve 'www.sec.gov' ([Errno 11001] getaddrinfo failed)")': /files/company_tickers_exchange.json
2024-10-16 20:32:21,934 - INFO - File saved successfully: Data/TickerCikData/TickerCIKs_20241016.parquet
2024-10-16 20:32:21,945 - INFO - Script completed
2024-10-17 20:25:09,132 - INFO - Script started
2024-10-17 20:25:09,144 - INFO - Immediate download requested
2024-10-17 20:25:09,180 - WARNING - Retrying (Retry(total=4, connect=None, read=None, redirect=None, status=None)) after connection broken by 'NameResolutionError("<urllib3.connection.HTTPSConnection object at 0x0000027F289F1310>: Failed to resolve 'www.sec.gov' ([Errno 11001] getaddrinfo failed)")': /files/company_tickers_exchange.json
2024-10-17 20:25:09,486 - INFO - File saved successfully: Data/TickerCikData/TickerCIKs_20241017.parquet
2024-10-17 20:25:09,488 - INFO - Script completed
2024-10-17 20:28:35,057 - INFO - Script started
2024-10-17 20:28:35,059 - INFO - Immediate download requested
2024-10-17 20:28:35,386 - INFO - File saved successfully: Data/TickerCikData/TickerCIKs_20241017.parquet
2024-10-17 20:28:35,397 - INFO - Script completed
2024-10-18 20:25:34,400 - INFO - Script started
2024-10-18 20:25:34,410 - INFO - Immediate download requested
2024-10-18 20:25:34,443 - WARNING - Retrying (Retry(total=4, connect=None, read=None, redirect=None, status=None)) after connection broken by 'NameResolutionError("<urllib3.connection.HTTPSConnection object at 0x000002EFABF91310>: Failed to resolve 'www.sec.gov' ([Errno 11001] getaddrinfo failed)")': /files/company_tickers_exchange.json
2024-10-18 20:25:34,676 - WARNING - Retrying (Retry(total=3, connect=None, read=None, redirect=None, status=None)) after connection broken by 'NameResolutionError("<urllib3.connection.HTTPSConnection object at 0x000002EFABFAF070>: Failed to resolve 'www.sec.gov' ([Errno 11001] getaddrinfo failed)")': /files/company_tickers_exchange.json
2024-10-18 20:25:35,146 - INFO - File saved successfully: Data/TickerCikData/TickerCIKs_20241018.parquet
2024-10-18 20:25:35,146 - INFO - Script completed
2024-10-19 20:25:35,557 - INFO - Script started
2024-10-19 20:25:35,557 - INFO - Immediate download requested
2024-10-19 20:25:35,588 - WARNING - Retrying (Retry(total=4, connect=None, read=None, redirect=None, status=None)) after connection broken by 'NameResolutionError("<urllib3.connection.HTTPSConnection object at 0x0000028AED591310>: Failed to resolve 'www.sec.gov' ([Errno 11001] getaddrinfo failed)")': /files/company_tickers_exchange.json
2024-10-19 20:25:35,821 - WARNING - Retrying (Retry(total=3, connect=None, read=None, redirect=None, status=None)) after connection broken by 'NameResolutionError("<urllib3.connection.HTTPSConnection object at 0x0000028AED5B0070>: Failed to resolve 'www.sec.gov' ([Errno 11001] getaddrinfo failed)")': /files/company_tickers_exchange.json
2024-10-19 20:25:36,182 - INFO - File saved successfully: Data/TickerCikData/TickerCIKs_20241019.parquet
2024-10-19 20:25:36,182 - INFO - Script completed
2024-10-21 20:25:34,252 - INFO - Script started
2024-10-21 20:25:34,262 - INFO - Immediate download requested
2024-10-21 20:25:34,295 - WARNING - Retrying (Retry(total=4, connect=None, read=None, redirect=None, status=None)) after connection broken by 'NameResolutionError("<urllib3.connection.HTTPSConnection object at 0x000001682DE91310>: Failed to resolve 'www.sec.gov' ([Errno 11001] getaddrinfo failed)")': /files/company_tickers_exchange.json
2024-10-21 20:25:34,680 - INFO - File saved successfully: Data/TickerCikData/TickerCIKs_20241021.parquet
2024-10-21 20:25:34,682 - INFO - Script completed
2024-10-22 20:25:35,037 - INFO - Script started
2024-10-22 20:25:35,038 - INFO - Immediate download requested
2024-10-22 20:25:35,080 - WARNING - Retrying (Retry(total=4, connect=None, read=None, redirect=None, status=None)) after connection broken by 'NameResolutionError("<urllib3.connection.HTTPSConnection object at 0x000001ABB9341310>: Failed to resolve 'www.sec.gov' ([Errno 11001] getaddrinfo failed)")': /files/company_tickers_exchange.json
2024-10-22 20:25:35,312 - WARNING - Retrying (Retry(total=3, connect=None, read=None, redirect=None, status=None)) after connection broken by 'NameResolutionError("<urllib3.connection.HTTPSConnection object at 0x000001ABB935E070>: Failed to resolve 'www.sec.gov' ([Errno 11001] getaddrinfo failed)")': /files/company_tickers_exchange.json
2024-10-22 20:25:35,769 - INFO - File saved successfully: Data/TickerCikData/TickerCIKs_20241022.parquet
2024-10-22 20:25:35,769 - INFO - Script completed
2024-10-23 20:25:34,745 - INFO - Script started
2024-10-23 20:25:34,747 - INFO - Immediate download requested
2024-10-23 20:25:34,779 - WARNING - Retrying (Retry(total=4, connect=None, read=None, redirect=None, status=None)) after connection broken by 'NameResolutionError("<urllib3.connection.HTTPSConnection object at 0x000002146FB51310>: Failed to resolve 'www.sec.gov' ([Errno 11001] getaddrinfo failed)")': /files/company_tickers_exchange.json
2024-10-23 20:25:35,013 - WARNING - Retrying (Retry(total=3, connect=None, read=None, redirect=None, status=None)) after connection broken by 'NameResolutionError("<urllib3.connection.HTTPSConnection object at 0x000002146FB6F070>: Failed to resolve 'www.sec.gov' ([Errno 11001] getaddrinfo failed)")': /files/company_tickers_exchange.json
2024-10-23 20:25:35,549 - INFO - File saved successfully: Data/TickerCikData/TickerCIKs_20241023.parquet
2024-10-23 20:25:35,549 - INFO - Script completed
2024-10-24 20:25:35,012 - INFO - Script started
2024-10-24 20:25:35,012 - INFO - Immediate download requested
2024-10-24 20:25:35,513 - INFO - File saved successfully: Data/TickerCikData/TickerCIKs_20241024.parquet
2024-10-24 20:25:35,515 - INFO - Script completed
2024-10-27 20:25:34,818 - INFO - Script started
2024-10-27 20:25:34,819 - INFO - Immediate download requested
2024-10-27 20:25:34,853 - WARNING - Retrying (Retry(total=4, connect=None, read=None, redirect=None, status=None)) after connection broken by 'NameResolutionError("<urllib3.connection.HTTPSConnection object at 0x0000020623311310>: Failed to resolve 'www.sec.gov' ([Errno 11001] getaddrinfo failed)")': /files/company_tickers_exchange.json
2024-10-27 20:25:35,479 - INFO - File saved successfully: Data/TickerCikData/TickerCIKs_20241027.parquet
2024-10-27 20:25:35,479 - INFO - Script completed
2024-10-28 20:25:35,103 - INFO - Script started
2024-10-28 20:25:35,103 - INFO - Immediate download requested
2024-10-28 20:25:35,145 - WARNING - Retrying (Retry(total=4, connect=None, read=None, redirect=None, status=None)) after connection broken by 'NameResolutionError("<urllib3.connection.HTTPSConnection object at 0x00000177CA871310>: Failed to resolve 'www.sec.gov' ([Errno 11001] getaddrinfo failed)")': /files/company_tickers_exchange.json
2024-10-28 20:25:35,379 - WARNING - Retrying (Retry(total=3, connect=None, read=None, redirect=None, status=None)) after connection broken by 'NameResolutionError("<urllib3.connection.HTTPSConnection object at 0x00000177CA88F070>: Failed to resolve 'www.sec.gov' ([Errno 11001] getaddrinfo failed)")': /files/company_tickers_exchange.json
2024-10-28 20:25:35,762 - INFO - File saved successfully: Data/TickerCikData/TickerCIKs_20241028.parquet
2024-10-28 20:25:35,762 - INFO - Script completed
