2024-10-21 21:49:14,104 - INFO - Starting the process...
2024-10-22 21:48:04,009 - INFO - Starting the process...
2024-10-23 21:48:08,673 - INFO - Starting the process...
2024-10-23 21:48:54,501 - ERROR - More than 1/3 of the data has a close price below 1. Skipping the data.
2024-10-23 21:48:54,501 - ERROR - Data quality check failed for Data/PriceData\AMRN.parquet.
2024-10-23 21:51:05,267 - ERROR - Signs of reverse stock splits detected or high initial prices: Start mean: 46.051428571428566, End mean: 2.2935714285714286
2024-10-23 21:51:05,267 - ERROR - Data quality check failed for Data/PriceData\LIQT.parquet.
2024-10-24 21:47:57,898 - INFO - Starting the process...
2024-10-24 21:49:45,802 - ERROR - More than 1/3 of the data has a close price below 1. Skipping the data.
2024-10-24 21:49:45,802 - ERROR - Data quality check failed for Data/PriceData\DFLI.parquet.
2024-10-24 21:51:33,180 - ERROR - Signs of reverse stock splits detected or high initial prices: Start mean: 13.300714285714283, End mean: 0.6575714285714287
2024-10-24 21:51:33,180 - ERROR - Data quality check failed for Data/PriceData\NWTN.parquet.
2024-10-27 21:48:45,544 - INFO - Starting the process...
2024-10-28 21:47:52,386 - INFO - Starting the process...
2024-10-28 21:51:32,554 - ERROR - Signs of reverse stock splits detected or high initial prices: Start mean: 6.794285714285714, End mean: 0.33942857142857147
2024-10-28 21:51:32,554 - ERROR - Data quality check failed for Data/PriceData\RGF.parquet.
2024-10-30 01:16:20,309 - INFO - Starting the process...
2024-10-30 21:47:59,837 - INFO - Starting the process...
2024-10-31 21:47:57,789 - INFO - Starting the process...
2024-10-31 21:48:57,519 - ERROR - More than 1/3 of the data has a close price below 1. Skipping the data.
2024-10-31 21:48:57,519 - ERROR - Data quality check failed for Data/PriceData\BHAT.parquet.
2024-11-01 21:47:56,632 - INFO - Starting the process...
2024-11-02 21:47:45,796 - INFO - Starting the process...
2024-11-04 21:55:16,168 - INFO - Starting the process...
2024-11-05 21:47:57,991 - INFO - Starting the process...
2024-11-05 21:48:45,603 - ERROR - Signs of reverse stock splits detected or high initial prices: Start mean: 13.844285714285716, End mean: 0.687857142857143
2024-11-05 21:48:45,603 - ERROR - Data quality check failed for Data/PriceData\AREN.parquet.
2024-11-05 21:49:32,790 - ERROR - Signs of reverse stock splits detected or high initial prices: Start mean: 26.32857142857143, End mean: 1.3142857142857143
2024-11-05 21:49:32,790 - ERROR - Data quality check failed for Data/PriceData\CTHR.parquet.
2024-11-06 21:48:12,921 - INFO - Starting the process...
2024-11-06 21:51:22,666 - ERROR - Signs of reverse stock splits detected or high initial prices: Start mean: 46.296428571428564, End mean: 2.2970714285714284
2024-11-06 21:51:22,666 - ERROR - Data quality check failed for Data/PriceData\MTNB.parquet.
2024-11-07 21:47:43,769 - INFO - Starting the process...
2024-11-07 21:52:16,013 - ERROR - Signs of reverse stock splits detected or high initial prices: Start mean: 11.546428571428574, End mean: 0.5663571428571429
2024-11-07 21:52:16,013 - ERROR - Data quality check failed for Data/PriceData\SXTC.parquet.
