2024-09-08 23:30:49,266 - INFO - Logging system initialized.
2024-09-08 23:30:49,266 - INFO - Loading the trained model.
2024-09-08 23:30:51,282 - INFO - Predictions saved to Data/RFpredictions
2024-09-09 11:50:40,641 - INFO - Logging system initialized.
2024-09-09 11:50:40,641 - INFO - Loading the trained model.
2024-09-09 11:55:33,354 - INFO - Predictions saved to Data/RFpredictions
2024-09-17 13:00:39,984 - INFO - Logging system initialized.
2024-09-17 13:00:39,984 - INFO - Preparing new training data.
2024-09-17 13:01:40,934 - INFO - Data preparation complete.
2024-09-17 13:01:40,934 - INFO - Training Random Forest model.
2024-09-17 13:18:20,437 - INFO - Accuracy: 0.5775090627931148
2024-09-17 13:18:20,437 - INFO - F1 Score: 0.5015130997111187
2024-09-17 13:18:20,437 - INFO - Precision: 0.7122460910989111
2024-09-17 13:18:20,437 - INFO - Recall: 0.5775090627931148
2024-09-17 13:18:20,631 - INFO - Model saved to Data/ModelData\random_forest_model.joblib
2024-09-17 13:18:20,658 - INFO - Feature importances saved to Data/ModelData/FeatureImportances/feature_importance.parquet
2024-09-17 13:18:49,379 - INFO - Logging system initialized.
2024-09-17 13:18:49,379 - INFO - Loading the trained model.
2024-09-17 13:23:33,168 - INFO - Predictions saved to Data/RFpredictions
2024-09-22 21:52:54,931 - INFO - Logging system initialized.
2024-09-22 21:52:54,931 - INFO - Loading the trained model.
2024-09-22 21:55:13,354 - INFO - Predictions saved to Data/RFpredictions
2024-09-24 21:43:36,318 - INFO - Logging system initialized.
2024-09-24 21:43:36,319 - INFO - Loading the trained model.
2024-09-24 21:45:55,812 - INFO - Predictions saved to Data/RFpredictions
2024-09-26 01:09:40,744 - INFO - Logging system initialized.
2024-09-26 01:09:40,744 - INFO - Loading the trained model.
2024-09-26 01:11:59,752 - INFO - Predictions saved to Data/RFpredictions
2024-09-26 23:43:35,132 - INFO - Logging system initialized.
2024-09-26 23:43:35,132 - INFO - Loading the trained model.
2024-09-26 23:45:58,466 - INFO - Predictions saved to Data/RFpredictions
2024-09-30 10:17:57,346 - INFO - Logging system initialized.
2024-09-30 10:17:57,347 - INFO - Loading the trained model.
2024-09-30 10:20:15,410 - INFO - Predictions saved to Data/RFpredictions
2024-09-30 23:38:50,612 - INFO - Logging system initialized.
2024-09-30 23:38:50,612 - INFO - Loading the trained model.
2024-09-30 23:41:24,836 - INFO - Predictions saved to Data/RFpredictions
2024-10-01 23:42:50,921 - INFO - Logging system initialized.
2024-10-01 23:42:50,931 - INFO - Loading the trained model.
2024-10-01 23:45:07,399 - INFO - Predictions saved to Data/RFpredictions
2024-10-03 02:20:20,745 - INFO - Logging system initialized.
2024-10-03 02:20:20,745 - INFO - Loading the trained model.
2024-10-03 02:25:59,087 - INFO - Predictions saved to Data/RFpredictions
2024-10-07 13:37:39,765 - INFO - Logging system initialized.
2024-10-07 13:37:39,766 - INFO - Loading the trained model.
2024-10-07 14:12:34,945 - INFO - Logging system initialized.
2024-10-07 14:12:34,945 - INFO - Loading the trained model.
2024-10-07 14:27:01,228 - INFO - Logging system initialized.
2024-10-07 14:27:01,228 - INFO - Loading the trained model.
2024-10-07 14:29:01,042 - INFO - Logging system initialized.
2024-10-07 14:29:01,042 - INFO - Loading the trained model.
2024-10-07 14:32:44,527 - INFO - Predictions saved to Data/RFpredictions
2024-10-08 01:49:32,098 - INFO - Logging system initialized.
2024-10-08 01:49:32,098 - INFO - Loading the trained model.
2024-10-08 01:53:05,501 - INFO - Predictions saved to Data/RFpredictions
2024-10-09 12:18:12,222 - INFO - Logging system initialized.
2024-10-09 12:18:12,222 - INFO - Loading the trained model.
2024-10-09 12:21:54,409 - INFO - Predictions saved to Data/RFpredictions
2024-10-10 02:29:26,083 - INFO - Logging system initialized.
2024-10-10 02:29:26,083 - INFO - Loading the trained model.
2024-10-10 02:33:05,156 - INFO - Predictions saved to Data/RFpredictions
2024-10-11 16:01:59,806 - INFO - Logging system initialized.
2024-10-11 16:01:59,806 - INFO - Loading the trained model.
2024-10-11 16:06:01,493 - INFO - Predictions saved to Data/RFpredictions
2024-10-12 20:41:31,524 - INFO - Logging system initialized.
2024-10-12 20:41:31,524 - INFO - Loading the trained model.
2024-10-12 20:45:05,421 - INFO - Predictions saved to Data/RFpredictions
2024-10-15 01:14:44,875 - INFO - Logging system initialized.
2024-10-15 01:14:44,875 - INFO - Loading the trained model.
2024-10-15 01:18:22,007 - INFO - Predictions saved to Data/RFpredictions
2024-10-15 20:30:23,570 - INFO - Logging system initialized.
2024-10-15 20:30:23,570 - INFO - Loading the trained model.
2024-10-15 20:30:26,158 - INFO - Predictions saved to Data/RFpredictions
2024-10-15 20:31:41,825 - INFO - Logging system initialized.
2024-10-15 20:31:41,825 - INFO - Loading the trained model.
2024-10-15 20:31:42,218 - INFO - Predictions saved to Data/RFpredictions
2024-10-15 20:56:01,497 - INFO - Logging system initialized.
2024-10-15 20:56:01,497 - INFO - Loading the trained model.
2024-10-15 20:56:01,960 - INFO - Predictions saved to Data/RFpredictions
2024-10-16 00:25:56,387 - INFO - Logging system initialized.
2024-10-16 00:25:56,387 - INFO - Loading the trained model.
2024-10-16 00:36:48,196 - INFO - Logging system initialized.
2024-10-16 00:36:48,196 - INFO - Loading the trained model.
2024-10-16 00:40:17,665 - INFO - Predictions saved to Data/RFpredictions
2024-10-16 20:25:18,106 - INFO - Logging system initialized.
2024-10-16 20:25:18,106 - INFO - Loading the trained model.
2024-10-16 20:25:18,912 - INFO - Predictions saved to Data/RFpredictions
2024-10-16 23:07:11,337 - INFO - Logging system initialized.
2024-10-16 23:07:11,337 - INFO - Loading the trained model.
2024-10-16 23:09:37,622 - INFO - Logging system initialized.
2024-10-16 23:09:37,623 - INFO - Loading the trained model.
2024-10-16 23:13:25,098 - INFO - Predictions saved to Data/RFpredictions
2024-10-17 21:57:29,423 - INFO - Logging system initialized.
2024-10-17 21:57:29,423 - INFO - Loading the trained model.
2024-10-17 22:01:06,704 - INFO - Predictions saved to Data/RFpredictions
2024-10-18 21:54:26,051 - INFO - Logging system initialized.
2024-10-18 21:54:26,052 - INFO - Loading the trained model.
2024-10-18 21:58:01,619 - INFO - Predictions saved to Data/RFpredictions
2024-10-21 21:54:45,564 - INFO - Logging system initialized.
2024-10-21 21:54:45,564 - INFO - Loading the trained model.
2024-10-21 21:58:11,777 - INFO - Predictions saved to Data/RFpredictions
2024-10-22 21:53:39,338 - INFO - Logging system initialized.
2024-10-22 21:53:39,339 - INFO - Loading the trained model.
2024-10-22 21:57:07,586 - INFO - Predictions saved to Data/RFpredictions
2024-10-23 21:53:40,934 - INFO - Logging system initialized.
2024-10-23 21:53:40,935 - INFO - Loading the trained model.
2024-10-23 21:57:08,769 - INFO - Predictions saved to Data/RFpredictions
2024-10-24 21:53:42,050 - INFO - Logging system initialized.
2024-10-24 21:53:42,050 - INFO - Loading the trained model.
2024-10-24 21:57:16,346 - INFO - Predictions saved to Data/RFpredictions
2024-10-27 21:54:26,438 - INFO - Logging system initialized.
2024-10-27 21:54:26,438 - INFO - Loading the trained model.
2024-10-27 21:57:59,916 - INFO - Predictions saved to Data/RFpredictions
2024-10-28 21:53:06,602 - INFO - Logging system initialized.
2024-10-28 21:53:06,602 - INFO - Loading the trained model.
2024-10-28 21:56:33,297 - INFO - Predictions saved to Data/RFpredictions
2024-10-30 01:21:44,241 - INFO - Logging system initialized.
2024-10-30 01:21:44,242 - INFO - Loading the trained model.
2024-10-30 01:25:16,848 - INFO - Predictions saved to Data/RFpredictions
2024-10-30 21:53:47,030 - INFO - Logging system initialized.
2024-10-30 21:53:47,030 - INFO - Loading the trained model.
2024-10-30 21:57:19,654 - INFO - Predictions saved to Data/RFpredictions
2024-10-31 21:53:23,097 - INFO - Logging system initialized.
2024-10-31 21:53:23,097 - INFO - Loading the trained model.
2024-10-31 21:56:51,187 - INFO - Predictions saved to Data/RFpredictions
2024-11-01 21:53:43,430 - INFO - Logging system initialized.
2024-11-01 21:53:43,430 - INFO - Loading the trained model.
2024-11-01 21:57:13,691 - INFO - Predictions saved to Data/RFpredictions
2024-11-02 21:53:21,542 - INFO - Logging system initialized.
2024-11-02 21:53:21,542 - INFO - Loading the trained model.
2024-11-02 21:56:48,121 - INFO - Predictions saved to Data/RFpredictions
2024-11-04 22:00:56,561 - INFO - Logging system initialized.
2024-11-04 22:00:56,561 - INFO - Loading the trained model.
2024-11-04 22:04:28,278 - INFO - Predictions saved to Data/RFpredictions
2024-11-05 21:53:34,295 - INFO - Logging system initialized.
2024-11-05 21:53:34,295 - INFO - Loading the trained model.
2024-11-05 21:57:07,500 - INFO - Predictions saved to Data/RFpredictions
2024-11-06 21:53:43,120 - INFO - Logging system initialized.
2024-11-06 21:53:43,120 - INFO - Loading the trained model.
2024-11-06 21:57:23,494 - INFO - Predictions saved to Data/RFpredictions
2024-11-07 21:53:27,300 - INFO - Logging system initialized.
2024-11-07 21:53:27,300 - INFO - Loading the trained model.
2024-11-07 21:57:00,950 - INFO - Predictions saved to Data/RFpredictions
2024-11-08 21:53:16,125 - INFO - Logging system initialized.
2024-11-08 21:53:16,125 - INFO - Loading the trained model.
2024-11-08 21:56:46,823 - INFO - Predictions saved to Data/RFpredictions
2024-11-09 21:53:15,693 - INFO - Logging system initialized.
2024-11-09 21:53:15,694 - INFO - Loading the trained model.
2024-11-09 21:56:49,223 - INFO - Predictions saved to Data/RFpredictions
2024-11-11 23:04:25,283 - INFO - Logging system initialized.
2024-11-11 23:04:25,283 - INFO - Loading the trained model.
2024-11-11 23:07:53,104 - INFO - Predictions saved to Data/RFpredictions
2024-11-12 21:53:04,492 - INFO - Logging system initialized.
2024-11-12 21:53:04,492 - INFO - Loading the trained model.
2024-11-12 21:56:37,965 - INFO - Predictions saved to Data/RFpredictions
2024-11-13 21:53:39,150 - INFO - Logging system initialized.
2024-11-13 21:53:39,150 - INFO - Loading the trained model.
2024-11-13 21:57:07,851 - INFO - Predictions saved to Data/RFpredictions
2024-11-14 21:53:10,164 - INFO - Logging system initialized.
2024-11-14 21:53:10,164 - INFO - Loading the trained model.
2024-11-14 21:56:34,375 - INFO - Predictions saved to Data/RFpredictions
2024-11-15 21:53:09,698 - INFO - Logging system initialized.
2024-11-15 21:53:09,698 - INFO - Loading the trained model.
2024-11-15 21:56:34,224 - INFO - Predictions saved to Data/RFpredictions
2024-11-16 21:53:42,254 - INFO - Logging system initialized.
2024-11-16 21:53:42,254 - INFO - Loading the trained model.
2024-11-16 21:57:16,819 - INFO - Predictions saved to Data/RFpredictions
2024-11-18 13:56:43,117 - INFO - Logging system initialized.
2024-11-18 13:56:43,117 - INFO - Preparing new training data.
2024-11-18 13:57:22,837 - INFO - Data preparation complete.
2024-11-18 13:57:22,838 - INFO - Training Random Forest model.
2024-11-18 14:00:56,834 - INFO - Accuracy: 0.5315362470557445
2024-11-18 14:00:56,834 - INFO - F1 Score: 0.3720587160256933
2024-11-18 14:00:56,834 - INFO - Precision: 0.7201612457584068
2024-11-18 14:00:56,834 - INFO - Recall: 0.5315362470557445
2024-11-18 14:00:56,953 - INFO - Model saved to Data/ModelData\random_forest_model.joblib
2024-11-18 14:00:56,974 - INFO - Feature importances saved to Data/ModelData/FeatureImportances/feature_importance.parquet
2024-11-18 14:01:39,567 - INFO - Logging system initialized.
2024-11-18 14:01:39,567 - INFO - Loading the trained model.
2024-11-18 14:05:04,600 - INFO - Predictions saved to Data/RFpredictions
2024-11-18 23:51:55,325 - INFO - Logging system initialized.
2024-11-18 23:51:55,325 - INFO - Loading the trained model.
2024-11-18 23:55:19,619 - INFO - Predictions saved to Data/RFpredictions
2024-11-20 03:11:50,736 - INFO - Logging system initialized.
2024-11-20 03:11:50,736 - INFO - Loading the trained model.
2024-11-20 03:15:14,461 - INFO - Predictions saved to Data/RFpredictions
2024-11-21 00:28:12,986 - INFO - Logging system initialized.
2024-11-21 00:28:12,986 - INFO - Loading the trained model.
2024-11-21 00:32:26,991 - INFO - Predictions saved to Data/RFpredictions
2024-11-24 23:16:40,756 - INFO - Logging system initialized.
2024-11-24 23:16:40,756 - INFO - Loading the trained model.
2024-11-24 23:20:06,273 - INFO - Predictions saved to Data/RFpredictions
2024-11-26 02:12:20,651 - INFO - Logging system initialized.
2024-11-26 02:12:20,651 - INFO - Loading the trained model.
2024-11-26 02:15:45,777 - INFO - Predictions saved to Data/RFpredictions
2024-11-27 00:01:17,945 - INFO - Logging system initialized.
2024-11-27 00:01:17,946 - INFO - Loading the trained model.
2024-11-27 00:04:47,753 - INFO - Predictions saved to Data/RFpredictions
2024-11-28 00:22:01,811 - INFO - Logging system initialized.
2024-11-28 00:22:01,811 - INFO - Loading the trained model.
2024-11-28 00:25:29,987 - INFO - Predictions saved to Data/RFpredictions
2024-11-28 13:49:58,004 - INFO - Logging system initialized.
2024-11-28 13:49:58,004 - INFO - Loading the trained model.
2024-11-28 13:50:49,705 - INFO - Predictions saved to Data/RFpredictions
2024-11-29 00:17:10,237 - INFO - Logging system initialized.
2024-11-29 00:17:10,237 - INFO - Loading the trained model.
2024-11-29 00:20:58,222 - INFO - Logging system initialized.
2024-11-29 00:20:58,223 - INFO - Loading the trained model.
2024-11-29 00:25:16,501 - INFO - Predictions saved to Data/RFpredictions
2024-11-29 22:36:14,359 - INFO - Logging system initialized.
2024-11-29 22:36:14,360 - INFO - Loading the trained model.
2024-11-29 22:40:59,181 - INFO - Predictions saved to Data/RFpredictions
2024-12-02 22:37:33,166 - INFO - Logging system initialized.
2024-12-02 22:37:33,167 - INFO - Loading the trained model.
2024-12-02 22:42:00,906 - INFO - Predictions saved to Data/RFpredictions
2024-12-03 22:35:49,683 - INFO - Logging system initialized.
2024-12-03 22:35:49,683 - INFO - Loading the trained model.
2024-12-03 22:40:16,853 - INFO - Predictions saved to Data/RFpredictions
2024-12-04 23:26:08,852 - INFO - Logging system initialized.
2024-12-04 23:26:08,853 - INFO - Loading the trained model.
2024-12-04 23:32:00,344 - INFO - Predictions saved to Data/RFpredictions
2024-12-05 23:17:38,373 - INFO - Logging system initialized.
2024-12-05 23:17:38,373 - INFO - Loading the trained model.
2024-12-05 23:22:12,549 - INFO - Predictions saved to Data/RFpredictions
2024-12-06 23:15:10,244 - INFO - Logging system initialized.
2024-12-06 23:15:10,244 - INFO - Loading the trained model.
2024-12-06 23:15:10,919 - INFO - Predictions saved to Data/RFpredictions
2024-12-06 23:15:31,189 - INFO - Logging system initialized.
2024-12-06 23:15:31,190 - INFO - Loading the trained model.
2024-12-06 23:15:31,338 - INFO - Predictions saved to Data/RFpredictions
2024-12-06 23:39:20,356 - INFO - Logging system initialized.
2024-12-06 23:39:20,356 - INFO - Loading the trained model.
2024-12-06 23:43:42,720 - INFO - Predictions saved to Data/RFpredictions
2024-12-07 22:28:04,156 - INFO - Logging system initialized.
2024-12-07 22:28:04,156 - INFO - Loading the trained model.
2024-12-07 22:32:53,310 - INFO - Predictions saved to Data/RFpredictions
2024-12-09 22:39:01,716 - INFO - Logging system initialized.
2024-12-09 22:39:01,716 - INFO - Loading the trained model.
2024-12-09 22:43:32,248 - INFO - Predictions saved to Data/RFpredictions
2024-12-10 22:57:16,467 - INFO - Logging system initialized.
2024-12-10 22:57:16,467 - INFO - Loading the trained model.
2024-12-10 23:03:10,449 - INFO - Predictions saved to Data/RFpredictions
2024-12-11 22:43:54,843 - INFO - Logging system initialized.
2024-12-11 22:43:54,844 - INFO - Loading the trained model.
2024-12-11 22:50:20,194 - INFO - Predictions saved to Data/RFpredictions
2024-12-12 22:48:42,559 - INFO - Logging system initialized.
2024-12-12 22:48:42,560 - INFO - Loading the trained model.
2024-12-12 22:54:28,458 - INFO - Predictions saved to Data/RFpredictions
2024-12-15 22:41:38,295 - INFO - Logging system initialized.
2024-12-15 22:41:38,295 - INFO - Loading the trained model.
2024-12-15 22:47:13,505 - INFO - Predictions saved to Data/RFpredictions
2024-12-16 22:50:13,625 - INFO - Logging system initialized.
2024-12-16 22:50:13,625 - INFO - Loading the trained model.
2024-12-16 22:54:36,349 - INFO - Predictions saved to Data/RFpredictions
2024-12-17 22:30:00,041 - INFO - Logging system initialized.
2024-12-17 22:30:00,041 - INFO - Loading the trained model.
2024-12-17 22:34:07,169 - INFO - Predictions saved to Data/RFpredictions
2024-12-18 22:27:09,454 - INFO - Logging system initialized.
2024-12-18 22:27:09,454 - INFO - Loading the trained model.
2024-12-18 22:31:31,717 - INFO - Predictions saved to Data/RFpredictions
2024-12-21 22:26:10,315 - INFO - Logging system initialized.
2024-12-21 22:26:10,315 - INFO - Loading the trained model.
2024-12-21 22:30:28,607 - INFO - Predictions saved to Data/RFpredictions
2024-12-23 22:28:55,331 - INFO - Logging system initialized.
2024-12-23 22:28:55,331 - INFO - Loading the trained model.
2024-12-23 22:33:12,776 - INFO - Predictions saved to Data/RFpredictions
2024-12-24 22:27:07,225 - INFO - Logging system initialized.
2024-12-24 22:27:07,226 - INFO - Loading the trained model.
2024-12-24 22:30:59,362 - INFO - Predictions saved to Data/RFpredictions
