**********************
Windows PowerShell transcript start
Start time: 20241002220541
Username: DESKTOP-UQ8O8Q7\Masam
RunAs User: DESKTOP-UQ8O8Q7\Masam
Configuration Name: 
Machine: DESKTOP-UQ8O8Q7 (Microsoft Windows NT 10.0.22631.0)
Host Application: C:\Windows\System32\WindowsPowerShell\v1.0\powershell.exe -file  C:\Users\Masam\Desktop\Stock-Market-LSTM\run_all_scripts.ps1 
Process ID: 31752
PSVersion: 5.1.22621.4111
PSEdition: Desktop
PSCompatibleVersions: 1.0, 2.0, 3.0, 4.0, 5.0, 5.1.22621.4111
BuildVersion: 10.0.22621.4111
CLRVersion: 4.0.30319.42000
WSManStackVersion: 3.0
PSRemotingProtocolVersion: 2.3
SerializationVersion: 1.1.0.1
**********************
Transcript started, output file is C:\Users\Masam\Desktop\Stock-Market-LSTM\Data\logging\__run_all_scripts.log
Starting the stock market data download and processing sequence...
Running Ticker Downloader...
Ticker Downloader completed successfully.
Time elapsed: 1.01 seconds.
----------------------------------------
Running Bulk Price Downloader...
Error running Bulk Price Downloader. Exit code: 1
Output:
Traceback (most recent call last):   File "C:\Users\Masam\Desktop\Stock-Market-LSTM\2__BulkPriceDownloader.py", line 248, in <module>     setup_logging()   File "C:\Users\Masam\Desktop\Stock-Market-LSTM\2__BulkPriceDownloader.py", line 35, in setup_logging     logging.basicConfig(   File "C:\Users\Masam\miniconda3\envs\tf\lib\logging\__init__.py", line 2003, in basicConfig     h = FileHandler(filename, mode,   File "C:\Users\Masam\miniconda3\envs\tf\lib\logging\__init__.py", line 1146, in __init__     StreamHandler.__init__(self, self._open())   File "C:\Users\Masam\miniconda3\envs\tf\lib\logging\__init__.py", line 1175, in _open     return open(self.baseFilename, self.mode, encoding=self.encoding, OSError: [Errno 22] Invalid argument: 'C:\\Users\\Masam\\Desktop\\Stock-Market-LSTM\\Data\\logging\x02__BulkPriceDownloader.log'
----------------------------------------
Running Indicators Script...
**********************
Windows PowerShell transcript start
Start time: 20241002220820
Username: DESKTOP-UQ8O8Q7\Masam
RunAs User: DESKTOP-UQ8O8Q7\Masam
Configuration Name: 
Machine: DESKTOP-UQ8O8Q7 (Microsoft Windows NT 10.0.22631.0)
Host Application: C:\Windows\System32\WindowsPowerShell\v1.0\powershell.exe -file  C:\Users\Masam\Desktop\Stock-Market-LSTM\run_all_scripts.ps1 
Process ID: 29384
PSVersion: 5.1.22621.4111
PSEdition: Desktop
PSCompatibleVersions: 1.0, 2.0, 3.0, 4.0, 5.0, 5.1.22621.4111
BuildVersion: 10.0.22621.4111
CLRVersion: 4.0.30319.42000
WSManStackVersion: 3.0
PSRemotingProtocolVersion: 2.3
SerializationVersion: 1.1.0.1
**********************
Transcript started, output file is C:\Users\Masam\Desktop\Stock-Market-LSTM\Data\logging\__run_all_scripts.log
Starting the stock market data download and processing sequence...
Running Ticker Downloader...
Ticker Downloader completed successfully.
Time elapsed: 0.66 seconds.
----------------------------------------
Running Bulk Price Downloader...
Bulk Price Downloader completed successfully.
Time elapsed: 8362.05 seconds.
----------------------------------------
Running Indicators Script...
